#
# There is insufficient memory for the Java Runtime Environment to continue.
# Native memory allocation (mmap) failed to map 308281344 bytes. Error detail: G1 virtual space
# Possible reasons:
#   The system is out of physical RAM or swap space
#   This process is running with CompressedOops enabled, and the Java Heap may be blocking the growth of the native heap
# Possible solutions:
#   Reduce memory load on the system
#   Increase physical memory or swap space
#   Check if swap backing store is full
#   Decrease Java heap size (-Xmx/-Xms)
#   Decrease number of Java threads
#   Decrease Java thread stack sizes (-Xss)
#   Set larger code cache with -XX:ReservedCodeCacheSize=
#   JVM is running with Unscaled Compressed Oops mode in which the Java heap is
#     placed in the first 4GB address space. The Java Heap base address is the
#     maximum limit for the native heap growth. Please use -XX:HeapBaseMinAddress
#     to set the Java Heap base and to place the Java Heap above 4GB virtual address.
# This output file may be truncated or incomplete.
#
#  Out of Memory Error (os_windows.cpp:3815), pid=45292, tid=11592
#
# JRE version: OpenJDK Runtime Environment JBR-21.0.3+13-509.11-jcef (21.0.3+13) (build 21.0.3+13-b509.11)
# Java VM: OpenJDK 64-Bit Server VM JBR-21.0.3+13-509.11-jcef (21.0.3+13-b509.11, mixed mode, tiered, compressed oops, compressed class ptrs, g1 gc, windows-amd64)
# No core dump will be written. Minidumps are not enabled by default on client versions of Windows
#

---------------  S U M M A R Y ------------

Command Line: -Djava.rmi.server.hostname=127.0.0.1 -Duser.timezone=UTC -Xmx2048m -Xms128m -Djdbc.classpath=C:\Users\ADMIN\IntelliJ IDEA 2024.2.1\plugins\DatabaseTools\lib\jdbc-console.jar;C:\Users\ADMIN\AppData\Roaming\JetBrains\IntelliJIdea2024.2\jdbc-drivers\MongoDB\1.20\mongo-jdbc-standalone-1.20.jar --add-exports=java.desktop/sun.awt=ALL-UNNAMED --add-exports=java.desktop/java.awt.peer=ALL-UNNAMED --add-opens=java.desktop/java.awt=ALL-UNNAMED --add-opens=jdk.unsupported/sun.misc=ALL-UNNAMED --add-opens=java.base/java.nio=ALL-UNNAMED --add-opens=java.base/java.util=ALL-UNNAMED -Dfile.encoding=UTF-8 -Dsun.stdout.encoding=UTF-8 -Dsun.stderr.encoding=UTF-8 com.intellij.database.remote.RemoteJdbcServer com.dbschema.MongoJdbcDriver

Host: 13th Gen Intel(R) Core(TM) i7-1360P, 16 cores, 15G,  Windows 11 , 64 bit Build 26100 (10.0.26100.7309)
Time: Sun Dec 21 13:50:00 2025 SE Asia Standard Time elapsed time: 5.524268 seconds (0d 0h 0m 5s)

---------------  T H R E A D  ---------------

Current thread (0x00000207baa8e4e0):  VMThread "VM Thread"          [id=11592, stack(0x000000dc45700000,0x000000dc45800000) (1024K)]

Stack: [0x000000dc45700000,0x000000dc45800000]
Native frames: (J=compiled Java code, j=interpreted, Vv=VM code, C=native code)
V  [jvm.dll+0x6e02f9]
V  [jvm.dll+0x8bd383]
V  [jvm.dll+0x8bf8de]
V  [jvm.dll+0x8bffc3]
V  [jvm.dll+0x2879c6]
V  [jvm.dll+0x6dcac5]
V  [jvm.dll+0x6d0f9a]
V  [jvm.dll+0x35f9bb]
V  [jvm.dll+0x367566]
V  [jvm.dll+0x3b8b56]
V  [jvm.dll+0x3b8e28]
V  [jvm.dll+0x33217c]
V  [jvm.dll+0x332207]
V  [jvm.dll+0x37808c]
V  [jvm.dll+0x37681e]
V  [jvm.dll+0x331881]
V  [jvm.dll+0x375f30]
V  [jvm.dll+0x8c5928]
V  [jvm.dll+0x8c6a24]
V  [jvm.dll+0x8c6f60]
V  [jvm.dll+0x8c71f3]
V  [jvm.dll+0x865338]
V  [jvm.dll+0x6deb3d]
C  [ucrtbase.dll+0x37b0]
C  [KERNEL32.DLL+0x2e8d7]
C  [ntdll.dll+0x8c53c]

VM_Operation (0x000000dc470f9980): G1CollectForAllocation, mode: safepoint, requested by thread 0x00000207da1ac5d0


---------------  P R O C E S S  ---------------

Threads class SMR info:
_java_thread_list=0x00000207dc457de0, length=44, elements={
0x00000207baab52e0, 0x00000207da0c2fa0, 0x00000207da0c8590, 0x00000207da0a2f00,
0x00000207da0a4970, 0x00000207da0c9b60, 0x00000207da0adbb0, 0x00000207da0b1560,
0x00000207da0b2780, 0x00000207da0d8cc0, 0x00000207da1ad2f0, 0x00000207da1ad980,
0x00000207da37a860, 0x00000207da9558d0, 0x00000207da955f80, 0x00000207da1abf40,
0x00000207da1ac5d0, 0x00000207da1ae6a0, 0x00000207da1ae010, 0x00000207da1acc60,
0x00000207da1aed30, 0x00000207da1af3c0, 0x00000207daf70ea0, 0x00000207daf728e0,
0x00000207daf71530, 0x00000207daf70180, 0x00000207daf72f70, 0x00000207daf6faf0,
0x00000207daf73600, 0x00000207daf70810, 0x00000207daf75040, 0x00000207daf71bc0,
0x00000207daf74320, 0x00000207daf749b0, 0x00000207daf756d0, 0x00000207daf72250,
0x00000207daf75d60, 0x00000207db44bbf0, 0x00000207dc3d7720, 0x00000207daf763f0,
0x00000207daf76a80, 0x00000207daf77110, 0x00000207dd0c65e0, 0x00000207dd011920
}

Java Threads: ( => current thread )
  0x00000207baab52e0 JavaThread "main"                              [_thread_blocked, id=37512, stack(0x000000dc45000000,0x000000dc45100000) (1024K)]
  0x00000207da0c2fa0 JavaThread "Reference Handler"          daemon [_thread_blocked, id=48616, stack(0x000000dc45800000,0x000000dc45900000) (1024K)]
  0x00000207da0c8590 JavaThread "Finalizer"                  daemon [_thread_blocked, id=37904, stack(0x000000dc45900000,0x000000dc45a00000) (1024K)]
  0x00000207da0a2f00 JavaThread "Signal Dispatcher"          daemon [_thread_blocked, id=36348, stack(0x000000dc45a00000,0x000000dc45b00000) (1024K)]
  0x00000207da0a4970 JavaThread "Attach Listener"            daemon [_thread_blocked, id=4344, stack(0x000000dc45b00000,0x000000dc45c00000) (1024K)]
  0x00000207da0c9b60 JavaThread "Service Thread"             daemon [_thread_blocked, id=32348, stack(0x000000dc45c00000,0x000000dc45d00000) (1024K)]
  0x00000207da0adbb0 JavaThread "Monitor Deflation Thread"   daemon [_thread_blocked, id=38580, stack(0x000000dc45d00000,0x000000dc45e00000) (1024K)]
  0x00000207da0b1560 JavaThread "C2 CompilerThread0"         daemon [_thread_blocked, id=30928, stack(0x000000dc45e00000,0x000000dc45f00000) (1024K)]
  0x00000207da0b2780 JavaThread "C1 CompilerThread0"         daemon [_thread_blocked, id=18164, stack(0x000000dc45f00000,0x000000dc46000000) (1024K)]
  0x00000207da0d8cc0 JavaThread "C1 CompilerThread1"         daemon [_thread_blocked, id=15104, stack(0x000000dc46000000,0x000000dc46100000) (1024K)]
  0x00000207da1ad2f0 JavaThread "Common-Cleaner"             daemon [_thread_blocked, id=46576, stack(0x000000dc46100000,0x000000dc46200000) (1024K)]
  0x00000207da1ad980 JavaThread "Notification Thread"        daemon [_thread_blocked, id=40104, stack(0x000000dc46200000,0x000000dc46300000) (1024K)]
  0x00000207da37a860 JavaThread "C2 CompilerThread1"         daemon [_thread_blocked, id=17360, stack(0x000000dc46300000,0x000000dc46400000) (1024K)]
  0x00000207da9558d0 JavaThread "C1 CompilerThread2"         daemon [_thread_blocked, id=36716, stack(0x000000dc46400000,0x000000dc46500000) (1024K)]
  0x00000207da955f80 JavaThread "C1 CompilerThread3"         daemon [_thread_blocked, id=12644, stack(0x000000dc46500000,0x000000dc46600000) (1024K)]
  0x00000207da1abf40 JavaThread "MongoShell ExecutorService" daemon [_thread_blocked, id=5804, stack(0x000000dc46f00000,0x000000dc47000000) (1024K)]
  0x00000207da1ac5d0 JavaThread "MongoShell ExecutorService" daemon [_thread_blocked, id=39512, stack(0x000000dc47000000,0x000000dc47100000) (1024K)]
  0x00000207da1ae6a0 JavaThread "RMI TCP Accept-44868"       daemon [_thread_in_native, id=11108, stack(0x000000dc47100000,0x000000dc47200000) (1024K)]
  0x00000207da1ae010 JavaThread "RMI TCP Accept-0"           daemon [_thread_in_native, id=42672, stack(0x000000dc47200000,0x000000dc47300000) (1024K)]
  0x00000207da1acc60 JavaThread "RMI Reaper"                        [_thread_blocked, id=36332, stack(0x000000dc47300000,0x000000dc47400000) (1024K)]
  0x00000207da1aed30 JavaThread "RMI GC Daemon"              daemon [_thread_blocked, id=31500, stack(0x000000dc47900000,0x000000dc47a00000) (1024K)]
  0x00000207da1af3c0 JavaThread "RMI TCP Connection(1)-127.0.0.1" daemon [_thread_in_native, id=37840, stack(0x000000dc47a00000,0x000000dc47b00000) (1024K)]
  0x00000207daf70ea0 JavaThread "RMI TCP Connection(2)-127.0.0.1" daemon [_thread_in_native, id=25636, stack(0x000000dc47b00000,0x000000dc47c00000) (1024K)]
  0x00000207daf728e0 JavaThread "RMI Scheduler(0)"           daemon [_thread_blocked, id=33992, stack(0x000000dc47c00000,0x000000dc47d00000) (1024K)]
  0x00000207daf71530 JavaThread "RMI TCP Connection(3)-127.0.0.1" daemon [_thread_blocked, id=43600, stack(0x000000dc47d00000,0x000000dc47e00000) (1024K)]
  0x00000207daf70180 JavaThread "RMI TCP Connection(4)-127.0.0.1" daemon [_thread_in_native, id=9840, stack(0x000000dc47e00000,0x000000dc47f00000) (1024K)]
  0x00000207daf72f70 JavaThread "RMI RenewClean-[127.0.0.1:61676]" daemon [_thread_blocked, id=36156, stack(0x000000dc47f00000,0x000000dc48000000) (1024K)]
  0x00000207daf6faf0 JavaThread "MongoShell ExecutorService" daemon [_thread_blocked, id=21576, stack(0x000000dc48000000,0x000000dc48100000) (1024K)]
  0x00000207daf73600 JavaThread "Jndi-Dns-address-change-listener" daemon [_thread_in_native, id=47976, stack(0x000000dc48100000,0x000000dc48200000) (1024K)]
  0x00000207daf70810 JavaThread "BufferPoolPruner-1-thread-1" daemon [_thread_blocked, id=32604, stack(0x000000dc48200000,0x000000dc48300000) (1024K)]
  0x00000207daf75040 JavaThread "cluster-ClusterId{value='6947989413804d2673462644', description='DataGrip'}-srv-cluster0.izdgthg.mongodb.net" daemon [_thread_blocked, id=4128, stack(0x000000dc48300000,0x000000dc48400000) (1024K)]
  0x00000207daf71bc0 JavaThread "cluster-ClusterId{value='6947989413804d2673462644', description='DataGrip'}-ac-g2g9xfy-shard-00-00.izdgthg.mongodb.net:27017" daemon [_thread_in_native, id=36188, stack(0x000000dc48400000,0x000000dc48500000) (1024K)]
  0x00000207daf74320 JavaThread "cluster-rtt-ClusterId{value='6947989413804d2673462644', description='DataGrip'}-ac-g2g9xfy-shard-00-00.izdgthg.mongodb.net:27017" daemon [_thread_blocked, id=40204, stack(0x000000dc48500000,0x000000dc48600000) (1024K)]
  0x00000207daf749b0 JavaThread "cluster-ClusterId{value='6947989413804d2673462644', description='DataGrip'}-ac-g2g9xfy-shard-00-02.izdgthg.mongodb.net:27017" daemon [_thread_in_native, id=18600, stack(0x000000dc48600000,0x000000dc48700000) (1024K)]
  0x00000207daf756d0 JavaThread "cluster-rtt-ClusterId{value='6947989413804d2673462644', description='DataGrip'}-ac-g2g9xfy-shard-00-02.izdgthg.mongodb.net:27017" daemon [_thread_blocked, id=14688, stack(0x000000dc48700000,0x000000dc48800000) (1024K)]
  0x00000207daf72250 JavaThread "cluster-ClusterId{value='6947989413804d2673462644', description='DataGrip'}-ac-g2g9xfy-shard-00-01.izdgthg.mongodb.net:27017" daemon [_thread_in_native, id=16424, stack(0x000000dc48800000,0x000000dc48900000) (1024K)]
  0x00000207daf75d60 JavaThread "cluster-rtt-ClusterId{value='6947989413804d2673462644', description='DataGrip'}-ac-g2g9xfy-shard-00-01.izdgthg.mongodb.net:27017" daemon [_thread_blocked, id=42728, stack(0x000000dc48900000,0x000000dc48a00000) (1024K)]
  0x00000207db44bbf0 JavaThread "C2 CompilerThread2"         daemon [_thread_blocked, id=45448, stack(0x000000dc48a00000,0x000000dc48b00000) (1024K)]
  0x00000207dc3d7720 JavaThread "C2 CompilerThread3"         daemon [_thread_blocked, id=44800, stack(0x000000dc48c00000,0x000000dc48d00000) (1024K)]
  0x00000207daf763f0 JavaThread "MaintenanceTimer-3-thread-1" daemon [_thread_blocked, id=43444, stack(0x000000dc48d00000,0x000000dc48e00000) (1024K)]
  0x00000207daf76a80 JavaThread "MaintenanceTimer-2-thread-1" daemon [_thread_blocked, id=42756, stack(0x000000dc48e00000,0x000000dc48f00000) (1024K)]
  0x00000207daf77110 JavaThread "MaintenanceTimer-4-thread-1" daemon [_thread_blocked, id=35032, stack(0x000000dc48f00000,0x000000dc49000000) (1024K)]
  0x00000207dd0c65e0 JavaThread "C2 CompilerThread4"         daemon [_thread_blocked, id=47916, stack(0x000000dc49000000,0x000000dc49100000) (1024K)]
  0x00000207dd011920 JavaThread "C2 CompilerThread5"         daemon [_thread_blocked, id=33500, stack(0x000000dc49100000,0x000000dc49200000) (1024K)]
Total: 44

Other Threads:
=>0x00000207baa8e4e0 VMThread "VM Thread"                           [id=11592, stack(0x000000dc45700000,0x000000dc45800000) (1024K)]
  0x00000207d5cf6be0 WatcherThread "VM Periodic Task Thread"        [id=21580, stack(0x000000dc45600000,0x000000dc45700000) (1024K)]
  0x00000207baa8f700 WorkerThread "GC Thread#0"                     [id=35556, stack(0x000000dc45100000,0x000000dc45200000) (1024K)]
  0x00000207baa8ec20 WorkerThread "GC Thread#1"                     [id=34320, stack(0x000000dc46600000,0x000000dc46700000) (1024K)]
  0x00000207baa8f360 WorkerThread "GC Thread#2"                     [id=50108, stack(0x000000dc46700000,0x000000dc46800000) (1024K)]
  0x00000207dabc9f30 WorkerThread "GC Thread#3"                     [id=35136, stack(0x000000dc46800000,0x000000dc46900000) (1024K)]
  0x00000207dabca670 WorkerThread "GC Thread#4"                     [id=16256, stack(0x000000dc46900000,0x000000dc46a00000) (1024K)]
  0x00000207dabc97f0 WorkerThread "GC Thread#5"                     [id=8672, stack(0x000000dc46a00000,0x000000dc46b00000) (1024K)]
  0x00000207dabcaa10 WorkerThread "GC Thread#6"                     [id=38072, stack(0x000000dc46b00000,0x000000dc46c00000) (1024K)]
  0x00000207dabc8d10 WorkerThread "GC Thread#7"                     [id=7584, stack(0x000000dc46c00000,0x000000dc46d00000) (1024K)]
  0x00000207dabca2d0 WorkerThread "GC Thread#8"                     [id=34032, stack(0x000000dc46d00000,0x000000dc46e00000) (1024K)]
  0x00000207dabcb4f0 WorkerThread "GC Thread#9"                     [id=44976, stack(0x000000dc46e00000,0x000000dc46f00000) (1024K)]
  0x00000207dabc9450 WorkerThread "GC Thread#10"                    [id=15592, stack(0x000000dc47400000,0x000000dc47500000) (1024K)]
  0x00000207dabc85d0 WorkerThread "GC Thread#11"                    [id=48392, stack(0x000000dc47500000,0x000000dc47600000) (1024K)]
  0x00000207dabcadb0 WorkerThread "GC Thread#12"                    [id=46928, stack(0x000000dc47600000,0x000000dc47700000) (1024K)]
  0x00000207bce46150 ConcurrentGCThread "G1 Main Marker"            [id=15944, stack(0x000000dc45200000,0x000000dc45300000) (1024K)]
  0x00000207baa8efc0 WorkerThread "G1 Conc#0"                       [id=15804, stack(0x000000dc45300000,0x000000dc45400000) (1024K)]
  0x00000207dabcb150 WorkerThread "G1 Conc#1"                       [id=21452, stack(0x000000dc47700000,0x000000dc47800000) (1024K)]
  0x00000207dabcb890 WorkerThread "G1 Conc#2"                       [id=40816, stack(0x000000dc47800000,0x000000dc47900000) (1024K)]
  0x00000207d5bbab90 ConcurrentGCThread "G1 Refine#0"               [id=35228, stack(0x000000dc45400000,0x000000dc45500000) (1024K)]
  0x00000207d5bbb4b0 ConcurrentGCThread "G1 Service"                [id=36236, stack(0x000000dc45500000,0x000000dc45600000) (1024K)]
Total: 21

Threads with active compile tasks:
C2 CompilerThread0     5537 6194       4       com.oracle.js.parser.ir.AccessNode::accept (6 bytes)
C2 CompilerThread1     5537 6165       4       com.oracle.truffle.js.nodes.control.AbstractBlockNode::filterStatements (386 bytes)
C1 CompilerThread3     5537 6213       3       com.oracle.truffle.js.nodes.NodeFactory::createBinary (328 bytes)
C2 CompilerThread2     5537 6195       4       com.oracle.truffle.js.parser.GraalJSTranslator::enterAccessNode (39 bytes)
C2 CompilerThread3     5537 6149       4       com.oracle.truffle.js.parser.env.Environment$FrameSlotVarRef::createWriteNode (24 bytes)
C2 CompilerThread4     5537 6124       4       com.oracle.truffle.js.nodes.JSFrameDescriptor::addFrameSlot (178 bytes)
C2 CompilerThread5     5537 5822       4       com.oracle.truffle.js.parser.env.Environment::findVar (601 bytes)
Total: 7

VM state: at safepoint (normal execution)

VM Mutex/Monitor currently owned by a thread:  ([mutex/lock_event])
[0x00007fffd85c1758] Threads_lock - owner thread: 0x00000207baa8e4e0
[0x00007fffd85c1858] Heap_lock - owner thread: 0x00000207da1ac5d0

Heap address: 0x0000000080000000, size: 2048 MB, Compressed Oops mode: 32-bit

CDS archive(s) not mapped
Compressed class space mapped at: 0x0000000100000000-0x0000000140000000, reserved size: 1073741824
Narrow klass base: 0x0000000000000000, Narrow klass shift: 3, Narrow klass range: 0x140000000

GC Precious Log:
 CardTable entry size: 512
 Card Set container configuration: InlinePtr #cards 5 size 8 Array Of Cards #cards 12 size 40 Howl #buckets 4 coarsen threshold 1843 Howl Bitmap #cards 512 size 80 coarsen threshold 460 Card regions per heap region 1 cards per card region 2048
 CPUs: 16 total, 16 available
 Memory: 16003M
 Large Page Support: Disabled
 NUMA Support: Disabled
 Compressed Oops: Enabled (32-bit)
 Heap Region Size: 1M
 Heap Min Capacity: 128M
 Heap Initial Capacity: 128M
 Heap Max Capacity: 2G
 Pre-touch: Disabled
 Parallel Workers: 13
 Concurrent Workers: 3
 Concurrent Refinement Workers: 13
 Periodic GC: Disabled

Heap:
 garbage-first heap   total 301056K, used 215552K [0x0000000080000000, 0x0000000100000000)
  region size 1024K, 8 young (8192K), 8 survivors (8192K)
 Metaspace       used 51366K, committed 51712K, reserved 1114112K
  class space    used 5544K, committed 5696K, reserved 1048576K

Heap Regions: E=young(eden), S=young(survivor), O=old, HS=humongous(starts), HC=humongous(continues), CS=collection set, F=free, TAMS=top-at-mark-start, PB=parsable bottom
|   0|0x0000000080000000, 0x0000000080100000, 0x0000000080100000|100%|HS|  |TAMS 0x0000000080000000| PB 0x0000000080000000| Complete 
|   1|0x0000000080100000, 0x0000000080200000, 0x0000000080200000|100%|HC|  |TAMS 0x0000000080100000| PB 0x0000000080100000| Complete 
|   2|0x0000000080200000, 0x0000000080300000, 0x0000000080300000|100%|HS|  |TAMS 0x0000000080200000| PB 0x0000000080200000| Complete 
|   3|0x0000000080300000, 0x0000000080400000, 0x0000000080400000|100%|HS|  |TAMS 0x0000000080300000| PB 0x0000000080300000| Complete 
|   4|0x0000000080400000, 0x0000000080500000, 0x0000000080500000|100%|HS|  |TAMS 0x0000000080400000| PB 0x0000000080400000| Complete 
|   5|0x0000000080500000, 0x0000000080600000, 0x0000000080600000|100%|HC|  |TAMS 0x0000000080500000| PB 0x0000000080500000| Complete 
|   6|0x0000000080600000, 0x0000000080700000, 0x0000000080700000|100%| O|  |TAMS 0x0000000080600000| PB 0x0000000080600000| Untracked 
|   7|0x0000000080700000, 0x0000000080800000, 0x0000000080800000|100%| O|  |TAMS 0x0000000080700000| PB 0x0000000080700000| Untracked 
|   8|0x0000000080800000, 0x0000000080900000, 0x0000000080900000|100%| O|  |TAMS 0x0000000080800000| PB 0x0000000080800000| Untracked 
|   9|0x0000000080900000, 0x0000000080a00000, 0x0000000080a00000|100%| O|  |TAMS 0x0000000080900000| PB 0x0000000080900000| Untracked 
|  10|0x0000000080a00000, 0x0000000080b00000, 0x0000000080b00000|100%| O|  |TAMS 0x0000000080a00000| PB 0x0000000080a00000| Untracked 
|  11|0x0000000080b00000, 0x0000000080c00000, 0x0000000080c00000|100%| O|  |TAMS 0x0000000080b00000| PB 0x0000000080b00000| Untracked 
|  12|0x0000000080c00000, 0x0000000080d00000, 0x0000000080d00000|100%| O|  |TAMS 0x0000000080c00000| PB 0x0000000080c00000| Untracked 
|  13|0x0000000080d00000, 0x0000000080e00000, 0x0000000080e00000|100%| O|  |TAMS 0x0000000080d00000| PB 0x0000000080d00000| Untracked 
|  14|0x0000000080e00000, 0x0000000080f00000, 0x0000000080f00000|100%| O|  |TAMS 0x0000000080e00000| PB 0x0000000080e00000| Untracked 
|  15|0x0000000080f00000, 0x0000000081000000, 0x0000000081000000|100%| O|  |TAMS 0x0000000080f00000| PB 0x0000000080f00000| Untracked 
|  16|0x0000000081000000, 0x0000000081100000, 0x0000000081100000|100%| O|  |TAMS 0x0000000081000000| PB 0x0000000081000000| Untracked 
|  17|0x0000000081100000, 0x0000000081200000, 0x0000000081200000|100%| O|  |TAMS 0x0000000081100000| PB 0x0000000081100000| Untracked 
|  18|0x0000000081200000, 0x0000000081300000, 0x0000000081300000|100%| O|  |TAMS 0x0000000081200000| PB 0x0000000081200000| Untracked 
|  19|0x0000000081300000, 0x0000000081400000, 0x0000000081400000|100%|HS|  |TAMS 0x0000000081300000| PB 0x0000000081300000| Complete 
|  20|0x0000000081400000, 0x0000000081500000, 0x0000000081500000|100%|HC|  |TAMS 0x0000000081400000| PB 0x0000000081400000| Complete 
|  21|0x0000000081500000, 0x0000000081600000, 0x0000000081600000|100%|HC|  |TAMS 0x0000000081500000| PB 0x0000000081500000| Complete 
|  22|0x0000000081600000, 0x0000000081700000, 0x0000000081700000|100%|HC|  |TAMS 0x0000000081600000| PB 0x0000000081600000| Complete 
|  23|0x0000000081700000, 0x0000000081800000, 0x0000000081800000|100%| O|  |TAMS 0x0000000081700000| PB 0x0000000081700000| Untracked 
|  24|0x0000000081800000, 0x0000000081900000, 0x0000000081900000|100%| O|  |TAMS 0x0000000081800000| PB 0x0000000081800000| Untracked 
|  25|0x0000000081900000, 0x0000000081a00000, 0x0000000081a00000|100%| O|  |TAMS 0x0000000081900000| PB 0x0000000081900000| Untracked 
|  26|0x0000000081a00000, 0x0000000081b00000, 0x0000000081b00000|100%| O|  |TAMS 0x0000000081a00000| PB 0x0000000081a00000| Untracked 
|  27|0x0000000081b00000, 0x0000000081c00000, 0x0000000081c00000|100%| O|  |TAMS 0x0000000081b00000| PB 0x0000000081b00000| Untracked 
|  28|0x0000000081c00000, 0x0000000081d00000, 0x0000000081d00000|100%| O|  |TAMS 0x0000000081c00000| PB 0x0000000081c00000| Untracked 
|  29|0x0000000081d00000, 0x0000000081e00000, 0x0000000081e00000|100%| O|  |TAMS 0x0000000081d00000| PB 0x0000000081d00000| Untracked 
|  30|0x0000000081e00000, 0x0000000081f00000, 0x0000000081f00000|100%| O|  |TAMS 0x0000000081e00000| PB 0x0000000081e00000| Untracked 
|  31|0x0000000081f00000, 0x0000000082000000, 0x0000000082000000|100%| O|  |TAMS 0x0000000081f00000| PB 0x0000000081f00000| Untracked 
|  32|0x0000000082000000, 0x0000000082100000, 0x0000000082100000|100%| O|  |TAMS 0x0000000082000000| PB 0x0000000082000000| Untracked 
|  33|0x0000000082100000, 0x0000000082100000, 0x0000000082200000|  0%| F|  |TAMS 0x0000000082100000| PB 0x0000000082100000| Untracked 
|  34|0x0000000082200000, 0x0000000082300000, 0x0000000082300000|100%| O|  |TAMS 0x0000000082200000| PB 0x0000000082200000| Untracked 
|  35|0x0000000082300000, 0x0000000082400000, 0x0000000082400000|100%| O|  |TAMS 0x0000000082300000| PB 0x0000000082300000| Untracked 
|  36|0x0000000082400000, 0x0000000082500000, 0x0000000082500000|100%| O|  |TAMS 0x0000000082400000| PB 0x0000000082400000| Untracked 
|  37|0x0000000082500000, 0x0000000082600000, 0x0000000082600000|100%| O|  |TAMS 0x0000000082500000| PB 0x0000000082500000| Untracked 
|  38|0x0000000082600000, 0x0000000082700000, 0x0000000082700000|100%| O|  |TAMS 0x0000000082600000| PB 0x0000000082600000| Untracked 
|  39|0x0000000082700000, 0x0000000082800000, 0x0000000082800000|100%| O|  |TAMS 0x0000000082700000| PB 0x0000000082700000| Untracked 
|  40|0x0000000082800000, 0x0000000082900000, 0x0000000082900000|100%| O|  |TAMS 0x0000000082800000| PB 0x0000000082800000| Untracked 
|  41|0x0000000082900000, 0x0000000082a00000, 0x0000000082a00000|100%| O|  |TAMS 0x0000000082900000| PB 0x0000000082900000| Untracked 
|  42|0x0000000082a00000, 0x0000000082b00000, 0x0000000082b00000|100%| O|  |TAMS 0x0000000082a00000| PB 0x0000000082a00000| Untracked 
|  43|0x0000000082b00000, 0x0000000082c00000, 0x0000000082c00000|100%| O|  |TAMS 0x0000000082b00000| PB 0x0000000082b00000| Untracked 
|  44|0x0000000082c00000, 0x0000000082d00000, 0x0000000082d00000|100%| O|  |TAMS 0x0000000082c00000| PB 0x0000000082c00000| Untracked 
|  45|0x0000000082d00000, 0x0000000082e00000, 0x0000000082e00000|100%| O|  |TAMS 0x0000000082d00000| PB 0x0000000082d00000| Untracked 
|  46|0x0000000082e00000, 0x0000000082f00000, 0x0000000082f00000|100%| O|  |TAMS 0x0000000082e00000| PB 0x0000000082e00000| Untracked 
|  47|0x0000000082f00000, 0x0000000083000000, 0x0000000083000000|100%| O|  |TAMS 0x0000000082f00000| PB 0x0000000082f00000| Untracked 
|  48|0x0000000083000000, 0x0000000083100000, 0x0000000083100000|100%| O|  |TAMS 0x0000000083000000| PB 0x0000000083000000| Untracked 
|  49|0x0000000083100000, 0x0000000083200000, 0x0000000083200000|100%| O|  |TAMS 0x0000000083100000| PB 0x0000000083100000| Untracked 
|  50|0x0000000083200000, 0x0000000083300000, 0x0000000083300000|100%| O|  |TAMS 0x0000000083200000| PB 0x0000000083200000| Untracked 
|  51|0x0000000083300000, 0x0000000083400000, 0x0000000083400000|100%| O|  |TAMS 0x0000000083300000| PB 0x0000000083300000| Untracked 
|  52|0x0000000083400000, 0x0000000083500000, 0x0000000083500000|100%| O|  |TAMS 0x0000000083400000| PB 0x0000000083400000| Untracked 
|  53|0x0000000083500000, 0x0000000083600000, 0x0000000083600000|100%| O|  |TAMS 0x0000000083500000| PB 0x0000000083500000| Untracked 
|  54|0x0000000083600000, 0x0000000083700000, 0x0000000083700000|100%| O|  |TAMS 0x0000000083600000| PB 0x0000000083600000| Untracked 
|  55|0x0000000083700000, 0x0000000083800000, 0x0000000083800000|100%| O|  |TAMS 0x0000000083700000| PB 0x0000000083700000| Untracked 
|  56|0x0000000083800000, 0x0000000083900000, 0x0000000083900000|100%| O|  |TAMS 0x0000000083800000| PB 0x0000000083800000| Untracked 
|  57|0x0000000083900000, 0x0000000083a00000, 0x0000000083a00000|100%| O|  |TAMS 0x0000000083900000| PB 0x0000000083900000| Untracked 
|  58|0x0000000083a00000, 0x0000000083b00000, 0x0000000083b00000|100%| O|  |TAMS 0x0000000083a00000| PB 0x0000000083a00000| Untracked 
|  59|0x0000000083b00000, 0x0000000083c00000, 0x0000000083c00000|100%| O|  |TAMS 0x0000000083b00000| PB 0x0000000083b00000| Untracked 
|  60|0x0000000083c00000, 0x0000000083d00000, 0x0000000083d00000|100%| O|  |TAMS 0x0000000083c00000| PB 0x0000000083c00000| Untracked 
|  61|0x0000000083d00000, 0x0000000083e00000, 0x0000000083e00000|100%| O|  |TAMS 0x0000000083d00000| PB 0x0000000083d00000| Untracked 
|  62|0x0000000083e00000, 0x0000000083f00000, 0x0000000083f00000|100%| O|  |TAMS 0x0000000083e00000| PB 0x0000000083e00000| Untracked 
|  63|0x0000000083f00000, 0x0000000084000000, 0x0000000084000000|100%| O|  |TAMS 0x0000000083f00000| PB 0x0000000083f00000| Untracked 
|  64|0x0000000084000000, 0x0000000084100000, 0x0000000084100000|100%| O|  |TAMS 0x0000000084000000| PB 0x0000000084000000| Untracked 
|  65|0x0000000084100000, 0x0000000084200000, 0x0000000084200000|100%| O|  |TAMS 0x0000000084100000| PB 0x0000000084100000| Untracked 
|  66|0x0000000084200000, 0x0000000084300000, 0x0000000084300000|100%| O|  |TAMS 0x0000000084200000| PB 0x0000000084200000| Untracked 
|  67|0x0000000084300000, 0x0000000084400000, 0x0000000084400000|100%| O|  |TAMS 0x0000000084300000| PB 0x0000000084300000| Untracked 
|  68|0x0000000084400000, 0x0000000084500000, 0x0000000084500000|100%| O|  |TAMS 0x0000000084400000| PB 0x0000000084400000| Untracked 
|  69|0x0000000084500000, 0x0000000084600000, 0x0000000084600000|100%| O|  |TAMS 0x0000000084500000| PB 0x0000000084500000| Untracked 
|  70|0x0000000084600000, 0x0000000084700000, 0x0000000084700000|100%| O|  |TAMS 0x0000000084600000| PB 0x0000000084600000| Untracked 
|  71|0x0000000084700000, 0x0000000084800000, 0x0000000084800000|100%| O|  |TAMS 0x0000000084700000| PB 0x0000000084700000| Untracked 
|  72|0x0000000084800000, 0x0000000084900000, 0x0000000084900000|100%| O|  |TAMS 0x0000000084800000| PB 0x0000000084800000| Untracked 
|  73|0x0000000084900000, 0x0000000084a00000, 0x0000000084a00000|100%| O|  |TAMS 0x0000000084900000| PB 0x0000000084900000| Untracked 
|  74|0x0000000084a00000, 0x0000000084b00000, 0x0000000084b00000|100%| O|  |TAMS 0x0000000084a00000| PB 0x0000000084a00000| Untracked 
|  75|0x0000000084b00000, 0x0000000084c00000, 0x0000000084c00000|100%| O|  |TAMS 0x0000000084b00000| PB 0x0000000084b00000| Untracked 
|  76|0x0000000084c00000, 0x0000000084d00000, 0x0000000084d00000|100%| O|  |TAMS 0x0000000084c00000| PB 0x0000000084c00000| Untracked 
|  77|0x0000000084d00000, 0x0000000084e00000, 0x0000000084e00000|100%| O|  |TAMS 0x0000000084d00000| PB 0x0000000084d00000| Untracked 
|  78|0x0000000084e00000, 0x0000000084f00000, 0x0000000084f00000|100%| O|  |TAMS 0x0000000084e00000| PB 0x0000000084e00000| Untracked 
|  79|0x0000000084f00000, 0x0000000085000000, 0x0000000085000000|100%| O|  |TAMS 0x0000000084f00000| PB 0x0000000084f00000| Untracked 
|  80|0x0000000085000000, 0x0000000085100000, 0x0000000085100000|100%| O|  |TAMS 0x0000000085000000| PB 0x0000000085000000| Untracked 
|  81|0x0000000085100000, 0x0000000085200000, 0x0000000085200000|100%| O|  |TAMS 0x0000000085100000| PB 0x0000000085100000| Untracked 
|  82|0x0000000085200000, 0x0000000085300000, 0x0000000085300000|100%| O|  |TAMS 0x0000000085200000| PB 0x0000000085200000| Untracked 
|  83|0x0000000085300000, 0x0000000085400000, 0x0000000085400000|100%| O|  |TAMS 0x0000000085300000| PB 0x0000000085300000| Untracked 
|  84|0x0000000085400000, 0x0000000085500000, 0x0000000085500000|100%| O|  |TAMS 0x0000000085400000| PB 0x0000000085400000| Untracked 
|  85|0x0000000085500000, 0x0000000085600000, 0x0000000085600000|100%| O|  |TAMS 0x0000000085500000| PB 0x0000000085500000| Untracked 
|  86|0x0000000085600000, 0x0000000085700000, 0x0000000085700000|100%| O|  |TAMS 0x0000000085600000| PB 0x0000000085600000| Untracked 
|  87|0x0000000085700000, 0x0000000085800000, 0x0000000085800000|100%| O|  |TAMS 0x0000000085700000| PB 0x0000000085700000| Untracked 
|  88|0x0000000085800000, 0x0000000085900000, 0x0000000085900000|100%| O|  |TAMS 0x0000000085800000| PB 0x0000000085800000| Untracked 
|  89|0x0000000085900000, 0x0000000085a00000, 0x0000000085a00000|100%| O|  |TAMS 0x0000000085900000| PB 0x0000000085900000| Untracked 
|  90|0x0000000085a00000, 0x0000000085b00000, 0x0000000085b00000|100%| O|  |TAMS 0x0000000085a00000| PB 0x0000000085a00000| Untracked 
|  91|0x0000000085b00000, 0x0000000085c00000, 0x0000000085c00000|100%| O|  |TAMS 0x0000000085b00000| PB 0x0000000085b00000| Untracked 
|  92|0x0000000085c00000, 0x0000000085d00000, 0x0000000085d00000|100%| O|  |TAMS 0x0000000085c00000| PB 0x0000000085c00000| Untracked 
|  93|0x0000000085d00000, 0x0000000085e00000, 0x0000000085e00000|100%| O|  |TAMS 0x0000000085d00000| PB 0x0000000085d00000| Untracked 
|  94|0x0000000085e00000, 0x0000000085f00000, 0x0000000085f00000|100%| O|  |TAMS 0x0000000085e00000| PB 0x0000000085e00000| Untracked 
|  95|0x0000000085f00000, 0x0000000086000000, 0x0000000086000000|100%| O|  |TAMS 0x0000000085f00000| PB 0x0000000085f00000| Untracked 
|  96|0x0000000086000000, 0x0000000086100000, 0x0000000086100000|100%| O|  |TAMS 0x0000000086000000| PB 0x0000000086000000| Untracked 
|  97|0x0000000086100000, 0x0000000086200000, 0x0000000086200000|100%| O|  |TAMS 0x0000000086100000| PB 0x0000000086100000| Untracked 
|  98|0x0000000086200000, 0x0000000086300000, 0x0000000086300000|100%| O|  |TAMS 0x0000000086200000| PB 0x0000000086200000| Untracked 
|  99|0x0000000086300000, 0x0000000086400000, 0x0000000086400000|100%| O|  |TAMS 0x0000000086300000| PB 0x0000000086300000| Untracked 
| 100|0x0000000086400000, 0x0000000086500000, 0x0000000086500000|100%| O|  |TAMS 0x0000000086400000| PB 0x0000000086400000| Untracked 
| 101|0x0000000086500000, 0x0000000086600000, 0x0000000086600000|100%| O|  |TAMS 0x0000000086500000| PB 0x0000000086500000| Untracked 
| 102|0x0000000086600000, 0x0000000086700000, 0x0000000086700000|100%| O|  |TAMS 0x0000000086600000| PB 0x0000000086600000| Untracked 
| 103|0x0000000086700000, 0x0000000086800000, 0x0000000086800000|100%| O|  |TAMS 0x0000000086700000| PB 0x0000000086700000| Untracked 
| 104|0x0000000086800000, 0x0000000086900000, 0x0000000086900000|100%| O|  |TAMS 0x0000000086800000| PB 0x0000000086800000| Untracked 
| 105|0x0000000086900000, 0x0000000086a00000, 0x0000000086a00000|100%| O|  |TAMS 0x0000000086900000| PB 0x0000000086900000| Untracked 
| 106|0x0000000086a00000, 0x0000000086b00000, 0x0000000086b00000|100%| O|  |TAMS 0x0000000086a00000| PB 0x0000000086a00000| Untracked 
| 107|0x0000000086b00000, 0x0000000086c00000, 0x0000000086c00000|100%| O|  |TAMS 0x0000000086b00000| PB 0x0000000086b00000| Untracked 
| 108|0x0000000086c00000, 0x0000000086d00000, 0x0000000086d00000|100%| O|  |TAMS 0x0000000086c00000| PB 0x0000000086c00000| Untracked 
| 109|0x0000000086d00000, 0x0000000086e00000, 0x0000000086e00000|100%| O|  |TAMS 0x0000000086d00000| PB 0x0000000086d00000| Untracked 
| 110|0x0000000086e00000, 0x0000000086f00000, 0x0000000086f00000|100%| O|  |TAMS 0x0000000086e00000| PB 0x0000000086e00000| Untracked 
| 111|0x0000000086f00000, 0x0000000087000000, 0x0000000087000000|100%| O|  |TAMS 0x0000000086f00000| PB 0x0000000086f00000| Untracked 
| 112|0x0000000087000000, 0x0000000087100000, 0x0000000087100000|100%| O|  |TAMS 0x0000000087000000| PB 0x0000000087000000| Untracked 
| 113|0x0000000087100000, 0x0000000087200000, 0x0000000087200000|100%| O|  |TAMS 0x0000000087100000| PB 0x0000000087100000| Untracked 
| 114|0x0000000087200000, 0x0000000087300000, 0x0000000087300000|100%| O|  |TAMS 0x0000000087200000| PB 0x0000000087200000| Untracked 
| 115|0x0000000087300000, 0x0000000087400000, 0x0000000087400000|100%| O|  |TAMS 0x0000000087300000| PB 0x0000000087300000| Untracked 
| 116|0x0000000087400000, 0x0000000087500000, 0x0000000087500000|100%| O|  |TAMS 0x0000000087400000| PB 0x0000000087400000| Untracked 
| 117|0x0000000087500000, 0x0000000087600000, 0x0000000087600000|100%| O|  |TAMS 0x0000000087500000| PB 0x0000000087500000| Untracked 
| 118|0x0000000087600000, 0x0000000087700000, 0x0000000087700000|100%| O|  |TAMS 0x0000000087600000| PB 0x0000000087600000| Untracked 
| 119|0x0000000087700000, 0x0000000087800000, 0x0000000087800000|100%| O|  |TAMS 0x0000000087700000| PB 0x0000000087700000| Untracked 
| 120|0x0000000087800000, 0x0000000087900000, 0x0000000087900000|100%| O|  |TAMS 0x0000000087800000| PB 0x0000000087800000| Untracked 
| 121|0x0000000087900000, 0x0000000087a00000, 0x0000000087a00000|100%| O|  |TAMS 0x0000000087900000| PB 0x0000000087900000| Untracked 
| 122|0x0000000087a00000, 0x0000000087b00000, 0x0000000087b00000|100%| O|  |TAMS 0x0000000087a00000| PB 0x0000000087a00000| Untracked 
| 123|0x0000000087b00000, 0x0000000087c00000, 0x0000000087c00000|100%| O|  |TAMS 0x0000000087b00000| PB 0x0000000087b00000| Untracked 
| 124|0x0000000087c00000, 0x0000000087d00000, 0x0000000087d00000|100%| O|  |TAMS 0x0000000087c00000| PB 0x0000000087c00000| Untracked 
| 125|0x0000000087d00000, 0x0000000087e00000, 0x0000000087e00000|100%| O|  |TAMS 0x0000000087d00000| PB 0x0000000087d00000| Untracked 
| 126|0x0000000087e00000, 0x0000000087f00000, 0x0000000087f00000|100%| O|  |TAMS 0x0000000087e00000| PB 0x0000000087e00000| Untracked 
| 127|0x0000000087f00000, 0x0000000088000000, 0x0000000088000000|100%| O|  |TAMS 0x0000000087f00000| PB 0x0000000087f00000| Untracked 
| 128|0x0000000088000000, 0x0000000088100000, 0x0000000088100000|100%| O|  |TAMS 0x0000000088000000| PB 0x0000000088000000| Untracked 
| 129|0x0000000088100000, 0x0000000088200000, 0x0000000088200000|100%| O|  |TAMS 0x0000000088100000| PB 0x0000000088100000| Untracked 
| 130|0x0000000088200000, 0x0000000088300000, 0x0000000088300000|100%| O|  |TAMS 0x0000000088200000| PB 0x0000000088200000| Untracked 
| 131|0x0000000088300000, 0x0000000088400000, 0x0000000088400000|100%| O|  |TAMS 0x0000000088300000| PB 0x0000000088300000| Untracked 
| 132|0x0000000088400000, 0x0000000088500000, 0x0000000088500000|100%| O|  |TAMS 0x0000000088400000| PB 0x0000000088400000| Untracked 
| 133|0x0000000088500000, 0x0000000088600000, 0x0000000088600000|100%| O|  |TAMS 0x0000000088500000| PB 0x0000000088500000| Untracked 
| 134|0x0000000088600000, 0x0000000088700000, 0x0000000088700000|100%| O|  |TAMS 0x0000000088600000| PB 0x0000000088600000| Untracked 
| 135|0x0000000088700000, 0x0000000088800000, 0x0000000088800000|100%| O|  |TAMS 0x0000000088700000| PB 0x0000000088700000| Untracked 
| 136|0x0000000088800000, 0x0000000088900000, 0x0000000088900000|100%| O|  |TAMS 0x0000000088800000| PB 0x0000000088800000| Untracked 
| 137|0x0000000088900000, 0x0000000088a00000, 0x0000000088a00000|100%| O|  |TAMS 0x0000000088900000| PB 0x0000000088900000| Untracked 
| 138|0x0000000088a00000, 0x0000000088b00000, 0x0000000088b00000|100%| O|  |TAMS 0x0000000088a00000| PB 0x0000000088a00000| Untracked 
| 139|0x0000000088b00000, 0x0000000088c00000, 0x0000000088c00000|100%| O|  |TAMS 0x0000000088b00000| PB 0x0000000088b00000| Untracked 
| 140|0x0000000088c00000, 0x0000000088d00000, 0x0000000088d00000|100%| O|  |TAMS 0x0000000088c00000| PB 0x0000000088c00000| Untracked 
| 141|0x0000000088d00000, 0x0000000088e00000, 0x0000000088e00000|100%| O|  |TAMS 0x0000000088d00000| PB 0x0000000088d00000| Untracked 
| 142|0x0000000088e00000, 0x0000000088f00000, 0x0000000088f00000|100%| O|  |TAMS 0x0000000088e00000| PB 0x0000000088e00000| Untracked 
| 143|0x0000000088f00000, 0x0000000089000000, 0x0000000089000000|100%| O|  |TAMS 0x0000000088f00000| PB 0x0000000088f00000| Untracked 
| 144|0x0000000089000000, 0x0000000089100000, 0x0000000089100000|100%| O|  |TAMS 0x0000000089000000| PB 0x0000000089000000| Untracked 
| 145|0x0000000089100000, 0x0000000089200000, 0x0000000089200000|100%| O|  |TAMS 0x0000000089100000| PB 0x0000000089100000| Untracked 
| 146|0x0000000089200000, 0x0000000089300000, 0x0000000089300000|100%| O|  |TAMS 0x0000000089200000| PB 0x0000000089200000| Untracked 
| 147|0x0000000089300000, 0x0000000089400000, 0x0000000089400000|100%| O|  |TAMS 0x0000000089300000| PB 0x0000000089300000| Untracked 
| 148|0x0000000089400000, 0x0000000089500000, 0x0000000089500000|100%| O|  |TAMS 0x0000000089400000| PB 0x0000000089400000| Untracked 
| 149|0x0000000089500000, 0x0000000089600000, 0x0000000089600000|100%| O|  |TAMS 0x0000000089500000| PB 0x0000000089500000| Untracked 
| 150|0x0000000089600000, 0x0000000089700000, 0x0000000089700000|100%| O|  |TAMS 0x0000000089600000| PB 0x0000000089600000| Untracked 
| 151|0x0000000089700000, 0x0000000089800000, 0x0000000089800000|100%| O|  |TAMS 0x0000000089700000| PB 0x0000000089700000| Untracked 
| 152|0x0000000089800000, 0x0000000089900000, 0x0000000089900000|100%| O|  |TAMS 0x0000000089800000| PB 0x0000000089800000| Untracked 
| 153|0x0000000089900000, 0x0000000089a00000, 0x0000000089a00000|100%| O|  |TAMS 0x0000000089900000| PB 0x0000000089900000| Untracked 
| 154|0x0000000089a00000, 0x0000000089b00000, 0x0000000089b00000|100%| O|  |TAMS 0x0000000089a00000| PB 0x0000000089a00000| Untracked 
| 155|0x0000000089b00000, 0x0000000089c00000, 0x0000000089c00000|100%| O|  |TAMS 0x0000000089b00000| PB 0x0000000089b00000| Untracked 
| 156|0x0000000089c00000, 0x0000000089d00000, 0x0000000089d00000|100%| O|  |TAMS 0x0000000089c00000| PB 0x0000000089c00000| Untracked 
| 157|0x0000000089d00000, 0x0000000089e00000, 0x0000000089e00000|100%| O|  |TAMS 0x0000000089d00000| PB 0x0000000089d00000| Untracked 
| 158|0x0000000089e00000, 0x0000000089f00000, 0x0000000089f00000|100%| O|  |TAMS 0x0000000089e00000| PB 0x0000000089e00000| Untracked 
| 159|0x0000000089f00000, 0x000000008a000000, 0x000000008a000000|100%| O|  |TAMS 0x0000000089f00000| PB 0x0000000089f00000| Untracked 
| 160|0x000000008a000000, 0x000000008a100000, 0x000000008a100000|100%| O|  |TAMS 0x000000008a000000| PB 0x000000008a000000| Untracked 
| 161|0x000000008a100000, 0x000000008a200000, 0x000000008a200000|100%| O|  |TAMS 0x000000008a100000| PB 0x000000008a100000| Untracked 
| 162|0x000000008a200000, 0x000000008a300000, 0x000000008a300000|100%| O|  |TAMS 0x000000008a200000| PB 0x000000008a200000| Untracked 
| 163|0x000000008a300000, 0x000000008a400000, 0x000000008a400000|100%| O|  |TAMS 0x000000008a300000| PB 0x000000008a300000| Untracked 
| 164|0x000000008a400000, 0x000000008a500000, 0x000000008a500000|100%| O|  |TAMS 0x000000008a400000| PB 0x000000008a400000| Untracked 
| 165|0x000000008a500000, 0x000000008a600000, 0x000000008a600000|100%| O|  |TAMS 0x000000008a500000| PB 0x000000008a500000| Untracked 
| 166|0x000000008a600000, 0x000000008a700000, 0x000000008a700000|100%| O|  |TAMS 0x000000008a600000| PB 0x000000008a600000| Untracked 
| 167|0x000000008a700000, 0x000000008a800000, 0x000000008a800000|100%| O|  |TAMS 0x000000008a700000| PB 0x000000008a700000| Untracked 
| 168|0x000000008a800000, 0x000000008a900000, 0x000000008a900000|100%| O|  |TAMS 0x000000008a800000| PB 0x000000008a800000| Untracked 
| 169|0x000000008a900000, 0x000000008aa00000, 0x000000008aa00000|100%| O|  |TAMS 0x000000008a900000| PB 0x000000008a900000| Untracked 
| 170|0x000000008aa00000, 0x000000008ab00000, 0x000000008ab00000|100%| O|  |TAMS 0x000000008aa00000| PB 0x000000008aa00000| Untracked 
| 171|0x000000008ab00000, 0x000000008ac00000, 0x000000008ac00000|100%| O|  |TAMS 0x000000008ab00000| PB 0x000000008ab00000| Untracked 
| 172|0x000000008ac00000, 0x000000008ad00000, 0x000000008ad00000|100%| O|  |TAMS 0x000000008ac00000| PB 0x000000008ac00000| Untracked 
| 173|0x000000008ad00000, 0x000000008ae00000, 0x000000008ae00000|100%| O|  |TAMS 0x000000008ad00000| PB 0x000000008ad00000| Untracked 
| 174|0x000000008ae00000, 0x000000008af00000, 0x000000008af00000|100%| O|  |TAMS 0x000000008ae00000| PB 0x000000008ae00000| Untracked 
| 175|0x000000008af00000, 0x000000008b000000, 0x000000008b000000|100%| O|  |TAMS 0x000000008af00000| PB 0x000000008af00000| Untracked 
| 176|0x000000008b000000, 0x000000008b100000, 0x000000008b100000|100%| O|  |TAMS 0x000000008b000000| PB 0x000000008b000000| Untracked 
| 177|0x000000008b100000, 0x000000008b200000, 0x000000008b200000|100%| O|  |TAMS 0x000000008b100000| PB 0x000000008b100000| Untracked 
| 178|0x000000008b200000, 0x000000008b300000, 0x000000008b300000|100%| O|  |TAMS 0x000000008b200000| PB 0x000000008b200000| Untracked 
| 179|0x000000008b300000, 0x000000008b400000, 0x000000008b400000|100%| O|  |TAMS 0x000000008b300000| PB 0x000000008b300000| Untracked 
| 180|0x000000008b400000, 0x000000008b500000, 0x000000008b500000|100%| O|  |TAMS 0x000000008b400000| PB 0x000000008b400000| Untracked 
| 181|0x000000008b500000, 0x000000008b600000, 0x000000008b600000|100%| O|  |TAMS 0x000000008b500000| PB 0x000000008b500000| Untracked 
| 182|0x000000008b600000, 0x000000008b700000, 0x000000008b700000|100%| O|  |TAMS 0x000000008b600000| PB 0x000000008b600000| Untracked 
| 183|0x000000008b700000, 0x000000008b800000, 0x000000008b800000|100%| O|  |TAMS 0x000000008b700000| PB 0x000000008b700000| Untracked 
| 184|0x000000008b800000, 0x000000008b900000, 0x000000008b900000|100%| O|  |TAMS 0x000000008b800000| PB 0x000000008b800000| Untracked 
| 185|0x000000008b900000, 0x000000008ba00000, 0x000000008ba00000|100%| O|  |TAMS 0x000000008b900000| PB 0x000000008b900000| Untracked 
| 186|0x000000008ba00000, 0x000000008bb00000, 0x000000008bb00000|100%| O|  |TAMS 0x000000008ba00000| PB 0x000000008ba00000| Untracked 
| 187|0x000000008bb00000, 0x000000008bc00000, 0x000000008bc00000|100%| O|  |TAMS 0x000000008bb00000| PB 0x000000008bb00000| Untracked 
| 188|0x000000008bc00000, 0x000000008bd00000, 0x000000008bd00000|100%| O|  |TAMS 0x000000008bc00000| PB 0x000000008bc00000| Untracked 
| 189|0x000000008bd00000, 0x000000008be00000, 0x000000008be00000|100%| O|  |TAMS 0x000000008bd00000| PB 0x000000008bd00000| Untracked 
| 190|0x000000008be00000, 0x000000008bf00000, 0x000000008bf00000|100%| O|  |TAMS 0x000000008be00000| PB 0x000000008be00000| Untracked 
| 191|0x000000008bf00000, 0x000000008c000000, 0x000000008c000000|100%| O|  |TAMS 0x000000008bf00000| PB 0x000000008bf00000| Untracked 
| 192|0x000000008c000000, 0x000000008c100000, 0x000000008c100000|100%| O|  |TAMS 0x000000008c000000| PB 0x000000008c000000| Untracked 
| 193|0x000000008c100000, 0x000000008c200000, 0x000000008c200000|100%| O|  |TAMS 0x000000008c100000| PB 0x000000008c100000| Untracked 
| 194|0x000000008c200000, 0x000000008c300000, 0x000000008c300000|100%| O|  |TAMS 0x000000008c200000| PB 0x000000008c200000| Untracked 
| 195|0x000000008c300000, 0x000000008c400000, 0x000000008c400000|100%| O|  |TAMS 0x000000008c300000| PB 0x000000008c300000| Untracked 
| 196|0x000000008c400000, 0x000000008c500000, 0x000000008c500000|100%| O|  |TAMS 0x000000008c400000| PB 0x000000008c400000| Untracked 
| 197|0x000000008c500000, 0x000000008c600000, 0x000000008c600000|100%| O|  |TAMS 0x000000008c500000| PB 0x000000008c500000| Untracked 
| 198|0x000000008c600000, 0x000000008c700000, 0x000000008c700000|100%| O|  |TAMS 0x000000008c600000| PB 0x000000008c600000| Untracked 
| 199|0x000000008c700000, 0x000000008c800000, 0x000000008c800000|100%| O|  |TAMS 0x000000008c700000| PB 0x000000008c700000| Untracked 
| 200|0x000000008c800000, 0x000000008c900000, 0x000000008c900000|100%| O|  |TAMS 0x000000008c800000| PB 0x000000008c800000| Untracked 
| 201|0x000000008c900000, 0x000000008ca00000, 0x000000008ca00000|100%| O|  |TAMS 0x000000008c900000| PB 0x000000008c900000| Untracked 
| 202|0x000000008ca00000, 0x000000008cb00000, 0x000000008cb00000|100%| O|  |TAMS 0x000000008ca00000| PB 0x000000008ca00000| Untracked 
| 203|0x000000008cb00000, 0x000000008cb80000, 0x000000008cc00000| 50%| O|  |TAMS 0x000000008cb00000| PB 0x000000008cb00000| Untracked 
| 204|0x000000008cc00000, 0x000000008cc00000, 0x000000008cd00000|  0%| F|  |TAMS 0x000000008cc00000| PB 0x000000008cc00000| Untracked 
| 205|0x000000008cd00000, 0x000000008cd00000, 0x000000008ce00000|  0%| F|  |TAMS 0x000000008cd00000| PB 0x000000008cd00000| Untracked 
| 206|0x000000008ce00000, 0x000000008ce00000, 0x000000008cf00000|  0%| F|  |TAMS 0x000000008ce00000| PB 0x000000008ce00000| Untracked 
| 207|0x000000008cf00000, 0x000000008cf00000, 0x000000008d000000|  0%| F|  |TAMS 0x000000008cf00000| PB 0x000000008cf00000| Untracked 
| 208|0x000000008d000000, 0x000000008d000000, 0x000000008d100000|  0%| F|  |TAMS 0x000000008d000000| PB 0x000000008d000000| Untracked 
| 209|0x000000008d100000, 0x000000008d100000, 0x000000008d200000|  0%| F|  |TAMS 0x000000008d100000| PB 0x000000008d100000| Untracked 
| 210|0x000000008d200000, 0x000000008d200000, 0x000000008d300000|  0%| F|  |TAMS 0x000000008d200000| PB 0x000000008d200000| Untracked 
| 211|0x000000008d300000, 0x000000008d300000, 0x000000008d400000|  0%| F|  |TAMS 0x000000008d300000| PB 0x000000008d300000| Untracked 
| 212|0x000000008d400000, 0x000000008d400000, 0x000000008d500000|  0%| F|  |TAMS 0x000000008d400000| PB 0x000000008d400000| Untracked 
| 213|0x000000008d500000, 0x000000008d500000, 0x000000008d600000|  0%| F|  |TAMS 0x000000008d500000| PB 0x000000008d500000| Untracked 
| 214|0x000000008d600000, 0x000000008d600000, 0x000000008d700000|  0%| F|  |TAMS 0x000000008d600000| PB 0x000000008d600000| Untracked 
| 215|0x000000008d700000, 0x000000008d700000, 0x000000008d800000|  0%| F|  |TAMS 0x000000008d700000| PB 0x000000008d700000| Untracked 
| 216|0x000000008d800000, 0x000000008d800000, 0x000000008d900000|  0%| F|  |TAMS 0x000000008d800000| PB 0x000000008d800000| Untracked 
| 217|0x000000008d900000, 0x000000008d900000, 0x000000008da00000|  0%| F|  |TAMS 0x000000008d900000| PB 0x000000008d900000| Untracked 
| 218|0x000000008da00000, 0x000000008da00000, 0x000000008db00000|  0%| F|  |TAMS 0x000000008da00000| PB 0x000000008da00000| Untracked 
| 219|0x000000008db00000, 0x000000008db00000, 0x000000008dc00000|  0%| F|  |TAMS 0x000000008db00000| PB 0x000000008db00000| Untracked 
| 220|0x000000008dc00000, 0x000000008dc00000, 0x000000008dd00000|  0%| F|  |TAMS 0x000000008dc00000| PB 0x000000008dc00000| Untracked 
| 221|0x000000008dd00000, 0x000000008dd00000, 0x000000008de00000|  0%| F|  |TAMS 0x000000008dd00000| PB 0x000000008dd00000| Untracked 
| 222|0x000000008de00000, 0x000000008de00000, 0x000000008df00000|  0%| F|  |TAMS 0x000000008de00000| PB 0x000000008de00000| Untracked 
| 223|0x000000008df00000, 0x000000008df00000, 0x000000008e000000|  0%| F|  |TAMS 0x000000008df00000| PB 0x000000008df00000| Untracked 
| 224|0x000000008e000000, 0x000000008e000000, 0x000000008e100000|  0%| F|  |TAMS 0x000000008e000000| PB 0x000000008e000000| Untracked 
| 225|0x000000008e100000, 0x000000008e100000, 0x000000008e200000|  0%| F|  |TAMS 0x000000008e100000| PB 0x000000008e100000| Untracked 
| 226|0x000000008e200000, 0x000000008e200000, 0x000000008e300000|  0%| F|  |TAMS 0x000000008e200000| PB 0x000000008e200000| Untracked 
| 227|0x000000008e300000, 0x000000008e300000, 0x000000008e400000|  0%| F|  |TAMS 0x000000008e300000| PB 0x000000008e300000| Untracked 
| 228|0x000000008e400000, 0x000000008e400000, 0x000000008e500000|  0%| F|  |TAMS 0x000000008e400000| PB 0x000000008e400000| Untracked 
| 229|0x000000008e500000, 0x000000008e500000, 0x000000008e600000|  0%| F|  |TAMS 0x000000008e500000| PB 0x000000008e500000| Untracked 
| 230|0x000000008e600000, 0x000000008e600000, 0x000000008e700000|  0%| F|  |TAMS 0x000000008e600000| PB 0x000000008e600000| Untracked 
| 231|0x000000008e700000, 0x000000008e700000, 0x000000008e800000|  0%| F|  |TAMS 0x000000008e700000| PB 0x000000008e700000| Untracked 
| 232|0x000000008e800000, 0x000000008e800000, 0x000000008e900000|  0%| F|  |TAMS 0x000000008e800000| PB 0x000000008e800000| Untracked 
| 233|0x000000008e900000, 0x000000008e900000, 0x000000008ea00000|  0%| F|  |TAMS 0x000000008e900000| PB 0x000000008e900000| Untracked 
| 234|0x000000008ea00000, 0x000000008eb00000, 0x000000008eb00000|100%| S|CS|TAMS 0x000000008ea00000| PB 0x000000008ea00000| Complete 
| 235|0x000000008eb00000, 0x000000008ec00000, 0x000000008ec00000|100%| S|CS|TAMS 0x000000008eb00000| PB 0x000000008eb00000| Complete 
| 236|0x000000008ec00000, 0x000000008ed00000, 0x000000008ed00000|100%| S|CS|TAMS 0x000000008ec00000| PB 0x000000008ec00000| Complete 
| 237|0x000000008ed00000, 0x000000008ee00000, 0x000000008ee00000|100%| S|CS|TAMS 0x000000008ed00000| PB 0x000000008ed00000| Complete 
| 238|0x000000008ee00000, 0x000000008ef00000, 0x000000008ef00000|100%| S|CS|TAMS 0x000000008ee00000| PB 0x000000008ee00000| Complete 
| 239|0x000000008ef00000, 0x000000008f000000, 0x000000008f000000|100%| S|CS|TAMS 0x000000008ef00000| PB 0x000000008ef00000| Complete 
| 240|0x000000008f000000, 0x000000008f100000, 0x000000008f100000|100%| S|CS|TAMS 0x000000008f000000| PB 0x000000008f000000| Complete 
| 241|0x000000008f100000, 0x000000008f200000, 0x000000008f200000|100%| S|CS|TAMS 0x000000008f100000| PB 0x000000008f100000| Complete 
| 242|0x000000008f200000, 0x000000008f200000, 0x000000008f300000|  0%| F|  |TAMS 0x000000008f200000| PB 0x000000008f200000| Untracked 
| 243|0x000000008f300000, 0x000000008f300000, 0x000000008f400000|  0%| F|  |TAMS 0x000000008f300000| PB 0x000000008f300000| Untracked 
| 244|0x000000008f400000, 0x000000008f400000, 0x000000008f500000|  0%| F|  |TAMS 0x000000008f400000| PB 0x000000008f400000| Untracked 
| 245|0x000000008f500000, 0x000000008f500000, 0x000000008f600000|  0%| F|  |TAMS 0x000000008f500000| PB 0x000000008f500000| Untracked 
| 246|0x000000008f600000, 0x000000008f600000, 0x000000008f700000|  0%| F|  |TAMS 0x000000008f600000| PB 0x000000008f600000| Untracked 
| 247|0x000000008f700000, 0x000000008f700000, 0x000000008f800000|  0%| F|  |TAMS 0x000000008f700000| PB 0x000000008f700000| Untracked 
| 248|0x000000008f800000, 0x000000008f800000, 0x000000008f900000|  0%| F|  |TAMS 0x000000008f800000| PB 0x000000008f800000| Untracked 
| 249|0x000000008f900000, 0x000000008f900000, 0x000000008fa00000|  0%| F|  |TAMS 0x000000008f900000| PB 0x000000008f900000| Untracked 
| 250|0x000000008fa00000, 0x000000008fa00000, 0x000000008fb00000|  0%| F|  |TAMS 0x000000008fa00000| PB 0x000000008fa00000| Untracked 
| 251|0x000000008fb00000, 0x000000008fb00000, 0x000000008fc00000|  0%| F|  |TAMS 0x000000008fb00000| PB 0x000000008fb00000| Untracked 
| 252|0x000000008fc00000, 0x000000008fc00000, 0x000000008fd00000|  0%| F|  |TAMS 0x000000008fc00000| PB 0x000000008fc00000| Untracked 
| 253|0x000000008fd00000, 0x000000008fd00000, 0x000000008fe00000|  0%| F|  |TAMS 0x000000008fd00000| PB 0x000000008fd00000| Untracked 
| 254|0x000000008fe00000, 0x000000008fe00000, 0x000000008ff00000|  0%| F|  |TAMS 0x000000008fe00000| PB 0x000000008fe00000| Untracked 
| 255|0x000000008ff00000, 0x000000008ff00000, 0x0000000090000000|  0%| F|  |TAMS 0x000000008ff00000| PB 0x000000008ff00000| Untracked 
| 256|0x0000000090000000, 0x0000000090000000, 0x0000000090100000|  0%| F|  |TAMS 0x0000000090000000| PB 0x0000000090000000| Untracked 
| 257|0x0000000090100000, 0x0000000090100000, 0x0000000090200000|  0%| F|  |TAMS 0x0000000090100000| PB 0x0000000090100000| Untracked 
| 258|0x0000000090200000, 0x0000000090200000, 0x0000000090300000|  0%| F|  |TAMS 0x0000000090200000| PB 0x0000000090200000| Untracked 
| 259|0x0000000090300000, 0x0000000090300000, 0x0000000090400000|  0%| F|  |TAMS 0x0000000090300000| PB 0x0000000090300000| Untracked 
| 260|0x0000000090400000, 0x0000000090400000, 0x0000000090500000|  0%| F|  |TAMS 0x0000000090400000| PB 0x0000000090400000| Untracked 
| 261|0x0000000090500000, 0x0000000090500000, 0x0000000090600000|  0%| F|  |TAMS 0x0000000090500000| PB 0x0000000090500000| Untracked 
| 262|0x0000000090600000, 0x0000000090600000, 0x0000000090700000|  0%| F|  |TAMS 0x0000000090600000| PB 0x0000000090600000| Untracked 
| 263|0x0000000090700000, 0x0000000090700000, 0x0000000090800000|  0%| F|  |TAMS 0x0000000090700000| PB 0x0000000090700000| Untracked 
| 264|0x0000000090800000, 0x0000000090800000, 0x0000000090900000|  0%| F|  |TAMS 0x0000000090800000| PB 0x0000000090800000| Untracked 
| 265|0x0000000090900000, 0x0000000090900000, 0x0000000090a00000|  0%| F|  |TAMS 0x0000000090900000| PB 0x0000000090900000| Untracked 
| 266|0x0000000090a00000, 0x0000000090a00000, 0x0000000090b00000|  0%| F|  |TAMS 0x0000000090a00000| PB 0x0000000090a00000| Untracked 
| 267|0x0000000090b00000, 0x0000000090b00000, 0x0000000090c00000|  0%| F|  |TAMS 0x0000000090b00000| PB 0x0000000090b00000| Untracked 
| 268|0x0000000090c00000, 0x0000000090c00000, 0x0000000090d00000|  0%| F|  |TAMS 0x0000000090c00000| PB 0x0000000090c00000| Untracked 
| 269|0x0000000090d00000, 0x0000000090d00000, 0x0000000090e00000|  0%| F|  |TAMS 0x0000000090d00000| PB 0x0000000090d00000| Untracked 
| 270|0x0000000090e00000, 0x0000000090e00000, 0x0000000090f00000|  0%| F|  |TAMS 0x0000000090e00000| PB 0x0000000090e00000| Untracked 
| 271|0x0000000090f00000, 0x0000000090f00000, 0x0000000091000000|  0%| F|  |TAMS 0x0000000090f00000| PB 0x0000000090f00000| Untracked 
| 272|0x0000000091000000, 0x0000000091000000, 0x0000000091100000|  0%| F|  |TAMS 0x0000000091000000| PB 0x0000000091000000| Untracked 
| 273|0x0000000091100000, 0x0000000091100000, 0x0000000091200000|  0%| F|  |TAMS 0x0000000091100000| PB 0x0000000091100000| Untracked 
| 274|0x0000000091200000, 0x0000000091200000, 0x0000000091300000|  0%| F|  |TAMS 0x0000000091200000| PB 0x0000000091200000| Untracked 
| 275|0x0000000091300000, 0x0000000091300000, 0x0000000091400000|  0%| F|  |TAMS 0x0000000091300000| PB 0x0000000091300000| Untracked 
| 276|0x0000000091400000, 0x0000000091400000, 0x0000000091500000|  0%| F|  |TAMS 0x0000000091400000| PB 0x0000000091400000| Untracked 
| 277|0x0000000091500000, 0x0000000091500000, 0x0000000091600000|  0%| F|  |TAMS 0x0000000091500000| PB 0x0000000091500000| Untracked 
| 278|0x0000000091600000, 0x0000000091600000, 0x0000000091700000|  0%| F|  |TAMS 0x0000000091600000| PB 0x0000000091600000| Untracked 
| 279|0x0000000091700000, 0x0000000091700000, 0x0000000091800000|  0%| F|  |TAMS 0x0000000091700000| PB 0x0000000091700000| Untracked 
| 280|0x0000000091800000, 0x0000000091800000, 0x0000000091900000|  0%| F|  |TAMS 0x0000000091800000| PB 0x0000000091800000| Untracked 
| 281|0x0000000091900000, 0x0000000091900000, 0x0000000091a00000|  0%| F|  |TAMS 0x0000000091900000| PB 0x0000000091900000| Untracked 
| 282|0x0000000091a00000, 0x0000000091a00000, 0x0000000091b00000|  0%| F|  |TAMS 0x0000000091a00000| PB 0x0000000091a00000| Untracked 
| 283|0x0000000091b00000, 0x0000000091b00000, 0x0000000091c00000|  0%| F|  |TAMS 0x0000000091b00000| PB 0x0000000091b00000| Untracked 
| 284|0x0000000091c00000, 0x0000000091c00000, 0x0000000091d00000|  0%| F|  |TAMS 0x0000000091c00000| PB 0x0000000091c00000| Untracked 
| 285|0x0000000091d00000, 0x0000000091d00000, 0x0000000091e00000|  0%| F|  |TAMS 0x0000000091d00000| PB 0x0000000091d00000| Untracked 
| 286|0x0000000091e00000, 0x0000000091e00000, 0x0000000091f00000|  0%| F|  |TAMS 0x0000000091e00000| PB 0x0000000091e00000| Untracked 
| 287|0x0000000091f00000, 0x0000000091f00000, 0x0000000092000000|  0%| F|  |TAMS 0x0000000091f00000| PB 0x0000000091f00000| Untracked 
| 288|0x0000000092000000, 0x0000000092000000, 0x0000000092100000|  0%| F|  |TAMS 0x0000000092000000| PB 0x0000000092000000| Untracked 
| 289|0x0000000092100000, 0x0000000092100000, 0x0000000092200000|  0%| F|  |TAMS 0x0000000092100000| PB 0x0000000092100000| Untracked 
| 290|0x0000000092200000, 0x0000000092200000, 0x0000000092300000|  0%| F|  |TAMS 0x0000000092200000| PB 0x0000000092200000| Untracked 
| 291|0x0000000092300000, 0x0000000092300000, 0x0000000092400000|  0%| F|  |TAMS 0x0000000092300000| PB 0x0000000092300000| Untracked 
| 292|0x0000000092400000, 0x0000000092400000, 0x0000000092500000|  0%| F|  |TAMS 0x0000000092400000| PB 0x0000000092400000| Untracked 
| 293|0x0000000092500000, 0x0000000092500000, 0x0000000092600000|  0%| F|  |TAMS 0x0000000092500000| PB 0x0000000092500000| Untracked 

Card table byte_map: [0x00000207d0980000,0x00000207d0d80000] _byte_map_base: 0x00000207d0580000

Marking Bits: (CMBitMap*) 0x00000207bce35870
 Bits: [0x00000207d0d80000, 0x00000207d2d80000)

Polling page: 0x00000207baa70000

Metaspace:

Usage:
  Non-class:     44.75 MB used.
      Class:      5.41 MB used.
       Both:     50.16 MB used.

Virtual space:
  Non-class space:       64.00 MB reserved,      44.94 MB ( 70%) committed,  1 nodes.
      Class space:        1.00 GB reserved,       5.56 MB ( <1%) committed,  1 nodes.
             Both:        1.06 GB reserved,      50.50 MB (  5%) committed. 

Chunk freelists:
   Non-Class:  2.69 MB
       Class:  10.31 MB
        Both:  13.00 MB

MaxMetaspaceSize: unlimited
CompressedClassSpaceSize: 1.00 GB
Initial GC threshold: 21.00 MB
Current GC threshold: 80.12 MB
CDS: off
 - commit_granule_bytes: 65536.
 - commit_granule_words: 8192.
 - virtual_space_node_default_size: 8388608.
 - enlarge_chunks_in_place: 1.
 - use_allocation_guard: 0.


Internal statistics:

num_allocs_failed_limit: 6.
num_arena_births: 586.
num_arena_deaths: 60.
num_vsnodes_births: 2.
num_vsnodes_deaths: 0.
num_space_committed: 808.
num_space_uncommitted: 0.
num_chunks_returned_to_freelist: 89.
num_chunks_taken_from_freelist: 2011.
num_chunk_merges: 15.
num_chunk_splits: 1271.
num_chunks_enlarged: 856.
num_inconsistent_stats: 0.

CodeHeap 'non-profiled nmethods': size=119168Kb used=3810Kb max_used=3810Kb free=115358Kb
 bounds [0x00000207c8890000, 0x00000207c8c50000, 0x00000207cfcf0000]
CodeHeap 'profiled nmethods': size=119104Kb used=11857Kb max_used=11857Kb free=107246Kb
 bounds [0x00000207c0cf0000, 0x00000207c1890000, 0x00000207c8140000]
CodeHeap 'non-nmethods': size=7488Kb used=3497Kb max_used=3561Kb free=3990Kb
 bounds [0x00000207c8140000, 0x00000207c84c0000, 0x00000207c8890000]
 total_blobs=6706 nmethods=5898 adapters=707
 compilation: enabled
              stopped_count=0, restarted_count=0
 full_count=0

Compilation events (20 events):
Event: 4.438 Thread 0x00000207da0d8cc0 6210       3       com.oracle.truffle.js.nodes.binary.JSLessThanNode::<init> (7 bytes)
Event: 4.438 Thread 0x00000207da0b2780 nmethod 6208 0x00000207c187be90 code [0x00000207c187c080, 0x00000207c187c580]
Event: 4.438 Thread 0x00000207da955f80 nmethod 6209 0x00000207c187c790 code [0x00000207c187c980, 0x00000207c187cde8]
Event: 4.438 Thread 0x00000207da0d8cc0 nmethod 6210 0x00000207c187cf90 code [0x00000207c187d160, 0x00000207c187d570]
Event: 4.438 Thread 0x00000207da0d8cc0 6211       3       java.lang.Integer::doubleValue (6 bytes)
Event: 4.438 Thread 0x00000207da0d8cc0 nmethod 6211 0x00000207c1068910 code [0x00000207c1068aa0, 0x00000207c1068bb0]
Event: 4.438 Thread 0x00000207da955f80 6213       3       com.oracle.truffle.js.nodes.NodeFactory::createBinary (328 bytes)
Event: 4.439 Thread 0x00000207da0d8cc0 6214       3       com.oracle.truffle.js.nodes.NodeFactory::createBinaryEqual (18 bytes)
Event: 4.439 Thread 0x00000207da0b2780 6215       3       com.oracle.truffle.js.nodes.NodeFactory::createBinaryIdentical (18 bytes)
Event: 4.439 Thread 0x00000207da0d8cc0 nmethod 6214 0x00000207c187d710 code [0x00000207c187d8e0, 0x00000207c187dab0]
Event: 4.439 Thread 0x00000207da0d8cc0 6216       3       com.oracle.js.parser.ir.LiteralNode$NumberLiteralNode::getPropertyNameTS (34 bytes)
Event: 4.439 Thread 0x00000207da0b2780 nmethod 6215 0x00000207c187db90 code [0x00000207c187dd60, 0x00000207c187df30]
Event: 4.440 Thread 0x00000207da0d8cc0 nmethod 6216 0x00000207c187e010 code [0x00000207c187e220, 0x00000207c187e8a0]
Event: 4.440 Thread 0x00000207da0d8cc0 6217       3       com.oracle.truffle.js.nodes.cast.JSToBooleanNode::create (4 bytes)
Event: 4.441 Thread 0x00000207da0d8cc0 nmethod 6217 0x00000207c187ea90 code [0x00000207c187ec60, 0x00000207c187efb0]
Event: 4.442 Thread 0x00000207da9558d0 nmethod 6199 0x00000207c187f190 code [0x00000207c187f7e0, 0x00000207c1883260]
Event: 4.442 Thread 0x00000207da0b1560 nmethod 6167 0x00000207c8c47990 code [0x00000207c8c47b40, 0x00000207c8c47e80]
Event: 4.442 Thread 0x00000207da0b1560 6194       4       com.oracle.js.parser.ir.AccessNode::accept (6 bytes)
Event: 4.443 Thread 0x00000207db44bbf0 nmethod 6193 0x00000207c8c48110 code [0x00000207c8c482c0, 0x00000207c8c48578]
Event: 4.443 Thread 0x00000207db44bbf0 6195       4       com.oracle.truffle.js.parser.GraalJSTranslator::enterAccessNode (39 bytes)

GC Heap History (20 events):
Event: 0.652 GC heap after
{Heap after GC invocations=1 (full 0):
 garbage-first heap   total 131072K, used 10447K [0x0000000080000000, 0x0000000100000000)
  region size 1024K, 3 young (3072K), 3 survivors (3072K)
 Metaspace       used 15565K, committed 15744K, reserved 1114112K
  class space    used 1459K, committed 1536K, reserved 1048576K
}
Event: 0.848 GC heap before
{Heap before GC invocations=1 (full 0):
 garbage-first heap   total 131072K, used 21711K [0x0000000080000000, 0x0000000100000000)
  region size 1024K, 16 young (16384K), 3 survivors (3072K)
 Metaspace       used 21263K, committed 21504K, reserved 1114112K
  class space    used 2038K, committed 2176K, reserved 1048576K
}
Event: 0.852 GC heap after
{Heap after GC invocations=2 (full 0):
 garbage-first heap   total 131072K, used 11662K [0x0000000080000000, 0x0000000100000000)
  region size 1024K, 2 young (2048K), 2 survivors (2048K)
 Metaspace       used 21263K, committed 21504K, reserved 1114112K
  class space    used 2038K, committed 2176K, reserved 1048576K
}
Event: 1.484 GC heap before
{Heap before GC invocations=3 (full 0):
 garbage-first heap   total 131072K, used 49550K [0x0000000080000000, 0x0000000100000000)
  region size 1024K, 41 young (41984K), 2 survivors (2048K)
 Metaspace       used 35735K, committed 36096K, reserved 1114112K
  class space    used 3737K, committed 3904K, reserved 1048576K
}
Event: 1.492 GC heap after
{Heap after GC invocations=4 (full 0):
 garbage-first heap   total 131072K, used 14743K [0x0000000080000000, 0x0000000100000000)
  region size 1024K, 5 young (5120K), 5 survivors (5120K)
 Metaspace       used 35735K, committed 36096K, reserved 1114112K
  class space    used 3737K, committed 3904K, reserved 1048576K
}
Event: 2.511 GC heap before
{Heap before GC invocations=5 (full 0):
 garbage-first heap   total 131072K, used 98711K [0x0000000080000000, 0x0000000100000000)
  region size 1024K, 76 young (77824K), 5 survivors (5120K)
 Metaspace       used 48177K, committed 48640K, reserved 1114112K
  class space    used 5260K, committed 5440K, reserved 1048576K
}
Event: 2.535 GC heap after
{Heap after GC invocations=6 (full 0):
 garbage-first heap   total 131072K, used 36864K [0x0000000080000000, 0x0000000100000000)
  region size 1024K, 10 young (10240K), 10 survivors (10240K)
 Metaspace       used 48177K, committed 48640K, reserved 1114112K
  class space    used 5260K, committed 5440K, reserved 1048576K
}
Event: 2.714 GC heap before
{Heap before GC invocations=6 (full 0):
 garbage-first heap   total 131072K, used 91136K [0x0000000080000000, 0x0000000100000000)
  region size 1024K, 63 young (64512K), 10 survivors (10240K)
 Metaspace       used 48414K, committed 48896K, reserved 1114112K
  class space    used 5289K, committed 5504K, reserved 1048576K
}
Event: 2.744 GC heap after
{Heap after GC invocations=7 (full 0):
 garbage-first heap   total 131072K, used 61952K [0x0000000080000000, 0x0000000100000000)
  region size 1024K, 8 young (8192K), 8 survivors (8192K)
 Metaspace       used 48414K, committed 48896K, reserved 1114112K
  class space    used 5289K, committed 5504K, reserved 1048576K
}
Event: 2.923 GC heap before
{Heap before GC invocations=7 (full 0):
 garbage-first heap   total 131072K, used 98816K [0x0000000080000000, 0x0000000100000000)
  region size 1024K, 44 young (45056K), 8 survivors (8192K)
 Metaspace       used 48586K, committed 49088K, reserved 1114112K
  class space    used 5291K, committed 5504K, reserved 1048576K
}
Event: 2.945 GC heap after
{Heap after GC invocations=8 (full 0):
 garbage-first heap   total 225280K, used 78848K [0x0000000080000000, 0x0000000100000000)
  region size 1024K, 6 young (6144K), 6 survivors (6144K)
 Metaspace       used 48586K, committed 49088K, reserved 1114112K
  class space    used 5291K, committed 5504K, reserved 1048576K
}
Event: 3.385 GC heap before
{Heap before GC invocations=8 (full 0):
 garbage-first heap   total 225280K, used 157696K [0x0000000080000000, 0x0000000100000000)
  region size 1024K, 83 young (84992K), 6 survivors (6144K)
 Metaspace       used 48696K, committed 49152K, reserved 1114112K
  class space    used 5293K, committed 5504K, reserved 1048576K
}
Event: 3.422 GC heap after
{Heap after GC invocations=9 (full 0):
 garbage-first heap   total 225280K, used 114176K [0x0000000080000000, 0x0000000100000000)
  region size 1024K, 11 young (11264K), 11 survivors (11264K)
 Metaspace       used 48696K, committed 49152K, reserved 1114112K
  class space    used 5293K, committed 5504K, reserved 1048576K
}
Event: 3.586 GC heap before
{Heap before GC invocations=9 (full 0):
 garbage-first heap   total 225280K, used 170496K [0x0000000080000000, 0x0000000100000000)
  region size 1024K, 66 young (67584K), 11 survivors (11264K)
 Metaspace       used 48724K, committed 49216K, reserved 1114112K
  class space    used 5293K, committed 5504K, reserved 1048576K
}
Event: 3.621 GC heap after
{Heap after GC invocations=10 (full 0):
 garbage-first heap   total 225280K, used 140800K [0x0000000080000000, 0x0000000100000000)
  region size 1024K, 9 young (9216K), 9 survivors (9216K)
 Metaspace       used 48724K, committed 49216K, reserved 1114112K
  class space    used 5293K, committed 5504K, reserved 1048576K
}
Event: 3.754 GC heap before
{Heap before GC invocations=10 (full 0):
 garbage-first heap   total 301056K, used 181760K [0x0000000080000000, 0x0000000100000000)
  region size 1024K, 49 young (50176K), 9 survivors (9216K)
 Metaspace       used 48671K, committed 49216K, reserved 1114112K
  class space    used 5277K, committed 5504K, reserved 1048576K
}
Event: 3.774 GC heap after
{Heap after GC invocations=11 (full 0):
 garbage-first heap   total 301056K, used 160256K [0x0000000080000000, 0x0000000100000000)
  region size 1024K, 7 young (7168K), 7 survivors (7168K)
 Metaspace       used 48671K, committed 49216K, reserved 1114112K
  class space    used 5277K, committed 5504K, reserved 1048576K
}
Event: 3.920 GC heap before
{Heap before GC invocations=12 (full 0):
 garbage-first heap   total 301056K, used 230912K [0x0000000080000000, 0x0000000100000000)
  region size 1024K, 76 young (77824K), 7 survivors (7168K)
 Metaspace       used 48671K, committed 49216K, reserved 1114112K
  class space    used 5277K, committed 5504K, reserved 1048576K
}
Event: 3.945 GC heap after
{Heap after GC invocations=13 (full 0):
 garbage-first heap   total 301056K, used 193536K [0x0000000080000000, 0x0000000100000000)
  region size 1024K, 10 young (10240K), 10 survivors (10240K)
 Metaspace       used 48671K, committed 49216K, reserved 1114112K
  class space    used 5277K, committed 5504K, reserved 1048576K
}
Event: 4.444 GC heap before
{Heap before GC invocations=13 (full 0):
 garbage-first heap   total 301056K, used 245760K [0x0000000080000000, 0x0000000100000000)
  region size 1024K, 62 young (63488K), 10 survivors (10240K)
 Metaspace       used 51366K, committed 51712K, reserved 1114112K
  class space    used 5544K, committed 5696K, reserved 1048576K
}

Dll operation events (2 events):
Event: 0.009 Loaded shared library C:\Users\ADMIN\IntelliJ IDEA 2024.2.1\jbr\bin\java.dll
Event: 0.014 Loaded shared library C:\Users\ADMIN\IntelliJ IDEA 2024.2.1\jbr\bin\zip.dll

Deoptimization events (20 events):
Event: 4.399 Thread 0x00000207daf6faf0 Uncommon trap: trap_request=0xffffffd6 fr.pc=0x00000207c8c3d1a8 relative=0x0000000000000428
Event: 4.400 Thread 0x00000207da1abf40 Uncommon trap: trap_request=0xffffffd6 fr.pc=0x00000207c8c3d1a8 relative=0x0000000000000428
Event: 4.400 Thread 0x00000207daf6faf0 Uncommon trap: reason=array_check action=maybe_recompile pc=0x00000207c8c3d1a8 method=com.oracle.js.parser.ir.LexicalContext.push(Lcom/oracle/js/parser/ir/LexicalContextNode;)Lcom/oracle/js/parser/ir/LexicalContextNode; @ 72 c2
Event: 4.400 Thread 0x00000207da1abf40 Uncommon trap: reason=array_check action=maybe_recompile pc=0x00000207c8c3d1a8 method=com.oracle.js.parser.ir.LexicalContext.push(Lcom/oracle/js/parser/ir/LexicalContextNode;)Lcom/oracle/js/parser/ir/LexicalContextNode; @ 72 c2
Event: 4.400 Thread 0x00000207da1abf40 DEOPT PACKING pc=0x00000207c8c3d1a8 sp=0x000000dc46ffab40
Event: 4.400 Thread 0x00000207daf6faf0 DEOPT PACKING pc=0x00000207c8c3d1a8 sp=0x000000dc480fab70
Event: 4.400 Thread 0x00000207daf6faf0 DEOPT UNPACKING pc=0x00000207c81946a2 sp=0x000000dc480faab8 mode 2
Event: 4.400 Thread 0x00000207da1abf40 DEOPT UNPACKING pc=0x00000207c81946a2 sp=0x000000dc46ffaa88 mode 2
Event: 4.404 Thread 0x00000207da1ac5d0 Uncommon trap: trap_request=0xffffff45 fr.pc=0x00000207c8c1e044 relative=0x0000000000000604
Event: 4.404 Thread 0x00000207da1ac5d0 Uncommon trap: reason=unstable_if action=reinterpret pc=0x00000207c8c1e044 method=com.oracle.truffle.js.parser.GraalJSTranslator.enterLiteralDefaultNode(Lcom/oracle/js/parser/ir/LiteralNode;)Lcom/oracle/truffle/js/nodes/JavaScriptNode; @ 21 c2
Event: 4.404 Thread 0x00000207da1ac5d0 DEOPT PACKING pc=0x00000207c8c1e044 sp=0x000000dc470fb790
Event: 4.404 Thread 0x00000207da1ac5d0 DEOPT UNPACKING pc=0x00000207c81946a2 sp=0x000000dc470fb6d8 mode 2
Event: 4.405 Thread 0x00000207da1ac5d0 Uncommon trap: trap_request=0xffffffd6 fr.pc=0x00000207c8c3ec74 relative=0x0000000000000334
Event: 4.405 Thread 0x00000207da1ac5d0 Uncommon trap: reason=array_check action=maybe_recompile pc=0x00000207c8c3ec74 method=com.oracle.js.parser.ir.LexicalContext.push(Lcom/oracle/js/parser/ir/LexicalContextNode;)Lcom/oracle/js/parser/ir/LexicalContextNode; @ 72 c2
Event: 4.405 Thread 0x00000207da1ac5d0 DEOPT PACKING pc=0x00000207c8c3ec74 sp=0x000000dc470fb3e0
Event: 4.405 Thread 0x00000207da1ac5d0 DEOPT UNPACKING pc=0x00000207c81946a2 sp=0x000000dc470fb398 mode 2
Event: 4.438 Thread 0x00000207daf6faf0 Uncommon trap: trap_request=0xffffff45 fr.pc=0x00000207c8c39cf0 relative=0x0000000000000cb0
Event: 4.438 Thread 0x00000207daf6faf0 Uncommon trap: reason=unstable_if action=reinterpret pc=0x00000207c8c39cf0 method=com.oracle.truffle.js.nodes.NodeFactory.createBinary(Lcom/oracle/truffle/js/runtime/JSContext;Lcom/oracle/truffle/js/nodes/NodeFactory$BinaryOperation;Lcom/oracle/truffle/js
Event: 4.438 Thread 0x00000207daf6faf0 DEOPT PACKING pc=0x00000207c8c39cf0 sp=0x000000dc480fa2c0
Event: 4.438 Thread 0x00000207daf6faf0 DEOPT UNPACKING pc=0x00000207c81946a2 sp=0x000000dc480fa268 mode 2

Classes loaded (20 events):
Event: 2.434 Loading class sun/security/provider/MD5
Event: 2.434 Loading class sun/security/provider/MD5 done
Event: 2.434 Loading class sun/security/provider/ByteArrayAccess$LE
Event: 2.434 Loading class sun/security/provider/ByteArrayAccess$LE done
Event: 2.436 Loading class java/util/Base64$Decoder
Event: 2.436 Loading class java/util/Base64$Decoder done
Event: 2.437 Loading class com/sun/crypto/provider/HmacSHA1
Event: 2.437 Loading class com/sun/crypto/provider/HmacSHA1 done
Event: 2.643 Loading class java/util/UUID$Holder
Event: 2.643 Loading class java/util/UUID$Holder done
Event: 2.697 Loading class java/util/regex/Pattern$Bound
Event: 2.697 Loading class java/util/regex/Pattern$Bound done
Event: 2.875 Loading class jdk/internal/math/FDBigInteger
Event: 2.876 Loading class jdk/internal/math/FDBigInteger done
Event: 4.147 Loading class java/util/ArrayList$ListItr
Event: 4.147 Loading class java/util/ArrayList$ListItr done
Event: 4.221 Loading class java/util/function/UnaryOperator
Event: 4.221 Loading class java/util/function/UnaryOperator done
Event: 4.287 Loading class java/util/ImmutableCollections$SubList
Event: 4.288 Loading class java/util/ImmutableCollections$SubList done

Classes unloaded (20 events):
Event: 3.739 Thread 0x00000207baa8e4e0 Unloading class 0x0000000100439000 'java/lang/invoke/LambdaForm$MH+0x0000000100439000'
Event: 3.739 Thread 0x00000207baa8e4e0 Unloading class 0x0000000100439800 'java/lang/invoke/LambdaForm$MH+0x0000000100439800'
Event: 3.739 Thread 0x00000207baa8e4e0 Unloading class 0x0000000100439400 'java/lang/invoke/LambdaForm$MH+0x0000000100439400'
Event: 3.739 Thread 0x00000207baa8e4e0 Unloading class 0x0000000100438800 'java/lang/invoke/LambdaForm$DMH+0x0000000100438800'
Event: 3.739 Thread 0x00000207baa8e4e0 Unloading class 0x0000000100438000 'java/lang/invoke/LambdaForm$DMH+0x0000000100438000'
Event: 3.739 Thread 0x00000207baa8e4e0 Unloading class 0x0000000100438400 'java/lang/invoke/LambdaForm$DMH+0x0000000100438400'
Event: 3.739 Thread 0x00000207baa8e4e0 Unloading class 0x0000000100329400 'java/lang/invoke/LambdaForm$DMH+0x0000000100329400'
Event: 3.739 Thread 0x00000207baa8e4e0 Unloading class 0x0000000100328400 'java/lang/invoke/LambdaForm$DMH+0x0000000100328400'
Event: 3.739 Thread 0x00000207baa8e4e0 Unloading class 0x0000000100230c00 'jdk/internal/reflect/GeneratedSerializationConstructorAccessor16'
Event: 3.739 Thread 0x00000207baa8e4e0 Unloading class 0x0000000100230400 'jdk/internal/reflect/GeneratedSerializationConstructorAccessor14'
Event: 3.739 Thread 0x00000207baa8e4e0 Unloading class 0x0000000100229800 'jdk/internal/reflect/GeneratedSerializationConstructorAccessor12'
Event: 3.739 Thread 0x00000207baa8e4e0 Unloading class 0x0000000100229400 'jdk/internal/reflect/GeneratedSerializationConstructorAccessor10'
Event: 3.739 Thread 0x00000207baa8e4e0 Unloading class 0x0000000100228800 'java/lang/invoke/LambdaForm$MH+0x0000000100228800'
Event: 3.739 Thread 0x00000207baa8e4e0 Unloading class 0x0000000100228000 'java/lang/invoke/LambdaForm$MH+0x0000000100228000'
Event: 3.739 Thread 0x00000207baa8e4e0 Unloading class 0x0000000100227800 'java/lang/invoke/LambdaForm$MH+0x0000000100227800'
Event: 3.739 Thread 0x00000207baa8e4e0 Unloading class 0x0000000100227000 'jdk/internal/reflect/GeneratedSerializationConstructorAccessor8'
Event: 3.739 Thread 0x00000207baa8e4e0 Unloading class 0x0000000100226800 'jdk/internal/reflect/GeneratedSerializationConstructorAccessor6'
Event: 3.739 Thread 0x00000207baa8e4e0 Unloading class 0x0000000100225800 'jdk/internal/reflect/GeneratedSerializationConstructorAccessor1'
Event: 3.739 Thread 0x00000207baa8e4e0 Unloading class 0x0000000100225000 'java/lang/invoke/LambdaForm$MH+0x0000000100225000'
Event: 3.739 Thread 0x00000207baa8e4e0 Unloading class 0x0000000100224800 'java/lang/invoke/LambdaForm$DMH+0x0000000100224800'

Classes redefined (0 events):
No events

Internal exceptions (20 events):
Event: 1.409 Thread 0x00000207daf75040 Exception <a 'java/lang/NoSuchMethodError'{0x0000000085b3b308}: 'java.lang.Object java.lang.invoke.DirectMethodHandle$Holder.invokeVirtual(java.lang.Object, java.lang.Object, java.lang.Object)'> (0x0000000085b3b308) 
thrown [s\src\hotspot\share\interpreter\linkResolver.cpp, line 784]
Event: 1.429 Thread 0x00000207daf71530 Implicit null exception at 0x00000207c88b1aa0 to 0x00000207c88b20e8
Event: 1.429 Thread 0x00000207daf71530 Implicit null exception at 0x00000207c88ac2a0 to 0x00000207c88ac8f0
Event: 1.473 Thread 0x00000207daf72250 Exception <a 'sun/nio/fs/WindowsException'{0x00000000859366c8}> (0x00000000859366c8) 
thrown [s\src\hotspot\share\prims\jni.cpp, line 535]
Event: 1.509 Thread 0x00000207daf71530 Exception <a 'java/lang/NoSuchMethodError'{0x0000000087d08958}: 'java.lang.Object java.lang.invoke.DirectMethodHandle$Holder.newInvokeSpecial(java.lang.Object, java.lang.Object, java.lang.Object, java.lang.Object, java.lang.Object, java.lang.Object, java.lang.Object, java.lang.Object)'> (0x0000000087d08958) 
thrown [s\src\hotspot\share\interpreter\linkResolver.cpp, line 784]
Event: 1.517 Thread 0x00000207daf71530 Exception <a 'java/lang/NoSuchMethodError'{0x0000000087d277d0}: 'java.lang.Object java.lang.invoke.DirectMethodHandle$Holder.newInvokeSpecial(java.lang.Object, java.lang.Object, java.lang.Object, java.lang.Object, java.lang.Object, java.lang.Object, java.lang.Object)'> (0x0000000087d277d0) 
thrown [s\src\hotspot\share\interpreter\linkResolver.cpp, line 784]
Event: 1.518 Thread 0x00000207daf71530 Exception <a 'java/lang/NoSuchMethodError'{0x0000000087d2ec40}: 'java.lang.Object java.lang.invoke.DirectMethodHandle$Holder.newInvokeSpecial(java.lang.Object, int, java.lang.Object)'> (0x0000000087d2ec40) 
thrown [s\src\hotspot\share\interpreter\linkResolver.cpp, line 784]
Event: 1.523 Thread 0x00000207daf71530 Exception <a 'java/lang/NoSuchMethodError'{0x0000000087dfbb60}: 'java.lang.Object java.lang.invoke.DirectMethodHandle$Holder.invokeInterface(java.lang.Object, java.lang.Object, java.lang.Object)'> (0x0000000087dfbb60) 
thrown [s\src\hotspot\share\interpreter\linkResolver.cpp, line 784]
Event: 1.527 Thread 0x00000207daf71530 Exception <a 'java/lang/NoSuchMethodError'{0x0000000087c291b0}: 'void java.lang.invoke.DirectMethodHandle$Holder.invokeInterface(java.lang.Object, java.lang.Object)'> (0x0000000087c291b0) 
thrown [s\src\hotspot\share\interpreter\linkResolver.cpp, line 784]
Event: 1.556 Thread 0x00000207daf756d0 Exception <a 'java/lang/NoSuchMethodError'{0x000000008793d7b0}: 'void java.lang.invoke.DirectMethodHandle$Holder.invokeVirtual(java.lang.Object, java.lang.Object)'> (0x000000008793d7b0) 
thrown [s\src\hotspot\share\interpreter\linkResolver.cpp, line 784]
Event: 1.673 Thread 0x00000207daf75d60 Exception <a 'java/lang/NoSuchMethodError'{0x0000000087b43350}: 'java.lang.Object java.lang.invoke.DirectMethodHandle$Holder.invokeVirtual(java.lang.Object, java.lang.Object, java.lang.Object, java.lang.Object)'> (0x0000000087b43350) 
thrown [s\src\hotspot\share\interpreter\linkResolver.cpp, line 784]
Event: 1.673 Thread 0x00000207daf71bc0 Exception <a 'java/lang/NoSuchMethodError'{0x000000008718df98}: 'java.lang.Object java.lang.invoke.DirectMethodHandle$Holder.invokeVirtual(java.lang.Object, java.lang.Object, java.lang.Object, java.lang.Object)'> (0x000000008718df98) 
thrown [s\src\hotspot\share\interpreter\linkResolver.cpp, line 784]
Event: 1.673 Thread 0x00000207daf74320 Exception <a 'java/lang/NoSuchMethodError'{0x0000000087b20170}: 'java.lang.Object java.lang.invoke.DirectMethodHandle$Holder.invokeVirtual(java.lang.Object, java.lang.Object, java.lang.Object, java.lang.Object)'> (0x0000000087b20170) 
thrown [s\src\hotspot\share\interpreter\linkResolver.cpp, line 784]
Event: 1.673 Thread 0x00000207daf72250 Exception <a 'java/lang/NoSuchMethodError'{0x000000008721e6d0}: 'java.lang.Object java.lang.invoke.DirectMethodHandle$Holder.invokeVirtual(java.lang.Object, java.lang.Object, java.lang.Object, java.lang.Object)'> (0x000000008721e6d0) 
thrown [s\src\hotspot\share\interpreter\linkResolver.cpp, line 784]
Event: 1.675 Thread 0x00000207daf72250 Exception <a 'java/lang/NoSuchMethodError'{0x0000000087228878}: 'java.lang.Object java.lang.invoke.Invokers$Holder.invokeExact_MT(java.lang.Object, java.lang.Object, java.lang.Object, java.lang.Object, java.lang.Object)'> (0x0000000087228878) 
thrown [s\src\hotspot\share\interpreter\linkResolver.cpp, line 784]
Event: 1.675 Thread 0x00000207daf71bc0 Exception <a 'java/lang/NoSuchMethodError'{0x00000000871f9600}: 'java.lang.Object java.lang.invoke.Invokers$Holder.invokeExact_MT(java.lang.Object, java.lang.Object, java.lang.Object, java.lang.Object, java.lang.Object)'> (0x00000000871f9600) 
thrown [s\src\hotspot\share\interpreter\linkResolver.cpp, line 784]
Event: 1.675 Thread 0x00000207daf74320 Exception <a 'java/lang/NoSuchMethodError'{0x00000000871e60b8}: 'java.lang.Object java.lang.invoke.Invokers$Holder.invokeExact_MT(java.lang.Object, java.lang.Object, java.lang.Object, java.lang.Object, java.lang.Object)'> (0x00000000871e60b8) 
thrown [s\src\hotspot\share\interpreter\linkResolver.cpp, line 784]
Event: 1.675 Thread 0x00000207daf75d60 Exception <a 'java/lang/NoSuchMethodError'{0x0000000087b4d388}: 'java.lang.Object java.lang.invoke.Invokers$Holder.invokeExact_MT(java.lang.Object, java.lang.Object, java.lang.Object, java.lang.Object, java.lang.Object)'> (0x0000000087b4d388) 
thrown [s\src\hotspot\share\interpreter\linkResolver.cpp, line 784]
Event: 2.702 Thread 0x00000207daf71530 Exception <a 'java/lang/NoSuchMethodError'{0x00000000852fa4c8}: 'java.lang.Object java.lang.invoke.DirectMethodHandle$Holder.newInvokeSpecial(java.lang.Object, java.lang.Object, int)'> (0x00000000852fa4c8) 
thrown [s\src\hotspot\share\interpreter\linkResolver.cpp, line 784]
Event: 4.037 Thread 0x00000207da1ac5d0 Implicit null exception at 0x00000207c8a88816 to 0x00000207c8a8bab8

ZGC Phase Switch (0 events):
No events

VM Operations (20 events):
Event: 2.946 Executing VM operation: G1CollectForAllocation (G1 Evacuation Pause) done
Event: 3.385 Executing VM operation: G1CollectForAllocation (G1 Evacuation Pause)
Event: 3.423 Executing VM operation: G1CollectForAllocation (G1 Evacuation Pause) done
Event: 3.586 Executing VM operation: G1CollectForAllocation (G1 Evacuation Pause)
Event: 3.621 Executing VM operation: G1CollectForAllocation (G1 Evacuation Pause) done
Event: 3.738 Executing VM operation: G1PauseRemark
Event: 3.748 Executing VM operation: G1PauseRemark done
Event: 3.754 Executing VM operation: G1CollectForAllocation (G1 Evacuation Pause)
Event: 3.774 Executing VM operation: G1CollectForAllocation (G1 Evacuation Pause) done
Event: 3.810 Executing VM operation: G1PauseCleanup
Event: 3.811 Executing VM operation: G1PauseCleanup done
Event: 3.920 Executing VM operation: G1CollectForAllocation (G1 Evacuation Pause)
Event: 3.945 Executing VM operation: G1CollectForAllocation (G1 Evacuation Pause) done
Event: 4.148 Executing VM operation: HandshakeAllThreads (Deoptimize)
Event: 4.148 Executing VM operation: HandshakeAllThreads (Deoptimize) done
Event: 4.193 Executing VM operation: HandshakeAllThreads (Deoptimize)
Event: 4.193 Executing VM operation: HandshakeAllThreads (Deoptimize) done
Event: 4.343 Executing VM operation: ICBufferFull
Event: 4.344 Executing VM operation: ICBufferFull done
Event: 4.444 Executing VM operation: G1CollectForAllocation (G1 Evacuation Pause)

Events (20 events):
Event: 3.746 Thread 0x00000207baa8e4e0 flushing nmethod 0x00000207c0d0ab90
Event: 3.746 Thread 0x00000207baa8e4e0 flushing nmethod 0x00000207c0d0a410
Event: 3.746 Thread 0x00000207baa8e4e0 flushing nmethod 0x00000207c0d08d90
Event: 3.746 Thread 0x00000207baa8e4e0 flushing nmethod 0x00000207c0d00010
Event: 3.746 Thread 0x00000207baa8e4e0 flushing nmethod 0x00000207c0cfcb90
Event: 3.746 Thread 0x00000207baa8e4e0 flushing nmethod 0x00000207c894bb10
Event: 3.746 Thread 0x00000207baa8e4e0 flushing nmethod 0x00000207c893b190
Event: 3.746 Thread 0x00000207baa8e4e0 flushing nmethod 0x00000207c893ae90
Event: 3.746 Thread 0x00000207baa8e4e0 flushing nmethod 0x00000207c893d190
Event: 3.746 Thread 0x00000207baa8e4e0 flushing nmethod 0x00000207c8925690
Event: 3.746 Thread 0x00000207baa8e4e0 flushing nmethod 0x00000207c893be90
Event: 3.746 Thread 0x00000207baa8e4e0 flushing nmethod 0x00000207c893ba10
Event: 3.746 Thread 0x00000207baa8e4e0 flushing nmethod 0x00000207c891f790
Event: 3.746 Thread 0x00000207baa8e4e0 flushing nmethod 0x00000207c891e690
Event: 3.746 Thread 0x00000207baa8e4e0 flushing nmethod 0x00000207c88e9890
Event: 3.746 Thread 0x00000207baa8e4e0 flushing nmethod 0x00000207c88d6410
Event: 3.746 Thread 0x00000207baa8e4e0 flushing nmethod 0x00000207c88b9110
Event: 3.746 Thread 0x00000207baa8e4e0 flushing nmethod 0x00000207c88b1890
Event: 3.746 Thread 0x00000207baa8e4e0 flushing nmethod 0x00000207c88b8b10
Event: 3.746 Thread 0x00000207baa8e4e0 flushing nmethod 0x00000207c88ac090


Dynamic libraries:
0x00007ff7c8d00000 - 0x00007ff7c8d0a000 	C:\Users\ADMIN\IntelliJ IDEA 2024.2.1\jbr\bin\java.exe
0x00007ff8d15a0000 - 0x00007ff8d1807000 	C:\WINDOWS\SYSTEM32\ntdll.dll
0x00007ff8cfc80000 - 0x00007ff8cfd49000 	C:\WINDOWS\System32\KERNEL32.DLL
0x00007ff8cecd0000 - 0x00007ff8cf0bf000 	C:\WINDOWS\System32\KERNELBASE.dll
0x00007ff8ceaf0000 - 0x00007ff8cec3b000 	C:\WINDOWS\System32\ucrtbase.dll
0x00007ff8c3320000 - 0x00007ff8c333b000 	C:\Users\ADMIN\IntelliJ IDEA 2024.2.1\jbr\bin\VCRUNTIME140.dll
0x00007ff8bbb00000 - 0x00007ff8bbb18000 	C:\Users\ADMIN\IntelliJ IDEA 2024.2.1\jbr\bin\jli.dll
0x00007ff8cfec0000 - 0x00007ff8d0085000 	C:\WINDOWS\System32\USER32.dll
0x00007ff8b29c0000 - 0x00007ff8b2c53000 	C:\WINDOWS\WinSxS\amd64_microsoft.windows.common-controls_6595b64144ccf1df_6.0.26100.7309_none_3e05feeae336a044\COMCTL32.dll
0x00007ff8cf250000 - 0x00007ff8cf277000 	C:\WINDOWS\System32\win32u.dll
0x00007ff8d0110000 - 0x00007ff8d01b9000 	C:\WINDOWS\System32\msvcrt.dll
0x00007ff8cfa80000 - 0x00007ff8cfaab000 	C:\WINDOWS\System32\GDI32.dll
0x00007ff8ce7a0000 - 0x00007ff8ce8cc000 	C:\WINDOWS\System32\gdi32full.dll
0x00007ff8cea40000 - 0x00007ff8ceae3000 	C:\WINDOWS\System32\msvcp_win.dll
0x00007ff8cf9d0000 - 0x00007ff8cfa01000 	C:\WINDOWS\System32\IMM32.DLL
0x00007ff8c32f0000 - 0x00007ff8c32fc000 	C:\Users\ADMIN\IntelliJ IDEA 2024.2.1\jbr\bin\vcruntime140_1.dll
0x00007ff88ccd0000 - 0x00007ff88cd5d000 	C:\Users\ADMIN\IntelliJ IDEA 2024.2.1\jbr\bin\msvcp140.dll
0x00007fffd7900000 - 0x00007fffd86b2000 	C:\Users\ADMIN\IntelliJ IDEA 2024.2.1\jbr\bin\server\jvm.dll
0x00007ff8cf340000 - 0x00007ff8cf3f4000 	C:\WINDOWS\System32\ADVAPI32.dll
0x00007ff8cfd50000 - 0x00007ff8cfdf6000 	C:\WINDOWS\System32\sechost.dll
0x00007ff8d0920000 - 0x00007ff8d0a38000 	C:\WINDOWS\System32\RPCRT4.dll
0x00007ff8d1440000 - 0x00007ff8d14b4000 	C:\WINDOWS\System32\WS2_32.dll
0x00007ff8c3060000 - 0x00007ff8c3095000 	C:\WINDOWS\SYSTEM32\WINMM.dll
0x00007ff8ce570000 - 0x00007ff8ce5ce000 	C:\WINDOWS\SYSTEM32\POWRPROF.dll
0x00007ff8bd5f0000 - 0x00007ff8bd5fb000 	C:\WINDOWS\SYSTEM32\VERSION.dll
0x00007ff8ce550000 - 0x00007ff8ce564000 	C:\WINDOWS\SYSTEM32\UMPDC.dll
0x00007ff8cd4a0000 - 0x00007ff8cd4bb000 	C:\WINDOWS\SYSTEM32\kernel.appcore.dll
0x00007ff8c32e0000 - 0x00007ff8c32ea000 	C:\Users\ADMIN\IntelliJ IDEA 2024.2.1\jbr\bin\jimage.dll
0x00007ff8cbd40000 - 0x00007ff8cbf82000 	C:\WINDOWS\SYSTEM32\DBGHELP.DLL
0x00007ff8d0a40000 - 0x00007ff8d0dc5000 	C:\WINDOWS\System32\combase.dll
0x00007ff8cf8f0000 - 0x00007ff8cf9c6000 	C:\WINDOWS\System32\OLEAUT32.dll
0x00007ff8b08e0000 - 0x00007ff8b091c000 	C:\WINDOWS\SYSTEM32\dbgcore.DLL
0x00007ff8ce6f0000 - 0x00007ff8ce795000 	C:\WINDOWS\System32\bcryptPrimitives.dll
0x00007ff8b4910000 - 0x00007ff8b492f000 	C:\Users\ADMIN\IntelliJ IDEA 2024.2.1\jbr\bin\java.dll
0x00007ff8b4050000 - 0x00007ff8b4068000 	C:\Users\ADMIN\IntelliJ IDEA 2024.2.1\jbr\bin\zip.dll
0x00007ff8d01c0000 - 0x00007ff8d0913000 	C:\WINDOWS\System32\SHELL32.dll
0x00007ff8ce8d0000 - 0x00007ff8cea3a000 	C:\WINDOWS\System32\wintypes.dll
0x00007ff8cc2c0000 - 0x00007ff8ccb1e000 	C:\WINDOWS\SYSTEM32\windows.storage.dll
0x00007ff8d0e50000 - 0x00007ff8d0f45000 	C:\WINDOWS\System32\SHCORE.dll
0x00007ff8cfa10000 - 0x00007ff8cfa76000 	C:\WINDOWS\System32\shlwapi.dll
0x00007ff8ce610000 - 0x00007ff8ce639000 	C:\WINDOWS\SYSTEM32\profapi.dll
0x00007ff8a43c0000 - 0x00007ff8a43d0000 	C:\Users\ADMIN\IntelliJ IDEA 2024.2.1\jbr\bin\net.dll
0x00007ff8c7ca0000 - 0x00007ff8c7dc8000 	C:\WINDOWS\SYSTEM32\WINHTTP.dll
0x00007ff8cda10000 - 0x00007ff8cda7b000 	C:\WINDOWS\system32\mswsock.dll
0x00007ff8a43a0000 - 0x00007ff8a43b6000 	C:\Users\ADMIN\IntelliJ IDEA 2024.2.1\jbr\bin\nio.dll
0x00007ff8ccf20000 - 0x00007ff8ccf54000 	C:\WINDOWS\SYSTEM32\IPHLPAPI.DLL
0x00007ff8cfab0000 - 0x00007ff8cfaba000 	C:\WINDOWS\System32\NSI.dll
0x00007ff8cdcd0000 - 0x00007ff8cdceb000 	C:\WINDOWS\SYSTEM32\CRYPTSP.dll
0x00007ff8cd400000 - 0x00007ff8cd43a000 	C:\WINDOWS\system32\rsaenh.dll
0x00007ff8cdac0000 - 0x00007ff8cdaeb000 	C:\WINDOWS\SYSTEM32\USERENV.dll
0x00007ff8ce5e0000 - 0x00007ff8ce60a000 	C:\WINDOWS\SYSTEM32\bcrypt.dll
0x00007ff8cdcf0000 - 0x00007ff8cdcfc000 	C:\WINDOWS\SYSTEM32\CRYPTBASE.dll
0x00007ff8a3f70000 - 0x00007ff8a3f79000 	C:\Users\ADMIN\IntelliJ IDEA 2024.2.1\jbr\bin\extnet.dll
0x00007ff899110000 - 0x00007ff899117000 	C:\Users\ADMIN\IntelliJ IDEA 2024.2.1\jbr\bin\rmi.dll
0x00007ff8c8130000 - 0x00007ff8c814e000 	C:\WINDOWS\SYSTEM32\dhcpcsvc6.DLL
0x00007ff8c80a0000 - 0x00007ff8c80c3000 	C:\WINDOWS\SYSTEM32\dhcpcsvc.DLL
0x00007ff8ccf60000 - 0x00007ff8cd08c000 	C:\WINDOWS\SYSTEM32\DNSAPI.dll
0x00007ff8a3f90000 - 0x00007ff8a3f9e000 	C:\Users\ADMIN\IntelliJ IDEA 2024.2.1\jbr\bin\sunmscapi.dll
0x00007ff8cf0d0000 - 0x00007ff8cf247000 	C:\WINDOWS\System32\CRYPT32.dll
0x00007ff8cdef0000 - 0x00007ff8cdf20000 	C:\WINDOWS\SYSTEM32\ncrypt.dll
0x00007ff8cdea0000 - 0x00007ff8cdedf000 	C:\WINDOWS\SYSTEM32\NTASN1.dll
0x00007ff8a2450000 - 0x00007ff8a2458000 	C:\WINDOWS\system32\wshunix.dll
0x00007ff8c6fc0000 - 0x00007ff8c6fcb000 	C:\Windows\System32\rasadhlp.dll
0x00007ff8c82f0000 - 0x00007ff8c8376000 	C:\WINDOWS\System32\fwpuclnt.dll

dbghelp: loaded successfully - version: 4.0.5 - missing functions: none
symbol engine: initialized successfully - sym options: 0x614 - pdb path: .;C:\Users\ADMIN\IntelliJ IDEA 2024.2.1\jbr\bin;C:\WINDOWS\SYSTEM32;C:\WINDOWS\WinSxS\amd64_microsoft.windows.common-controls_6595b64144ccf1df_6.0.26100.7309_none_3e05feeae336a044;C:\Users\ADMIN\IntelliJ IDEA 2024.2.1\jbr\bin\server

VM Arguments:
jvm_args: -Djava.rmi.server.hostname=127.0.0.1 -Duser.timezone=UTC -Xmx2048m -Xms128m -Djdbc.classpath=C:\Users\ADMIN\IntelliJ IDEA 2024.2.1\plugins\DatabaseTools\lib\jdbc-console.jar;C:\Users\ADMIN\AppData\Roaming\JetBrains\IntelliJIdea2024.2\jdbc-drivers\MongoDB\1.20\mongo-jdbc-standalone-1.20.jar --add-exports=java.desktop/sun.awt=ALL-UNNAMED --add-exports=java.desktop/java.awt.peer=ALL-UNNAMED --add-opens=java.desktop/java.awt=ALL-UNNAMED --add-opens=jdk.unsupported/sun.misc=ALL-UNNAMED --add-opens=java.base/java.nio=ALL-UNNAMED --add-opens=java.base/java.util=ALL-UNNAMED -Dfile.encoding=UTF-8 -Dsun.stdout.encoding=UTF-8 -Dsun.stderr.encoding=UTF-8 
java_command: com.intellij.database.remote.RemoteJdbcServer com.dbschema.MongoJdbcDriver
java_class_path (initial): C:\Users\ADMIN\IntelliJ IDEA 2024.2.1\lib\util_rt.jar;C:\Users\ADMIN\IntelliJ IDEA 2024.2.1\lib\util-8.jar;C:\Users\ADMIN\IntelliJ IDEA 2024.2.1\lib\groovy.jar;C:\Users\ADMIN\IntelliJ IDEA 2024.2.1\plugins\DatabaseTools\lib\jdbc-console.jar;C:\Users\ADMIN\IntelliJ IDEA 2024.2.1\plugins\grid-core-impl\lib\jdbc-console-types.jar;C:\Users\ADMIN\IntelliJ IDEA 2024.2.1\lib\util.jar;C:\Users\ADMIN\IntelliJ IDEA 2024.2.1\lib\bouncy-castle.jar
Launcher Type: SUN_STANDARD

[Global flags]
     intx CICompilerCount                          = 12                                        {product} {ergonomic}
     uint ConcGCThreads                            = 3                                         {product} {ergonomic}
     uint G1ConcRefinementThreads                  = 13                                        {product} {ergonomic}
   size_t G1HeapRegionSize                         = 1048576                                   {product} {ergonomic}
    uintx GCDrainStackTargetSize                   = 64                                        {product} {ergonomic}
   size_t InitialHeapSize                          = 134217728                                 {product} {command line}
   size_t MarkStackSize                            = 4194304                                   {product} {ergonomic}
   size_t MaxHeapSize                              = 2147483648                                {product} {command line}
   size_t MaxNewSize                               = 1287651328                                {product} {ergonomic}
   size_t MinHeapDeltaBytes                        = 1048576                                   {product} {ergonomic}
   size_t MinHeapSize                              = 134217728                                 {product} {command line}
    uintx NonNMethodCodeHeapSize                   = 7602480                                {pd product} {ergonomic}
    uintx NonProfiledCodeHeapSize                  = 122027880                              {pd product} {ergonomic}
    uintx ProfiledCodeHeapSize                     = 122027880                              {pd product} {ergonomic}
    uintx ReservedCodeCacheSize                    = 251658240                              {pd product} {ergonomic}
     bool SegmentedCodeCache                       = true                                      {product} {ergonomic}
   size_t SoftMaxHeapSize                          = 2147483648                             {manageable} {ergonomic}
     bool UseCompressedOops                        = true                           {product lp64_product} {ergonomic}
     bool UseG1GC                                  = true                                      {product} {ergonomic}
     bool UseLargePagesIndividualAllocation        = false                                  {pd product} {ergonomic}

Logging:
Log output configuration:
 #0: stdout all=warning uptime,level,tags foldmultilines=false
 #1: stderr all=off uptime,level,tags foldmultilines=false

Environment Variables:
PATH=C:\WINDOWS\system32;C:\WINDOWS;C:\WINDOWS\System32\Wbem;C:\WINDOWS\System32\WindowsPowerShell\v1.0\;C:\WINDOWS\System32\OpenSSH\;C:\Program Files\Git\cmd;C:\Program Files\Cloudflare\Cloudflare WARP\;C:\Program Files\Docker\Docker\resources\bin;C:\Program Files\MongoDB\Server\8.2\bin;C:\Program Files\mongosh\;C:\Users\ADMIN\AppData\Local\nvm;C:\nvm4w\nodejs;C:\Program Files\MySQL\MySQL Server 8.4\bin;C:\Users\ADMIN\AppData\Local\Programs\Python\Python310\Scripts\;C:\Users\ADMIN\AppData\Local\Programs\Python\Python310\;C:\Users\ADMIN\.local\bin;C:\Users\ADMIN\AppData\Local\Programs\Python\Python312\Scripts\;C:\Users\ADMIN\AppData\Local\Programs\Python\Python312\;C:\Users\ADMIN\AppData\Local\Microsoft\WindowsApps;C:\Users\ADMIN\AppData\Local\GitHubDesktop\bin;C:\Microsoft VS Code\bin;C:\Users\ADMIN\IntelliJ IDEA 2024.2.1\bin;;C:\Program Files\JetBrains\DataGrip 2024.2.2\bin;;C:\php;C:\Program Files\MongoDB\Server\8.2;C:\Program Files\mongosh\;C:\Users\ADMIN\AppData\Local\nvm;C:\nvm4w\nodejs;C:\Users\ADMIN\AppData\Roaming\npm;C:\Program Files\MySQL\MySQL Server 8.4\bin
USERNAME=ADMIN
OS=Windows_NT
PROCESSOR_IDENTIFIER=Intel64 Family 6 Model 186 Stepping 2, GenuineIntel
TMP=C:\Users\ADMIN\AppData\Local\Temp
TEMP=C:\Users\ADMIN\AppData\Local\Temp




Periodic native trim disabled

JNI global refs:
JNI global refs: 35, weak refs: 4

JNI global refs memory usage: 835, weak refs: 833

Process memory usage:
Resident Set Size: 466164K (2% of 16387508K total physical memory with 1160696K free physical memory)

OOME stack traces (most recent first):
Classloader memory used:
Loader com.intellij.database.remote.jdbc.impl.JdbcClassLoader$JdbcClassLoaderImpl      : 24180K
Loader bootstrap                                                                       : 23877K
Loader jdk.internal.loader.ClassLoaders$AppClassLoader                                 : 2375K
Loader jdk.internal.loader.ClassLoaders$PlatformClassLoader                            : 878K
Loader jdk.internal.reflect.DelegatingClassLoader                                      : 48664B
Loader com.intellij.database.remote.jdbc.impl.JdbcClassLoader$1                        : 6912B

---------------  S Y S T E M  ---------------

OS:
 Windows 11 , 64 bit Build 26100 (10.0.26100.7309)
OS uptime: 8 days 5:41 hours
Hyper-V role detected

CPU: total 16 (initial active 16) (8 cores per cpu, 2 threads per core) family 6 model 186 stepping 2 microcode 0x410e, cx8, cmov, fxsr, ht, mmx, 3dnowpref, sse, sse2, sse3, ssse3, sse4.1, sse4.2, popcnt, lzcnt, tsc, tscinvbit, avx, avx2, aes, erms, clmul, bmi1, bmi2, adx, sha, fma, vzeroupper, clflush, clflushopt, clwb, hv, serialize, rdtscp, rdpid, fsrm, f16c, cet_ibt, cet_ss
Processor Information for processor 0
  Max Mhz: 2200, Current Mhz: 2200, Mhz Limit: 2200
Processor Information for processor 1
  Max Mhz: 2200, Current Mhz: 2200, Mhz Limit: 2200
Processor Information for processor 2
  Max Mhz: 2200, Current Mhz: 2200, Mhz Limit: 2200
Processor Information for processor 3
  Max Mhz: 2200, Current Mhz: 2200, Mhz Limit: 2200
Processor Information for processor 4
  Max Mhz: 2200, Current Mhz: 2200, Mhz Limit: 2200
Processor Information for processor 5
  Max Mhz: 2200, Current Mhz: 2200, Mhz Limit: 2200
Processor Information for processor 6
  Max Mhz: 2200, Current Mhz: 2200, Mhz Limit: 2200
Processor Information for processor 7
  Max Mhz: 2200, Current Mhz: 1466, Mhz Limit: 2200
Processor Information for processor 8
  Max Mhz: 2200, Current Mhz: 1512, Mhz Limit: 2200
Processor Information for processor 9
  Max Mhz: 2200, Current Mhz: 2200, Mhz Limit: 2200
Processor Information for processor 10
  Max Mhz: 2200, Current Mhz: 2200, Mhz Limit: 2200
Processor Information for processor 11
  Max Mhz: 2200, Current Mhz: 1512, Mhz Limit: 2200
Processor Information for processor 12
  Max Mhz: 2200, Current Mhz: 1512, Mhz Limit: 2200
Processor Information for processor 13
  Max Mhz: 2200, Current Mhz: 1512, Mhz Limit: 2200
Processor Information for processor 14
  Max Mhz: 2200, Current Mhz: 1512, Mhz Limit: 2200
Processor Information for processor 15
  Max Mhz: 2200, Current Mhz: 1512, Mhz Limit: 2200

Memory: 4k page, system-wide physical 16003M (1133M free)
TotalPageFile size 41745M (AvailPageFile size 27M)
current process WorkingSet (physical memory assigned to process): 455M, peak: 486M
current process commit charge ("private bytes"): 499M, peak: 817M

vm_info: OpenJDK 64-Bit Server VM (21.0.3+13-b509.11) for windows-amd64 JRE (21.0.3+13-b509.11), built on 2024-08-12 by "builduser" with MS VC++ 16.10 / 16.11 (VS2019)

END.
