#
# There is insufficient memory for the Java Runtime Environment to continue.
# Native memory allocation (mmap) failed to map 306184192 bytes. Error detail: G1 virtual space
# Possible reasons:
#   The system is out of physical RAM or swap space
#   This process is running with CompressedOops enabled, and the Java Heap may be blocking the growth of the native heap
# Possible solutions:
#   Reduce memory load on the system
#   Increase physical memory or swap space
#   Check if swap backing store is full
#   Decrease Java heap size (-Xmx/-Xms)
#   Decrease number of Java threads
#   Decrease Java thread stack sizes (-Xss)
#   Set larger code cache with -XX:ReservedCodeCacheSize=
#   JVM is running with Unscaled Compressed Oops mode in which the Java heap is
#     placed in the first 4GB address space. The Java Heap base address is the
#     maximum limit for the native heap growth. Please use -XX:HeapBaseMinAddress
#     to set the Java Heap base and to place the Java Heap above 4GB virtual address.
# This output file may be truncated or incomplete.
#
#  Out of Memory Error (os_windows.cpp:3815), pid=32316, tid=16304
#
# JRE version: OpenJDK Runtime Environment JBR-21.0.3+13-509.11-jcef (21.0.3+13) (build 21.0.3+13-b509.11)
# Java VM: OpenJDK 64-Bit Server VM JBR-21.0.3+13-509.11-jcef (21.0.3+13-b509.11, mixed mode, tiered, compressed oops, compressed class ptrs, g1 gc, windows-amd64)
# No core dump will be written. Minidumps are not enabled by default on client versions of Windows
#

---------------  S U M M A R Y ------------

Command Line: -Djava.rmi.server.hostname=127.0.0.1 -Duser.timezone=UTC -Xmx2048m -Xms128m -Djdbc.classpath=C:\Users\ADMIN\IntelliJ IDEA 2024.2.1\plugins\DatabaseTools\lib\jdbc-console.jar;C:\Users\ADMIN\AppData\Roaming\JetBrains\IntelliJIdea2024.2\jdbc-drivers\MongoDB\1.20\mongo-jdbc-standalone-1.20.jar --add-exports=java.desktop/sun.awt=ALL-UNNAMED --add-exports=java.desktop/java.awt.peer=ALL-UNNAMED --add-opens=java.desktop/java.awt=ALL-UNNAMED --add-opens=jdk.unsupported/sun.misc=ALL-UNNAMED --add-opens=java.base/java.nio=ALL-UNNAMED --add-opens=java.base/java.util=ALL-UNNAMED -Dfile.encoding=UTF-8 -Dsun.stdout.encoding=UTF-8 -Dsun.stderr.encoding=UTF-8 com.intellij.database.remote.RemoteJdbcServer com.dbschema.MongoJdbcDriver

Host: 13th Gen Intel(R) Core(TM) i7-1360P, 16 cores, 15G,  Windows 11 , 64 bit Build 26100 (10.0.26100.7309)
Time: Sun Dec 21 13:49:33 2025 SE Asia Standard Time elapsed time: 4.676833 seconds (0d 0h 0m 4s)

---------------  T H R E A D  ---------------

Current thread (0x0000017bac40ac10):  VMThread "VM Thread"          [id=16304, stack(0x0000001e50d00000,0x0000001e50e00000) (1024K)]

Stack: [0x0000001e50d00000,0x0000001e50e00000]
Native frames: (J=compiled Java code, j=interpreted, Vv=VM code, C=native code)
V  [jvm.dll+0x6e02f9]
V  [jvm.dll+0x8bd383]
V  [jvm.dll+0x8bf8de]
V  [jvm.dll+0x8bffc3]
V  [jvm.dll+0x2879c6]
V  [jvm.dll+0x6dcac5]
V  [jvm.dll+0x6d0f9a]
V  [jvm.dll+0x35f9bb]
V  [jvm.dll+0x367566]
V  [jvm.dll+0x3b8b56]
V  [jvm.dll+0x3b8e28]
V  [jvm.dll+0x33217c]
V  [jvm.dll+0x332207]
V  [jvm.dll+0x37808c]
V  [jvm.dll+0x37681e]
V  [jvm.dll+0x331881]
V  [jvm.dll+0x375f30]
V  [jvm.dll+0x8c5928]
V  [jvm.dll+0x8c6a24]
V  [jvm.dll+0x8c6f60]
V  [jvm.dll+0x8c71f3]
V  [jvm.dll+0x865338]
V  [jvm.dll+0x6deb3d]
C  [ucrtbase.dll+0x37b0]
C  [KERNEL32.DLL+0x2e8d7]
C  [ntdll.dll+0x8c53c]

VM_Operation (0x0000001e536fb560): G1CollectForAllocation, mode: safepoint, requested by thread 0x0000017bb18e0960


---------------  P R O C E S S  ---------------

Threads class SMR info:
_java_thread_list=0x0000017bb29cb7c0, length=43, elements={
0x0000017b912994e0, 0x0000017bac4291b0, 0x0000017bac4774a0, 0x0000017bac45c220,
0x0000017bac45d8a0, 0x0000017bac45df10, 0x0000017bac45e580, 0x0000017bac45ef20,
0x0000017bac47f6e0, 0x0000017bac012080, 0x0000017bac646420, 0x0000017bac661840,
0x0000017bac733910, 0x0000017bb11df5a0, 0x0000017bb11dfc50, 0x0000017bb17776e0,
0x0000017bb1756940, 0x0000017bb1829b90, 0x0000017bb1a18210, 0x0000017bb18e0ff0,
0x0000017bb18e3750, 0x0000017bb18e02d0, 0x0000017bb18e1680, 0x0000017bb18e2a30,
0x0000017bb18e1d10, 0x0000017bb18e23a0, 0x0000017bb18e30c0, 0x0000017bb18e0960,
0x0000017bb1cd9410, 0x0000017bb1cd9aa0, 0x0000017bb1cd7340, 0x0000017bb1cda130,
0x0000017bb1cd8060, 0x0000017bb1cd86f0, 0x0000017bb1cdae50, 0x0000017bb1cd79d0,
0x0000017bb1cdb4e0, 0x0000017bb2762570, 0x0000017bb272b420, 0x0000017bb2730190,
0x0000017bb1cdbb70, 0x0000017bb1cdc200, 0x0000017bb1cd8d80
}

Java Threads: ( => current thread )
  0x0000017b912994e0 JavaThread "main"                              [_thread_blocked, id=12812, stack(0x0000001e50600000,0x0000001e50700000) (1024K)]
  0x0000017bac4291b0 JavaThread "Reference Handler"          daemon [_thread_blocked, id=17280, stack(0x0000001e50e00000,0x0000001e50f00000) (1024K)]
  0x0000017bac4774a0 JavaThread "Finalizer"                  daemon [_thread_blocked, id=37580, stack(0x0000001e50f00000,0x0000001e51000000) (1024K)]
  0x0000017bac45c220 JavaThread "Signal Dispatcher"          daemon [_thread_blocked, id=24692, stack(0x0000001e51000000,0x0000001e51100000) (1024K)]
  0x0000017bac45d8a0 JavaThread "Attach Listener"            daemon [_thread_blocked, id=43012, stack(0x0000001e51100000,0x0000001e51200000) (1024K)]
  0x0000017bac45df10 JavaThread "Service Thread"             daemon [_thread_blocked, id=30624, stack(0x0000001e51200000,0x0000001e51300000) (1024K)]
  0x0000017bac45e580 JavaThread "Monitor Deflation Thread"   daemon [_thread_blocked, id=15032, stack(0x0000001e51300000,0x0000001e51400000) (1024K)]
  0x0000017bac45ef20 JavaThread "C2 CompilerThread0"         daemon [_thread_blocked, id=40156, stack(0x0000001e51400000,0x0000001e51500000) (1024K)]
  0x0000017bac47f6e0 JavaThread "C1 CompilerThread0"         daemon [_thread_blocked, id=14344, stack(0x0000001e51500000,0x0000001e51600000) (1024K)]
  0x0000017bac012080 JavaThread "C1 CompilerThread1"         daemon [_thread_blocked, id=29060, stack(0x0000001e51600000,0x0000001e51700000) (1024K)]
  0x0000017bac646420 JavaThread "Common-Cleaner"             daemon [_thread_blocked, id=30388, stack(0x0000001e51700000,0x0000001e51800000) (1024K)]
  0x0000017bac661840 JavaThread "Notification Thread"        daemon [_thread_blocked, id=33136, stack(0x0000001e51800000,0x0000001e51900000) (1024K)]
  0x0000017bac733910 JavaThread "C2 CompilerThread1"         daemon [_thread_blocked, id=14584, stack(0x0000001e51900000,0x0000001e51a00000) (1024K)]
  0x0000017bb11df5a0 JavaThread "C1 CompilerThread2"         daemon [_thread_blocked, id=608, stack(0x0000001e51b00000,0x0000001e51c00000) (1024K)]
  0x0000017bb11dfc50 JavaThread "C1 CompilerThread3"         daemon [_thread_blocked, id=36884, stack(0x0000001e51c00000,0x0000001e51d00000) (1024K)]
  0x0000017bb17776e0 JavaThread "MongoShell ExecutorService" daemon [_thread_blocked, id=20892, stack(0x0000001e52500000,0x0000001e52600000) (1024K)]
  0x0000017bb1756940 JavaThread "MongoShell ExecutorService" daemon [_thread_blocked, id=33944, stack(0x0000001e52600000,0x0000001e52700000) (1024K)]
  0x0000017bb1829b90 JavaThread "RMI TCP Accept-42079"       daemon [_thread_in_native, id=48980, stack(0x0000001e52700000,0x0000001e52800000) (1024K)]
  0x0000017bb1a18210 JavaThread "RMI TCP Accept-0"           daemon [_thread_in_native, id=24136, stack(0x0000001e52d00000,0x0000001e52e00000) (1024K)]
  0x0000017bb18e0ff0 JavaThread "RMI Reaper"                        [_thread_blocked, id=48176, stack(0x0000001e52e00000,0x0000001e52f00000) (1024K)]
  0x0000017bb18e3750 JavaThread "RMI GC Daemon"              daemon [_thread_blocked, id=28852, stack(0x0000001e52f00000,0x0000001e53000000) (1024K)]
  0x0000017bb18e02d0 JavaThread "RMI TCP Connection(1)-127.0.0.1" daemon [_thread_in_native, id=32460, stack(0x0000001e53000000,0x0000001e53100000) (1024K)]
  0x0000017bb18e1680 JavaThread "RMI TCP Connection(2)-127.0.0.1" daemon [_thread_in_native, id=47896, stack(0x0000001e53100000,0x0000001e53200000) (1024K)]
  0x0000017bb18e2a30 JavaThread "RMI Scheduler(0)"           daemon [_thread_blocked, id=20928, stack(0x0000001e53200000,0x0000001e53300000) (1024K)]
  0x0000017bb18e1d10 JavaThread "RMI TCP Connection(3)-127.0.0.1" daemon [_thread_blocked, id=17992, stack(0x0000001e53300000,0x0000001e53400000) (1024K)]
  0x0000017bb18e23a0 JavaThread "RMI TCP Connection(4)-127.0.0.1" daemon [_thread_in_native, id=39328, stack(0x0000001e53400000,0x0000001e53500000) (1024K)]
  0x0000017bb18e30c0 JavaThread "RMI RenewClean-[127.0.0.1:61676]" daemon [_thread_blocked, id=44736, stack(0x0000001e53500000,0x0000001e53600000) (1024K)]
  0x0000017bb18e0960 JavaThread "MongoShell ExecutorService" daemon [_thread_blocked, id=40476, stack(0x0000001e53600000,0x0000001e53700000) (1024K)]
  0x0000017bb1cd9410 JavaThread "Jndi-Dns-address-change-listener" daemon [_thread_in_native, id=46756, stack(0x0000001e53700000,0x0000001e53800000) (1024K)]
  0x0000017bb1cd9aa0 JavaThread "BufferPoolPruner-1-thread-1" daemon [_thread_blocked, id=29652, stack(0x0000001e53800000,0x0000001e53900000) (1024K)]
  0x0000017bb1cd7340 JavaThread "cluster-ClusterId{value='6947987ac40c57138e868b0d', description='DataGrip'}-srv-cluster0.izdgthg.mongodb.net" daemon [_thread_blocked, id=34160, stack(0x0000001e53900000,0x0000001e53a00000) (1024K)]
  0x0000017bb1cda130 JavaThread "cluster-ClusterId{value='6947987ac40c57138e868b0d', description='DataGrip'}-ac-g2g9xfy-shard-00-00.izdgthg.mongodb.net:27017" daemon [_thread_in_native, id=16032, stack(0x0000001e53a00000,0x0000001e53b00000) (1024K)]
  0x0000017bb1cd8060 JavaThread "cluster-rtt-ClusterId{value='6947987ac40c57138e868b0d', description='DataGrip'}-ac-g2g9xfy-shard-00-00.izdgthg.mongodb.net:27017" daemon [_thread_blocked, id=20708, stack(0x0000001e53b00000,0x0000001e53c00000) (1024K)]
  0x0000017bb1cd86f0 JavaThread "cluster-ClusterId{value='6947987ac40c57138e868b0d', description='DataGrip'}-ac-g2g9xfy-shard-00-02.izdgthg.mongodb.net:27017" daemon [_thread_in_native, id=5872, stack(0x0000001e53c00000,0x0000001e53d00000) (1024K)]
  0x0000017bb1cdae50 JavaThread "cluster-rtt-ClusterId{value='6947987ac40c57138e868b0d', description='DataGrip'}-ac-g2g9xfy-shard-00-02.izdgthg.mongodb.net:27017" daemon [_thread_blocked, id=42820, stack(0x0000001e53d00000,0x0000001e53e00000) (1024K)]
  0x0000017bb1cd79d0 JavaThread "cluster-ClusterId{value='6947987ac40c57138e868b0d', description='DataGrip'}-ac-g2g9xfy-shard-00-01.izdgthg.mongodb.net:27017" daemon [_thread_in_native, id=41116, stack(0x0000001e53e00000,0x0000001e53f00000) (1024K)]
  0x0000017bb1cdb4e0 JavaThread "cluster-rtt-ClusterId{value='6947987ac40c57138e868b0d', description='DataGrip'}-ac-g2g9xfy-shard-00-01.izdgthg.mongodb.net:27017" daemon [_thread_blocked, id=35224, stack(0x0000001e53f00000,0x0000001e54000000) (1024K)]
  0x0000017bb2762570 JavaThread "C2 CompilerThread2"         daemon [_thread_blocked, id=41240, stack(0x0000001e54100000,0x0000001e54200000) (1024K)]
  0x0000017bb272b420 JavaThread "C2 CompilerThread3"         daemon [_thread_blocked, id=8232, stack(0x0000001e54200000,0x0000001e54300000) (1024K)]
  0x0000017bb2730190 JavaThread "C2 CompilerThread4"         daemon [_thread_blocked, id=20588, stack(0x0000001e54300000,0x0000001e54400000) (1024K)]
  0x0000017bb1cdbb70 JavaThread "MaintenanceTimer-2-thread-1" daemon [_thread_blocked, id=40516, stack(0x0000001e54400000,0x0000001e54500000) (1024K)]
  0x0000017bb1cdc200 JavaThread "MaintenanceTimer-3-thread-1" daemon [_thread_blocked, id=32968, stack(0x0000001e54500000,0x0000001e54600000) (1024K)]
  0x0000017bb1cd8d80 JavaThread "MaintenanceTimer-4-thread-1" daemon [_thread_blocked, id=11600, stack(0x0000001e54600000,0x0000001e54700000) (1024K)]
Total: 43

Other Threads:
=>0x0000017bac40ac10 VMThread "VM Thread"                           [id=16304, stack(0x0000001e50d00000,0x0000001e50e00000) (1024K)]
  0x0000017bac00fc10 WatcherThread "VM Periodic Task Thread"        [id=28516, stack(0x0000001e50c00000,0x0000001e50d00000) (1024K)]
  0x0000017b912f1af0 WorkerThread "GC Thread#0"                     [id=31160, stack(0x0000001e50700000,0x0000001e50800000) (1024K)]
  0x0000017bb17127e0 WorkerThread "GC Thread#1"                     [id=41160, stack(0x0000001e51a00000,0x0000001e51b00000) (1024K)]
  0x0000017bb1712b80 WorkerThread "GC Thread#2"                     [id=42772, stack(0x0000001e51d00000,0x0000001e51e00000) (1024K)]
  0x0000017bb1770280 WorkerThread "GC Thread#3"                     [id=28788, stack(0x0000001e51e00000,0x0000001e51f00000) (1024K)]
  0x0000017bb1740eb0 WorkerThread "GC Thread#4"                     [id=42328, stack(0x0000001e51f00000,0x0000001e52000000) (1024K)]
  0x0000017bb1745260 WorkerThread "GC Thread#5"                     [id=20880, stack(0x0000001e52000000,0x0000001e52100000) (1024K)]
  0x0000017bb1745600 WorkerThread "GC Thread#6"                     [id=49492, stack(0x0000001e52100000,0x0000001e52200000) (1024K)]
  0x0000017bb17459a0 WorkerThread "GC Thread#7"                     [id=37604, stack(0x0000001e52200000,0x0000001e52300000) (1024K)]
  0x0000017bb1745d40 WorkerThread "GC Thread#8"                     [id=11756, stack(0x0000001e52300000,0x0000001e52400000) (1024K)]
  0x0000017bb17460e0 WorkerThread "GC Thread#9"                     [id=40764, stack(0x0000001e52400000,0x0000001e52500000) (1024K)]
  0x0000017bb1a10a30 WorkerThread "GC Thread#10"                    [id=18024, stack(0x0000001e52800000,0x0000001e52900000) (1024K)]
  0x0000017bb19faee0 WorkerThread "GC Thread#11"                    [id=22344, stack(0x0000001e52900000,0x0000001e52a00000) (1024K)]
  0x0000017bb1a17390 WorkerThread "GC Thread#12"                    [id=22788, stack(0x0000001e52a00000,0x0000001e52b00000) (1024K)]
  0x0000017b913029e0 ConcurrentGCThread "G1 Main Marker"            [id=27660, stack(0x0000001e50800000,0x0000001e50900000) (1024K)]
  0x0000017b913033f0 WorkerThread "G1 Conc#0"                       [id=42656, stack(0x0000001e50900000,0x0000001e50a00000) (1024K)]
  0x0000017bb176b180 WorkerThread "G1 Conc#1"                       [id=22124, stack(0x0000001e52b00000,0x0000001e52c00000) (1024K)]
  0x0000017bb176aa40 WorkerThread "G1 Conc#2"                       [id=47784, stack(0x0000001e52c00000,0x0000001e52d00000) (1024K)]
  0x0000017babed23c0 ConcurrentGCThread "G1 Refine#0"               [id=16448, stack(0x0000001e50a00000,0x0000001e50b00000) (1024K)]
  0x0000017babed6810 ConcurrentGCThread "G1 Service"                [id=15432, stack(0x0000001e50b00000,0x0000001e50c00000) (1024K)]
Total: 21

Threads with active compile tasks:
C2 CompilerThread0     4687 5145       4       com.oracle.js.parser.ParserContextFunctionNode::finishBodyScope (227 bytes)
C2 CompilerThread1     4687 5215       4       com.oracle.js.parser.Parser::expressionStatement (65 bytes)
C2 CompilerThread2     4687 5283       4       com.oracle.js.parser.Parser::declareVar (384 bytes)
C2 CompilerThread3     4687 5068   !   4       com.oracle.js.parser.Parser::functionBody (609 bytes)
C2 CompilerThread4     4687 5302       4       com.oracle.js.parser.Lexer::valueOfString (747 bytes)
Total: 5

VM state: at safepoint (normal execution)

VM Mutex/Monitor currently owned by a thread:  ([mutex/lock_event])
[0x00007fffd85c1758] Threads_lock - owner thread: 0x0000017bac40ac10
[0x00007fffd85c1858] Heap_lock - owner thread: 0x0000017bb18e0960

Heap address: 0x0000000080000000, size: 2048 MB, Compressed Oops mode: 32-bit

CDS archive(s) not mapped
Compressed class space mapped at: 0x0000000100000000-0x0000000140000000, reserved size: 1073741824
Narrow klass base: 0x0000000000000000, Narrow klass shift: 3, Narrow klass range: 0x140000000

GC Precious Log:
 CardTable entry size: 512
 Card Set container configuration: InlinePtr #cards 5 size 8 Array Of Cards #cards 12 size 40 Howl #buckets 4 coarsen threshold 1843 Howl Bitmap #cards 512 size 80 coarsen threshold 460 Card regions per heap region 1 cards per card region 2048
 CPUs: 16 total, 16 available
 Memory: 16003M
 Large Page Support: Disabled
 NUMA Support: Disabled
 Compressed Oops: Enabled (32-bit)
 Heap Region Size: 1M
 Heap Min Capacity: 128M
 Heap Initial Capacity: 128M
 Heap Max Capacity: 2G
 Pre-touch: Disabled
 Parallel Workers: 13
 Concurrent Workers: 3
 Concurrent Refinement Workers: 13
 Periodic GC: Disabled

Heap:
 garbage-first heap   total 261120K, used 193536K [0x0000000080000000, 0x0000000100000000)
  region size 1024K, 7 young (7168K), 7 survivors (7168K)
 Metaspace       used 48761K, committed 49216K, reserved 1114112K
  class space    used 5294K, committed 5504K, reserved 1048576K

Heap Regions: E=young(eden), S=young(survivor), O=old, HS=humongous(starts), HC=humongous(continues), CS=collection set, F=free, TAMS=top-at-mark-start, PB=parsable bottom
|   0|0x0000000080000000, 0x0000000080100000, 0x0000000080100000|100%|HS|  |TAMS 0x0000000080100000| PB 0x0000000080000000| Complete 
|   1|0x0000000080100000, 0x0000000080200000, 0x0000000080200000|100%|HC|  |TAMS 0x0000000080200000| PB 0x0000000080100000| Complete 
|   2|0x0000000080200000, 0x0000000080300000, 0x0000000080300000|100%|HS|  |TAMS 0x0000000080300000| PB 0x0000000080200000| Complete 
|   3|0x0000000080300000, 0x0000000080400000, 0x0000000080400000|100%|HS|  |TAMS 0x0000000080400000| PB 0x0000000080300000| Complete 
|   4|0x0000000080400000, 0x0000000080500000, 0x0000000080500000|100%|HS|  |TAMS 0x0000000080500000| PB 0x0000000080400000| Complete 
|   5|0x0000000080500000, 0x0000000080600000, 0x0000000080600000|100%|HC|  |TAMS 0x0000000080600000| PB 0x0000000080500000| Complete 
|   6|0x0000000080600000, 0x0000000080700000, 0x0000000080700000|100%| O|  |TAMS 0x0000000080700000| PB 0x0000000080600000| Untracked 
|   7|0x0000000080700000, 0x0000000080800000, 0x0000000080800000|100%| O|  |TAMS 0x0000000080800000| PB 0x0000000080700000| Untracked 
|   8|0x0000000080800000, 0x0000000080900000, 0x0000000080900000|100%| O|  |TAMS 0x0000000080900000| PB 0x0000000080800000| Untracked 
|   9|0x0000000080900000, 0x0000000080a00000, 0x0000000080a00000|100%| O|  |TAMS 0x0000000080a00000| PB 0x0000000080900000| Untracked 
|  10|0x0000000080a00000, 0x0000000080b00000, 0x0000000080b00000|100%| O|  |TAMS 0x0000000080b00000| PB 0x0000000080a00000| Untracked 
|  11|0x0000000080b00000, 0x0000000080c00000, 0x0000000080c00000|100%| O|  |TAMS 0x0000000080c00000| PB 0x0000000080b00000| Untracked 
|  12|0x0000000080c00000, 0x0000000080d00000, 0x0000000080d00000|100%| O|  |TAMS 0x0000000080d00000| PB 0x0000000080c00000| Untracked 
|  13|0x0000000080d00000, 0x0000000080e00000, 0x0000000080e00000|100%| O|  |TAMS 0x0000000080e00000| PB 0x0000000080d00000| Untracked 
|  14|0x0000000080e00000, 0x0000000080f00000, 0x0000000080f00000|100%| O|  |TAMS 0x0000000080f00000| PB 0x0000000080e00000| Untracked 
|  15|0x0000000080f00000, 0x0000000081000000, 0x0000000081000000|100%| O|  |TAMS 0x0000000081000000| PB 0x0000000080f00000| Untracked 
|  16|0x0000000081000000, 0x0000000081100000, 0x0000000081100000|100%| O|  |TAMS 0x0000000081100000| PB 0x0000000081000000| Untracked 
|  17|0x0000000081100000, 0x0000000081200000, 0x0000000081200000|100%| O|  |TAMS 0x0000000081200000| PB 0x0000000081100000| Untracked 
|  18|0x0000000081200000, 0x0000000081300000, 0x0000000081300000|100%| O|  |TAMS 0x0000000081300000| PB 0x0000000081200000| Untracked 
|  19|0x0000000081300000, 0x0000000081400000, 0x0000000081400000|100%|HS|  |TAMS 0x0000000081400000| PB 0x0000000081300000| Complete 
|  20|0x0000000081400000, 0x0000000081500000, 0x0000000081500000|100%|HC|  |TAMS 0x0000000081500000| PB 0x0000000081400000| Complete 
|  21|0x0000000081500000, 0x0000000081600000, 0x0000000081600000|100%|HC|  |TAMS 0x0000000081600000| PB 0x0000000081500000| Complete 
|  22|0x0000000081600000, 0x0000000081700000, 0x0000000081700000|100%|HC|  |TAMS 0x0000000081700000| PB 0x0000000081600000| Complete 
|  23|0x0000000081700000, 0x0000000081800000, 0x0000000081800000|100%| O|  |TAMS 0x0000000081800000| PB 0x0000000081700000| Untracked 
|  24|0x0000000081800000, 0x0000000081900000, 0x0000000081900000|100%| O|  |TAMS 0x0000000081900000| PB 0x0000000081800000| Untracked 
|  25|0x0000000081900000, 0x0000000081a00000, 0x0000000081a00000|100%| O|  |TAMS 0x0000000081a00000| PB 0x0000000081900000| Untracked 
|  26|0x0000000081a00000, 0x0000000081b00000, 0x0000000081b00000|100%| O|  |TAMS 0x0000000081b00000| PB 0x0000000081a00000| Untracked 
|  27|0x0000000081b00000, 0x0000000081c00000, 0x0000000081c00000|100%| O|  |TAMS 0x0000000081c00000| PB 0x0000000081b00000| Untracked 
|  28|0x0000000081c00000, 0x0000000081d00000, 0x0000000081d00000|100%| O|  |TAMS 0x0000000081d00000| PB 0x0000000081c00000| Untracked 
|  29|0x0000000081d00000, 0x0000000081e00000, 0x0000000081e00000|100%| O|  |TAMS 0x0000000081e00000| PB 0x0000000081d00000| Untracked 
|  30|0x0000000081e00000, 0x0000000081f00000, 0x0000000081f00000|100%| O|  |TAMS 0x0000000081f00000| PB 0x0000000081e00000| Untracked 
|  31|0x0000000081f00000, 0x0000000082000000, 0x0000000082000000|100%| O|  |TAMS 0x0000000082000000| PB 0x0000000081f00000| Untracked 
|  32|0x0000000082000000, 0x0000000082100000, 0x0000000082100000|100%| O|  |TAMS 0x0000000082100000| PB 0x0000000082000000| Untracked 
|  33|0x0000000082100000, 0x0000000082200000, 0x0000000082200000|100%| O|  |TAMS 0x0000000082200000| PB 0x0000000082100000| Untracked 
|  34|0x0000000082200000, 0x0000000082300000, 0x0000000082300000|100%| O|  |TAMS 0x0000000082300000| PB 0x0000000082200000| Untracked 
|  35|0x0000000082300000, 0x0000000082400000, 0x0000000082400000|100%| O|  |TAMS 0x0000000082400000| PB 0x0000000082300000| Untracked 
|  36|0x0000000082400000, 0x0000000082500000, 0x0000000082500000|100%| O|  |TAMS 0x0000000082500000| PB 0x0000000082400000| Untracked 
|  37|0x0000000082500000, 0x0000000082600000, 0x0000000082600000|100%| O|  |TAMS 0x0000000082600000| PB 0x0000000082500000| Untracked 
|  38|0x0000000082600000, 0x0000000082700000, 0x0000000082700000|100%| O|  |TAMS 0x0000000082700000| PB 0x0000000082600000| Untracked 
|  39|0x0000000082700000, 0x0000000082800000, 0x0000000082800000|100%| O|  |TAMS 0x0000000082800000| PB 0x0000000082700000| Untracked 
|  40|0x0000000082800000, 0x0000000082900000, 0x0000000082900000|100%| O|  |TAMS 0x0000000082900000| PB 0x0000000082800000| Untracked 
|  41|0x0000000082900000, 0x0000000082a00000, 0x0000000082a00000|100%| O|  |TAMS 0x0000000082a00000| PB 0x0000000082900000| Untracked 
|  42|0x0000000082a00000, 0x0000000082b00000, 0x0000000082b00000|100%| O|  |TAMS 0x0000000082b00000| PB 0x0000000082a00000| Untracked 
|  43|0x0000000082b00000, 0x0000000082c00000, 0x0000000082c00000|100%| O|  |TAMS 0x0000000082c00000| PB 0x0000000082b00000| Untracked 
|  44|0x0000000082c00000, 0x0000000082d00000, 0x0000000082d00000|100%| O|  |TAMS 0x0000000082d00000| PB 0x0000000082c00000| Untracked 
|  45|0x0000000082d00000, 0x0000000082e00000, 0x0000000082e00000|100%| O|  |TAMS 0x0000000082e00000| PB 0x0000000082d00000| Untracked 
|  46|0x0000000082e00000, 0x0000000082f00000, 0x0000000082f00000|100%| O|  |TAMS 0x0000000082f00000| PB 0x0000000082e00000| Untracked 
|  47|0x0000000082f00000, 0x0000000083000000, 0x0000000083000000|100%| O|  |TAMS 0x0000000083000000| PB 0x0000000082f00000| Untracked 
|  48|0x0000000083000000, 0x0000000083100000, 0x0000000083100000|100%| O|  |TAMS 0x0000000083100000| PB 0x0000000083000000| Untracked 
|  49|0x0000000083100000, 0x0000000083200000, 0x0000000083200000|100%| O|  |TAMS 0x0000000083200000| PB 0x0000000083100000| Untracked 
|  50|0x0000000083200000, 0x0000000083300000, 0x0000000083300000|100%| O|  |TAMS 0x0000000083300000| PB 0x0000000083200000| Untracked 
|  51|0x0000000083300000, 0x0000000083400000, 0x0000000083400000|100%| O|  |TAMS 0x0000000083400000| PB 0x0000000083300000| Untracked 
|  52|0x0000000083400000, 0x0000000083500000, 0x0000000083500000|100%| O|  |TAMS 0x0000000083500000| PB 0x0000000083400000| Untracked 
|  53|0x0000000083500000, 0x0000000083600000, 0x0000000083600000|100%| O|  |TAMS 0x0000000083600000| PB 0x0000000083500000| Untracked 
|  54|0x0000000083600000, 0x0000000083700000, 0x0000000083700000|100%| O|  |TAMS 0x0000000083700000| PB 0x0000000083600000| Untracked 
|  55|0x0000000083700000, 0x0000000083800000, 0x0000000083800000|100%| O|  |TAMS 0x0000000083800000| PB 0x0000000083700000| Untracked 
|  56|0x0000000083800000, 0x0000000083900000, 0x0000000083900000|100%| O|  |TAMS 0x0000000083900000| PB 0x0000000083800000| Untracked 
|  57|0x0000000083900000, 0x0000000083a00000, 0x0000000083a00000|100%| O|  |TAMS 0x0000000083a00000| PB 0x0000000083900000| Untracked 
|  58|0x0000000083a00000, 0x0000000083b00000, 0x0000000083b00000|100%| O|  |TAMS 0x0000000083b00000| PB 0x0000000083a00000| Untracked 
|  59|0x0000000083b00000, 0x0000000083c00000, 0x0000000083c00000|100%| O|  |TAMS 0x0000000083c00000| PB 0x0000000083b00000| Untracked 
|  60|0x0000000083c00000, 0x0000000083d00000, 0x0000000083d00000|100%| O|  |TAMS 0x0000000083d00000| PB 0x0000000083c00000| Untracked 
|  61|0x0000000083d00000, 0x0000000083e00000, 0x0000000083e00000|100%| O|  |TAMS 0x0000000083e00000| PB 0x0000000083d00000| Untracked 
|  62|0x0000000083e00000, 0x0000000083f00000, 0x0000000083f00000|100%| O|  |TAMS 0x0000000083f00000| PB 0x0000000083e00000| Untracked 
|  63|0x0000000083f00000, 0x0000000084000000, 0x0000000084000000|100%| O|  |TAMS 0x0000000084000000| PB 0x0000000083f00000| Untracked 
|  64|0x0000000084000000, 0x0000000084100000, 0x0000000084100000|100%| O|  |TAMS 0x0000000084100000| PB 0x0000000084000000| Untracked 
|  65|0x0000000084100000, 0x0000000084200000, 0x0000000084200000|100%| O|  |TAMS 0x0000000084200000| PB 0x0000000084100000| Untracked 
|  66|0x0000000084200000, 0x0000000084300000, 0x0000000084300000|100%| O|  |TAMS 0x0000000084300000| PB 0x0000000084200000| Untracked 
|  67|0x0000000084300000, 0x0000000084400000, 0x0000000084400000|100%| O|  |TAMS 0x0000000084400000| PB 0x0000000084300000| Untracked 
|  68|0x0000000084400000, 0x0000000084500000, 0x0000000084500000|100%| O|  |TAMS 0x0000000084500000| PB 0x0000000084400000| Untracked 
|  69|0x0000000084500000, 0x0000000084600000, 0x0000000084600000|100%| O|  |TAMS 0x0000000084600000| PB 0x0000000084500000| Untracked 
|  70|0x0000000084600000, 0x0000000084700000, 0x0000000084700000|100%| O|  |TAMS 0x0000000084700000| PB 0x0000000084600000| Untracked 
|  71|0x0000000084700000, 0x0000000084800000, 0x0000000084800000|100%| O|  |TAMS 0x0000000084800000| PB 0x0000000084700000| Untracked 
|  72|0x0000000084800000, 0x0000000084900000, 0x0000000084900000|100%| O|  |TAMS 0x0000000084900000| PB 0x0000000084800000| Untracked 
|  73|0x0000000084900000, 0x0000000084a00000, 0x0000000084a00000|100%| O|  |TAMS 0x0000000084a00000| PB 0x0000000084900000| Untracked 
|  74|0x0000000084a00000, 0x0000000084b00000, 0x0000000084b00000|100%| O|  |TAMS 0x0000000084b00000| PB 0x0000000084a00000| Untracked 
|  75|0x0000000084b00000, 0x0000000084c00000, 0x0000000084c00000|100%| O|  |TAMS 0x0000000084c00000| PB 0x0000000084b00000| Untracked 
|  76|0x0000000084c00000, 0x0000000084d00000, 0x0000000084d00000|100%| O|  |TAMS 0x0000000084d00000| PB 0x0000000084c00000| Untracked 
|  77|0x0000000084d00000, 0x0000000084e00000, 0x0000000084e00000|100%| O|  |TAMS 0x0000000084e00000| PB 0x0000000084d00000| Untracked 
|  78|0x0000000084e00000, 0x0000000084f00000, 0x0000000084f00000|100%| O|  |TAMS 0x0000000084f00000| PB 0x0000000084e00000| Untracked 
|  79|0x0000000084f00000, 0x0000000085000000, 0x0000000085000000|100%| O|  |TAMS 0x0000000085000000| PB 0x0000000084f00000| Untracked 
|  80|0x0000000085000000, 0x0000000085100000, 0x0000000085100000|100%| O|  |TAMS 0x0000000085100000| PB 0x0000000085000000| Untracked 
|  81|0x0000000085100000, 0x0000000085200000, 0x0000000085200000|100%| O|  |TAMS 0x0000000085200000| PB 0x0000000085100000| Untracked 
|  82|0x0000000085200000, 0x0000000085300000, 0x0000000085300000|100%| O|  |TAMS 0x0000000085300000| PB 0x0000000085200000| Untracked 
|  83|0x0000000085300000, 0x0000000085400000, 0x0000000085400000|100%| O|  |TAMS 0x0000000085400000| PB 0x0000000085300000| Untracked 
|  84|0x0000000085400000, 0x0000000085500000, 0x0000000085500000|100%| O|  |TAMS 0x0000000085500000| PB 0x0000000085400000| Untracked 
|  85|0x0000000085500000, 0x0000000085600000, 0x0000000085600000|100%| O|  |TAMS 0x0000000085600000| PB 0x0000000085500000| Untracked 
|  86|0x0000000085600000, 0x0000000085700000, 0x0000000085700000|100%| O|  |TAMS 0x0000000085700000| PB 0x0000000085600000| Untracked 
|  87|0x0000000085700000, 0x0000000085800000, 0x0000000085800000|100%| O|  |TAMS 0x0000000085800000| PB 0x0000000085700000| Untracked 
|  88|0x0000000085800000, 0x0000000085900000, 0x0000000085900000|100%| O|  |TAMS 0x0000000085900000| PB 0x0000000085800000| Untracked 
|  89|0x0000000085900000, 0x0000000085a00000, 0x0000000085a00000|100%| O|  |TAMS 0x0000000085a00000| PB 0x0000000085900000| Untracked 
|  90|0x0000000085a00000, 0x0000000085b00000, 0x0000000085b00000|100%| O|  |TAMS 0x0000000085b00000| PB 0x0000000085a00000| Untracked 
|  91|0x0000000085b00000, 0x0000000085c00000, 0x0000000085c00000|100%| O|  |TAMS 0x0000000085c00000| PB 0x0000000085b00000| Untracked 
|  92|0x0000000085c00000, 0x0000000085d00000, 0x0000000085d00000|100%| O|  |TAMS 0x0000000085d00000| PB 0x0000000085c00000| Untracked 
|  93|0x0000000085d00000, 0x0000000085e00000, 0x0000000085e00000|100%| O|  |TAMS 0x0000000085e00000| PB 0x0000000085d00000| Untracked 
|  94|0x0000000085e00000, 0x0000000085f00000, 0x0000000085f00000|100%| O|  |TAMS 0x0000000085f00000| PB 0x0000000085e00000| Untracked 
|  95|0x0000000085f00000, 0x0000000086000000, 0x0000000086000000|100%| O|  |TAMS 0x0000000086000000| PB 0x0000000085f00000| Untracked 
|  96|0x0000000086000000, 0x0000000086100000, 0x0000000086100000|100%| O|  |TAMS 0x0000000086100000| PB 0x0000000086000000| Untracked 
|  97|0x0000000086100000, 0x0000000086200000, 0x0000000086200000|100%| O|  |TAMS 0x0000000086200000| PB 0x0000000086100000| Untracked 
|  98|0x0000000086200000, 0x0000000086300000, 0x0000000086300000|100%| O|  |TAMS 0x0000000086300000| PB 0x0000000086200000| Untracked 
|  99|0x0000000086300000, 0x0000000086400000, 0x0000000086400000|100%| O|  |TAMS 0x0000000086400000| PB 0x0000000086300000| Untracked 
| 100|0x0000000086400000, 0x0000000086500000, 0x0000000086500000|100%| O|  |TAMS 0x0000000086500000| PB 0x0000000086400000| Untracked 
| 101|0x0000000086500000, 0x0000000086600000, 0x0000000086600000|100%| O|  |TAMS 0x0000000086600000| PB 0x0000000086500000| Untracked 
| 102|0x0000000086600000, 0x0000000086700000, 0x0000000086700000|100%| O|  |TAMS 0x0000000086700000| PB 0x0000000086600000| Untracked 
| 103|0x0000000086700000, 0x0000000086800000, 0x0000000086800000|100%| O|  |TAMS 0x0000000086800000| PB 0x0000000086700000| Untracked 
| 104|0x0000000086800000, 0x0000000086900000, 0x0000000086900000|100%| O|  |TAMS 0x0000000086900000| PB 0x0000000086800000| Untracked 
| 105|0x0000000086900000, 0x0000000086a00000, 0x0000000086a00000|100%| O|  |TAMS 0x0000000086a00000| PB 0x0000000086900000| Untracked 
| 106|0x0000000086a00000, 0x0000000086b00000, 0x0000000086b00000|100%| O|  |TAMS 0x0000000086b00000| PB 0x0000000086a00000| Untracked 
| 107|0x0000000086b00000, 0x0000000086c00000, 0x0000000086c00000|100%| O|  |TAMS 0x0000000086c00000| PB 0x0000000086b00000| Untracked 
| 108|0x0000000086c00000, 0x0000000086d00000, 0x0000000086d00000|100%| O|  |TAMS 0x0000000086d00000| PB 0x0000000086c00000| Untracked 
| 109|0x0000000086d00000, 0x0000000086e00000, 0x0000000086e00000|100%| O|  |TAMS 0x0000000086e00000| PB 0x0000000086d00000| Untracked 
| 110|0x0000000086e00000, 0x0000000086f00000, 0x0000000086f00000|100%| O|  |TAMS 0x0000000086f00000| PB 0x0000000086e00000| Untracked 
| 111|0x0000000086f00000, 0x0000000087000000, 0x0000000087000000|100%| O|  |TAMS 0x0000000087000000| PB 0x0000000086f00000| Untracked 
| 112|0x0000000087000000, 0x0000000087100000, 0x0000000087100000|100%| O|  |TAMS 0x0000000087100000| PB 0x0000000087000000| Untracked 
| 113|0x0000000087100000, 0x0000000087200000, 0x0000000087200000|100%| O|  |TAMS 0x0000000087200000| PB 0x0000000087100000| Untracked 
| 114|0x0000000087200000, 0x0000000087300000, 0x0000000087300000|100%| O|  |TAMS 0x0000000087300000| PB 0x0000000087200000| Untracked 
| 115|0x0000000087300000, 0x0000000087400000, 0x0000000087400000|100%| O|  |TAMS 0x0000000087400000| PB 0x0000000087300000| Untracked 
| 116|0x0000000087400000, 0x0000000087500000, 0x0000000087500000|100%| O|  |TAMS 0x0000000087500000| PB 0x0000000087400000| Untracked 
| 117|0x0000000087500000, 0x0000000087600000, 0x0000000087600000|100%| O|  |TAMS 0x0000000087600000| PB 0x0000000087500000| Untracked 
| 118|0x0000000087600000, 0x0000000087700000, 0x0000000087700000|100%| O|  |TAMS 0x0000000087700000| PB 0x0000000087600000| Untracked 
| 119|0x0000000087700000, 0x0000000087800000, 0x0000000087800000|100%| O|  |TAMS 0x0000000087800000| PB 0x0000000087700000| Untracked 
| 120|0x0000000087800000, 0x0000000087900000, 0x0000000087900000|100%| O|  |TAMS 0x0000000087900000| PB 0x0000000087800000| Untracked 
| 121|0x0000000087900000, 0x0000000087a00000, 0x0000000087a00000|100%| O|  |TAMS 0x0000000087a00000| PB 0x0000000087900000| Untracked 
| 122|0x0000000087a00000, 0x0000000087b00000, 0x0000000087b00000|100%| O|  |TAMS 0x0000000087b00000| PB 0x0000000087a00000| Untracked 
| 123|0x0000000087b00000, 0x0000000087c00000, 0x0000000087c00000|100%| O|  |TAMS 0x0000000087c00000| PB 0x0000000087b00000| Untracked 
| 124|0x0000000087c00000, 0x0000000087d00000, 0x0000000087d00000|100%| O|  |TAMS 0x0000000087d00000| PB 0x0000000087c00000| Untracked 
| 125|0x0000000087d00000, 0x0000000087e00000, 0x0000000087e00000|100%| O|  |TAMS 0x0000000087e00000| PB 0x0000000087d00000| Untracked 
| 126|0x0000000087e00000, 0x0000000087f00000, 0x0000000087f00000|100%| O|  |TAMS 0x0000000087f00000| PB 0x0000000087e00000| Untracked 
| 127|0x0000000087f00000, 0x0000000088000000, 0x0000000088000000|100%| O|  |TAMS 0x0000000088000000| PB 0x0000000087f00000| Untracked 
| 128|0x0000000088000000, 0x0000000088100000, 0x0000000088100000|100%| O|  |TAMS 0x0000000088100000| PB 0x0000000088000000| Untracked 
| 129|0x0000000088100000, 0x0000000088200000, 0x0000000088200000|100%| O|  |TAMS 0x0000000088200000| PB 0x0000000088100000| Untracked 
| 130|0x0000000088200000, 0x0000000088300000, 0x0000000088300000|100%| O|  |TAMS 0x0000000088300000| PB 0x0000000088200000| Untracked 
| 131|0x0000000088300000, 0x0000000088400000, 0x0000000088400000|100%| O|  |TAMS 0x0000000088400000| PB 0x0000000088300000| Untracked 
| 132|0x0000000088400000, 0x0000000088500000, 0x0000000088500000|100%| O|  |TAMS 0x0000000088500000| PB 0x0000000088400000| Untracked 
| 133|0x0000000088500000, 0x0000000088600000, 0x0000000088600000|100%| O|  |TAMS 0x0000000088500000| PB 0x0000000088500000| Untracked 
| 134|0x0000000088600000, 0x0000000088700000, 0x0000000088700000|100%| O|  |TAMS 0x0000000088600000| PB 0x0000000088600000| Untracked 
| 135|0x0000000088700000, 0x0000000088800000, 0x0000000088800000|100%| O|  |TAMS 0x0000000088700000| PB 0x0000000088700000| Untracked 
| 136|0x0000000088800000, 0x0000000088900000, 0x0000000088900000|100%| O|  |TAMS 0x0000000088800000| PB 0x0000000088800000| Untracked 
| 137|0x0000000088900000, 0x0000000088a00000, 0x0000000088a00000|100%| O|  |TAMS 0x0000000088900000| PB 0x0000000088900000| Untracked 
| 138|0x0000000088a00000, 0x0000000088b00000, 0x0000000088b00000|100%| O|  |TAMS 0x0000000088a00000| PB 0x0000000088a00000| Untracked 
| 139|0x0000000088b00000, 0x0000000088c00000, 0x0000000088c00000|100%| O|  |TAMS 0x0000000088b00000| PB 0x0000000088b00000| Untracked 
| 140|0x0000000088c00000, 0x0000000088d00000, 0x0000000088d00000|100%| O|  |TAMS 0x0000000088c00000| PB 0x0000000088c00000| Untracked 
| 141|0x0000000088d00000, 0x0000000088e00000, 0x0000000088e00000|100%| O|  |TAMS 0x0000000088d00000| PB 0x0000000088d00000| Untracked 
| 142|0x0000000088e00000, 0x0000000088f00000, 0x0000000088f00000|100%| O|  |TAMS 0x0000000088e00000| PB 0x0000000088e00000| Untracked 
| 143|0x0000000088f00000, 0x0000000089000000, 0x0000000089000000|100%| O|  |TAMS 0x0000000088f00000| PB 0x0000000088f00000| Untracked 
| 144|0x0000000089000000, 0x0000000089100000, 0x0000000089100000|100%| O|  |TAMS 0x0000000089000000| PB 0x0000000089000000| Untracked 
| 145|0x0000000089100000, 0x0000000089200000, 0x0000000089200000|100%| O|  |TAMS 0x0000000089100000| PB 0x0000000089100000| Untracked 
| 146|0x0000000089200000, 0x0000000089300000, 0x0000000089300000|100%| O|  |TAMS 0x0000000089200000| PB 0x0000000089200000| Untracked 
| 147|0x0000000089300000, 0x0000000089400000, 0x0000000089400000|100%| O|  |TAMS 0x0000000089300000| PB 0x0000000089300000| Untracked 
| 148|0x0000000089400000, 0x0000000089500000, 0x0000000089500000|100%| O|  |TAMS 0x0000000089400000| PB 0x0000000089400000| Untracked 
| 149|0x0000000089500000, 0x0000000089600000, 0x0000000089600000|100%| O|  |TAMS 0x0000000089500000| PB 0x0000000089500000| Untracked 
| 150|0x0000000089600000, 0x0000000089700000, 0x0000000089700000|100%| O|  |TAMS 0x0000000089600000| PB 0x0000000089600000| Untracked 
| 151|0x0000000089700000, 0x0000000089800000, 0x0000000089800000|100%| O|  |TAMS 0x0000000089700000| PB 0x0000000089700000| Untracked 
| 152|0x0000000089800000, 0x0000000089900000, 0x0000000089900000|100%| O|  |TAMS 0x0000000089800000| PB 0x0000000089800000| Untracked 
| 153|0x0000000089900000, 0x0000000089a00000, 0x0000000089a00000|100%| O|  |TAMS 0x0000000089900000| PB 0x0000000089900000| Untracked 
| 154|0x0000000089a00000, 0x0000000089b00000, 0x0000000089b00000|100%| O|  |TAMS 0x0000000089a00000| PB 0x0000000089a00000| Untracked 
| 155|0x0000000089b00000, 0x0000000089c00000, 0x0000000089c00000|100%| O|  |TAMS 0x0000000089b00000| PB 0x0000000089b00000| Untracked 
| 156|0x0000000089c00000, 0x0000000089d00000, 0x0000000089d00000|100%| O|  |TAMS 0x0000000089c00000| PB 0x0000000089c00000| Untracked 
| 157|0x0000000089d00000, 0x0000000089e00000, 0x0000000089e00000|100%| O|  |TAMS 0x0000000089d00000| PB 0x0000000089d00000| Untracked 
| 158|0x0000000089e00000, 0x0000000089f00000, 0x0000000089f00000|100%| O|  |TAMS 0x0000000089e00000| PB 0x0000000089e00000| Untracked 
| 159|0x0000000089f00000, 0x000000008a000000, 0x000000008a000000|100%| O|  |TAMS 0x0000000089f00000| PB 0x0000000089f00000| Untracked 
| 160|0x000000008a000000, 0x000000008a100000, 0x000000008a100000|100%| O|  |TAMS 0x000000008a000000| PB 0x000000008a000000| Untracked 
| 161|0x000000008a100000, 0x000000008a200000, 0x000000008a200000|100%| O|  |TAMS 0x000000008a100000| PB 0x000000008a100000| Untracked 
| 162|0x000000008a200000, 0x000000008a300000, 0x000000008a300000|100%| O|  |TAMS 0x000000008a200000| PB 0x000000008a200000| Untracked 
| 163|0x000000008a300000, 0x000000008a400000, 0x000000008a400000|100%| O|  |TAMS 0x000000008a300000| PB 0x000000008a300000| Untracked 
| 164|0x000000008a400000, 0x000000008a500000, 0x000000008a500000|100%| O|  |TAMS 0x000000008a400000| PB 0x000000008a400000| Untracked 
| 165|0x000000008a500000, 0x000000008a600000, 0x000000008a600000|100%| O|  |TAMS 0x000000008a500000| PB 0x000000008a500000| Untracked 
| 166|0x000000008a600000, 0x000000008a700000, 0x000000008a700000|100%| O|  |TAMS 0x000000008a600000| PB 0x000000008a600000| Untracked 
| 167|0x000000008a700000, 0x000000008a800000, 0x000000008a800000|100%| O|  |TAMS 0x000000008a700000| PB 0x000000008a700000| Untracked 
| 168|0x000000008a800000, 0x000000008a900000, 0x000000008a900000|100%| O|  |TAMS 0x000000008a800000| PB 0x000000008a800000| Untracked 
| 169|0x000000008a900000, 0x000000008aa00000, 0x000000008aa00000|100%| O|  |TAMS 0x000000008a900000| PB 0x000000008a900000| Untracked 
| 170|0x000000008aa00000, 0x000000008ab00000, 0x000000008ab00000|100%| O|  |TAMS 0x000000008aa00000| PB 0x000000008aa00000| Untracked 
| 171|0x000000008ab00000, 0x000000008ac00000, 0x000000008ac00000|100%| O|  |TAMS 0x000000008ab00000| PB 0x000000008ab00000| Untracked 
| 172|0x000000008ac00000, 0x000000008ad00000, 0x000000008ad00000|100%| O|  |TAMS 0x000000008ac00000| PB 0x000000008ac00000| Untracked 
| 173|0x000000008ad00000, 0x000000008ae00000, 0x000000008ae00000|100%| O|  |TAMS 0x000000008ad00000| PB 0x000000008ad00000| Untracked 
| 174|0x000000008ae00000, 0x000000008af00000, 0x000000008af00000|100%| O|  |TAMS 0x000000008ae00000| PB 0x000000008ae00000| Untracked 
| 175|0x000000008af00000, 0x000000008b000000, 0x000000008b000000|100%| O|  |TAMS 0x000000008af00000| PB 0x000000008af00000| Untracked 
| 176|0x000000008b000000, 0x000000008b100000, 0x000000008b100000|100%| O|  |TAMS 0x000000008b000000| PB 0x000000008b000000| Untracked 
| 177|0x000000008b100000, 0x000000008b200000, 0x000000008b200000|100%| O|  |TAMS 0x000000008b100000| PB 0x000000008b100000| Untracked 
| 178|0x000000008b200000, 0x000000008b300000, 0x000000008b300000|100%| O|  |TAMS 0x000000008b200000| PB 0x000000008b200000| Untracked 
| 179|0x000000008b300000, 0x000000008b400000, 0x000000008b400000|100%| O|  |TAMS 0x000000008b300000| PB 0x000000008b300000| Untracked 
| 180|0x000000008b400000, 0x000000008b500000, 0x000000008b500000|100%| O|  |TAMS 0x000000008b400000| PB 0x000000008b400000| Untracked 
| 181|0x000000008b500000, 0x000000008b600000, 0x000000008b600000|100%| O|  |TAMS 0x000000008b500000| PB 0x000000008b500000| Untracked 
| 182|0x000000008b600000, 0x000000008b600000, 0x000000008b700000|  0%| F|  |TAMS 0x000000008b600000| PB 0x000000008b600000| Untracked 
| 183|0x000000008b700000, 0x000000008b700000, 0x000000008b800000|  0%| F|  |TAMS 0x000000008b700000| PB 0x000000008b700000| Untracked 
| 184|0x000000008b800000, 0x000000008b800000, 0x000000008b900000|  0%| F|  |TAMS 0x000000008b800000| PB 0x000000008b800000| Untracked 
| 185|0x000000008b900000, 0x000000008b900000, 0x000000008ba00000|  0%| F|  |TAMS 0x000000008b900000| PB 0x000000008b900000| Untracked 
| 186|0x000000008ba00000, 0x000000008ba00000, 0x000000008bb00000|  0%| F|  |TAMS 0x000000008ba00000| PB 0x000000008ba00000| Untracked 
| 187|0x000000008bb00000, 0x000000008bb00000, 0x000000008bc00000|  0%| F|  |TAMS 0x000000008bb00000| PB 0x000000008bb00000| Untracked 
| 188|0x000000008bc00000, 0x000000008bc00000, 0x000000008bd00000|  0%| F|  |TAMS 0x000000008bc00000| PB 0x000000008bc00000| Untracked 
| 189|0x000000008bd00000, 0x000000008bd00000, 0x000000008be00000|  0%| F|  |TAMS 0x000000008bd00000| PB 0x000000008bd00000| Untracked 
| 190|0x000000008be00000, 0x000000008be00000, 0x000000008bf00000|  0%| F|  |TAMS 0x000000008be00000| PB 0x000000008be00000| Untracked 
| 191|0x000000008bf00000, 0x000000008bf00000, 0x000000008c000000|  0%| F|  |TAMS 0x000000008bf00000| PB 0x000000008bf00000| Untracked 
| 192|0x000000008c000000, 0x000000008c000000, 0x000000008c100000|  0%| F|  |TAMS 0x000000008c000000| PB 0x000000008c000000| Untracked 
| 193|0x000000008c100000, 0x000000008c100000, 0x000000008c200000|  0%| F|  |TAMS 0x000000008c100000| PB 0x000000008c100000| Untracked 
| 194|0x000000008c200000, 0x000000008c200000, 0x000000008c300000|  0%| F|  |TAMS 0x000000008c200000| PB 0x000000008c200000| Untracked 
| 195|0x000000008c300000, 0x000000008c300000, 0x000000008c400000|  0%| F|  |TAMS 0x000000008c300000| PB 0x000000008c300000| Untracked 
| 196|0x000000008c400000, 0x000000008c400000, 0x000000008c500000|  0%| F|  |TAMS 0x000000008c400000| PB 0x000000008c400000| Untracked 
| 197|0x000000008c500000, 0x000000008c500000, 0x000000008c600000|  0%| F|  |TAMS 0x000000008c500000| PB 0x000000008c500000| Untracked 
| 198|0x000000008c600000, 0x000000008c600000, 0x000000008c700000|  0%| F|  |TAMS 0x000000008c600000| PB 0x000000008c600000| Untracked 
| 199|0x000000008c700000, 0x000000008c700000, 0x000000008c800000|  0%| F|  |TAMS 0x000000008c700000| PB 0x000000008c700000| Untracked 
| 200|0x000000008c800000, 0x000000008c800000, 0x000000008c900000|  0%| F|  |TAMS 0x000000008c800000| PB 0x000000008c800000| Untracked 
| 201|0x000000008c900000, 0x000000008c900000, 0x000000008ca00000|  0%| F|  |TAMS 0x000000008c900000| PB 0x000000008c900000| Untracked 
| 202|0x000000008ca00000, 0x000000008ca00000, 0x000000008cb00000|  0%| F|  |TAMS 0x000000008ca00000| PB 0x000000008ca00000| Untracked 
| 203|0x000000008cb00000, 0x000000008cb00000, 0x000000008cc00000|  0%| F|  |TAMS 0x000000008cb00000| PB 0x000000008cb00000| Untracked 
| 204|0x000000008cc00000, 0x000000008cc00000, 0x000000008cd00000|  0%| F|  |TAMS 0x000000008cc00000| PB 0x000000008cc00000| Untracked 
| 205|0x000000008cd00000, 0x000000008cd00000, 0x000000008ce00000|  0%| F|  |TAMS 0x000000008cd00000| PB 0x000000008cd00000| Untracked 
| 206|0x000000008ce00000, 0x000000008ce00000, 0x000000008cf00000|  0%| F|  |TAMS 0x000000008ce00000| PB 0x000000008ce00000| Untracked 
| 207|0x000000008cf00000, 0x000000008d000000, 0x000000008d000000|100%| S|CS|TAMS 0x000000008cf00000| PB 0x000000008cf00000| Complete 
| 208|0x000000008d000000, 0x000000008d100000, 0x000000008d100000|100%| S|CS|TAMS 0x000000008d000000| PB 0x000000008d000000| Complete 
| 209|0x000000008d100000, 0x000000008d200000, 0x000000008d200000|100%| S|CS|TAMS 0x000000008d100000| PB 0x000000008d100000| Complete 
| 210|0x000000008d200000, 0x000000008d300000, 0x000000008d300000|100%| S|CS|TAMS 0x000000008d200000| PB 0x000000008d200000| Complete 
| 211|0x000000008d300000, 0x000000008d400000, 0x000000008d400000|100%| S|CS|TAMS 0x000000008d300000| PB 0x000000008d300000| Complete 
| 212|0x000000008d400000, 0x000000008d500000, 0x000000008d500000|100%| S|CS|TAMS 0x000000008d400000| PB 0x000000008d400000| Complete 
| 213|0x000000008d500000, 0x000000008d600000, 0x000000008d600000|100%| S|CS|TAMS 0x000000008d500000| PB 0x000000008d500000| Complete 
| 214|0x000000008d600000, 0x000000008d600000, 0x000000008d700000|  0%| F|  |TAMS 0x000000008d600000| PB 0x000000008d600000| Untracked 
| 215|0x000000008d700000, 0x000000008d700000, 0x000000008d800000|  0%| F|  |TAMS 0x000000008d700000| PB 0x000000008d700000| Untracked 
| 216|0x000000008d800000, 0x000000008d800000, 0x000000008d900000|  0%| F|  |TAMS 0x000000008d800000| PB 0x000000008d800000| Untracked 
| 217|0x000000008d900000, 0x000000008d900000, 0x000000008da00000|  0%| F|  |TAMS 0x000000008d900000| PB 0x000000008d900000| Untracked 
| 218|0x000000008da00000, 0x000000008da00000, 0x000000008db00000|  0%| F|  |TAMS 0x000000008da00000| PB 0x000000008da00000| Untracked 
| 219|0x000000008db00000, 0x000000008db00000, 0x000000008dc00000|  0%| F|  |TAMS 0x000000008db00000| PB 0x000000008db00000| Untracked 
| 220|0x000000008dc00000, 0x000000008dc00000, 0x000000008dd00000|  0%| F|  |TAMS 0x000000008dc00000| PB 0x000000008dc00000| Untracked 
| 221|0x000000008dd00000, 0x000000008dd00000, 0x000000008de00000|  0%| F|  |TAMS 0x000000008dd00000| PB 0x000000008dd00000| Untracked 
| 222|0x000000008de00000, 0x000000008de00000, 0x000000008df00000|  0%| F|  |TAMS 0x000000008de00000| PB 0x000000008de00000| Untracked 
| 223|0x000000008df00000, 0x000000008df00000, 0x000000008e000000|  0%| F|  |TAMS 0x000000008df00000| PB 0x000000008df00000| Untracked 
| 224|0x000000008e000000, 0x000000008e000000, 0x000000008e100000|  0%| F|  |TAMS 0x000000008e000000| PB 0x000000008e000000| Untracked 
| 225|0x000000008e100000, 0x000000008e100000, 0x000000008e200000|  0%| F|  |TAMS 0x000000008e100000| PB 0x000000008e100000| Untracked 
| 226|0x000000008e200000, 0x000000008e200000, 0x000000008e300000|  0%| F|  |TAMS 0x000000008e200000| PB 0x000000008e200000| Untracked 
| 227|0x000000008e300000, 0x000000008e300000, 0x000000008e400000|  0%| F|  |TAMS 0x000000008e300000| PB 0x000000008e300000| Untracked 
| 228|0x000000008e400000, 0x000000008e400000, 0x000000008e500000|  0%| F|  |TAMS 0x000000008e400000| PB 0x000000008e400000| Untracked 
| 229|0x000000008e500000, 0x000000008e500000, 0x000000008e600000|  0%| F|  |TAMS 0x000000008e500000| PB 0x000000008e500000| Untracked 
| 230|0x000000008e600000, 0x000000008e600000, 0x000000008e700000|  0%| F|  |TAMS 0x000000008e600000| PB 0x000000008e600000| Untracked 
| 231|0x000000008e700000, 0x000000008e700000, 0x000000008e800000|  0%| F|  |TAMS 0x000000008e700000| PB 0x000000008e700000| Untracked 
| 232|0x000000008e800000, 0x000000008e800000, 0x000000008e900000|  0%| F|  |TAMS 0x000000008e800000| PB 0x000000008e800000| Untracked 
| 233|0x000000008e900000, 0x000000008e900000, 0x000000008ea00000|  0%| F|  |TAMS 0x000000008e900000| PB 0x000000008e900000| Untracked 
| 234|0x000000008ea00000, 0x000000008ea00000, 0x000000008eb00000|  0%| F|  |TAMS 0x000000008ea00000| PB 0x000000008ea00000| Untracked 
| 235|0x000000008eb00000, 0x000000008eb00000, 0x000000008ec00000|  0%| F|  |TAMS 0x000000008eb00000| PB 0x000000008eb00000| Untracked 
| 236|0x000000008ec00000, 0x000000008ec00000, 0x000000008ed00000|  0%| F|  |TAMS 0x000000008ec00000| PB 0x000000008ec00000| Untracked 
| 237|0x000000008ed00000, 0x000000008ed00000, 0x000000008ee00000|  0%| F|  |TAMS 0x000000008ed00000| PB 0x000000008ed00000| Untracked 
| 238|0x000000008ee00000, 0x000000008ee00000, 0x000000008ef00000|  0%| F|  |TAMS 0x000000008ee00000| PB 0x000000008ee00000| Untracked 
| 239|0x000000008ef00000, 0x000000008ef00000, 0x000000008f000000|  0%| F|  |TAMS 0x000000008ef00000| PB 0x000000008ef00000| Untracked 
| 240|0x000000008f000000, 0x000000008f000000, 0x000000008f100000|  0%| F|  |TAMS 0x000000008f000000| PB 0x000000008f000000| Untracked 
| 241|0x000000008f100000, 0x000000008f100000, 0x000000008f200000|  0%| F|  |TAMS 0x000000008f100000| PB 0x000000008f100000| Untracked 
| 242|0x000000008f200000, 0x000000008f200000, 0x000000008f300000|  0%| F|  |TAMS 0x000000008f200000| PB 0x000000008f200000| Untracked 
| 243|0x000000008f300000, 0x000000008f300000, 0x000000008f400000|  0%| F|  |TAMS 0x000000008f300000| PB 0x000000008f300000| Untracked 
| 244|0x000000008f400000, 0x000000008f400000, 0x000000008f500000|  0%| F|  |TAMS 0x000000008f400000| PB 0x000000008f400000| Untracked 
| 245|0x000000008f500000, 0x000000008f500000, 0x000000008f600000|  0%| F|  |TAMS 0x000000008f500000| PB 0x000000008f500000| Untracked 
| 246|0x000000008f600000, 0x000000008f600000, 0x000000008f700000|  0%| F|  |TAMS 0x000000008f600000| PB 0x000000008f600000| Untracked 
| 247|0x000000008f700000, 0x000000008f700000, 0x000000008f800000|  0%| F|  |TAMS 0x000000008f700000| PB 0x000000008f700000| Untracked 
| 248|0x000000008f800000, 0x000000008f800000, 0x000000008f900000|  0%| F|  |TAMS 0x000000008f800000| PB 0x000000008f800000| Untracked 
| 249|0x000000008f900000, 0x000000008f900000, 0x000000008fa00000|  0%| F|  |TAMS 0x000000008f900000| PB 0x000000008f900000| Untracked 
| 250|0x000000008fa00000, 0x000000008fa00000, 0x000000008fb00000|  0%| F|  |TAMS 0x000000008fa00000| PB 0x000000008fa00000| Untracked 
| 251|0x000000008fb00000, 0x000000008fb00000, 0x000000008fc00000|  0%| F|  |TAMS 0x000000008fb00000| PB 0x000000008fb00000| Untracked 
| 252|0x000000008fc00000, 0x000000008fc00000, 0x000000008fd00000|  0%| F|  |TAMS 0x000000008fc00000| PB 0x000000008fc00000| Untracked 
| 253|0x000000008fd00000, 0x000000008fd00000, 0x000000008fe00000|  0%| F|  |TAMS 0x000000008fd00000| PB 0x000000008fd00000| Untracked 
| 254|0x000000008fe00000, 0x000000008fe00000, 0x000000008ff00000|  0%| F|  |TAMS 0x000000008fe00000| PB 0x000000008fe00000| Untracked 

Card table byte_map: [0x0000017ba6dd0000,0x0000017ba71d0000] _byte_map_base: 0x0000017ba69d0000

Marking Bits: (CMBitMap*) 0x0000017b912f2100
 Bits: [0x0000017ba71d0000, 0x0000017ba91d0000)

Polling page: 0x0000017b91360000

Metaspace:

Usage:
  Non-class:     42.45 MB used.
      Class:      5.17 MB used.
       Both:     47.62 MB used.

Virtual space:
  Non-class space:       64.00 MB reserved,      42.69 MB ( 67%) committed,  1 nodes.
      Class space:        1.00 GB reserved,       5.38 MB ( <1%) committed,  1 nodes.
             Both:        1.06 GB reserved,      48.06 MB (  4%) committed. 

Chunk freelists:
   Non-Class:  4.89 MB
       Class:  10.54 MB
        Both:  15.43 MB

MaxMetaspaceSize: unlimited
CompressedClassSpaceSize: 1.00 GB
Initial GC threshold: 21.00 MB
Current GC threshold: 58.88 MB
CDS: off
 - commit_granule_bytes: 65536.
 - commit_granule_words: 8192.
 - virtual_space_node_default_size: 8388608.
 - enlarge_chunks_in_place: 1.
 - use_allocation_guard: 0.


Internal statistics:

num_allocs_failed_limit: 6.
num_arena_births: 588.
num_arena_deaths: 0.
num_vsnodes_births: 2.
num_vsnodes_deaths: 0.
num_space_committed: 769.
num_space_uncommitted: 0.
num_chunks_returned_to_freelist: 6.
num_chunks_taken_from_freelist: 1848.
num_chunk_merges: 6.
num_chunk_splits: 1205.
num_chunks_enlarged: 800.
num_inconsistent_stats: 0.

CodeHeap 'non-profiled nmethods': size=119168Kb used=2833Kb max_used=2833Kb free=116335Kb
 bounds [0x0000017b9e5c0000, 0x0000017b9e890000, 0x0000017ba5a20000]
CodeHeap 'profiled nmethods': size=119104Kb used=9920Kb max_used=9920Kb free=109183Kb
 bounds [0x0000017b96a20000, 0x0000017b973e0000, 0x0000017b9de70000]
CodeHeap 'non-nmethods': size=7488Kb used=3479Kb max_used=3533Kb free=4008Kb
 bounds [0x0000017b9de70000, 0x0000017b9e1f0000, 0x0000017b9e5c0000]
 total_blobs=5867 nmethods=5065 adapters=703
 compilation: enabled
              stopped_count=0, restarted_count=0
 full_count=0

Compilation events (20 events):
Event: 3.546 Thread 0x0000017bb11dfc50 5303   !   2       com.oracle.js.parser.Parser::classExpression (158 bytes)
Event: 3.548 Thread 0x0000017bb11dfc50 nmethod 5303 0x0000017b973cf090 code [0x0000017b973cf280, 0x0000017b973cf748]
Event: 3.548 Thread 0x0000017bb272b420 nmethod 5156 0x0000017b9e875110 code [0x0000017b9e875700, 0x0000017b9e879a00]
Event: 3.548 Thread 0x0000017bb272b420 5068   !   4       com.oracle.js.parser.Parser::functionBody (609 bytes)
Event: 3.553 Thread 0x0000017bac45ef20 nmethod 5287 0x0000017b9e87c290 code [0x0000017b9e87c5c0, 0x0000017b9e87db60]
Event: 3.553 Thread 0x0000017bac45ef20 5145       4       com.oracle.js.parser.ParserContextFunctionNode::finishBodyScope (227 bytes)
Event: 3.566 Thread 0x0000017bb11dfc50 5306       3       java.util.ImmutableCollections$ListN::isEmpty (14 bytes)
Event: 3.567 Thread 0x0000017bb11dfc50 nmethod 5306 0x0000017b973cfa10 code [0x0000017b973cfbc0, 0x0000017b973cfd30]
Event: 3.589 Thread 0x0000017bac733910 nmethod 5284 0x0000017b9e87ef10 code [0x0000017b9e87f2c0, 0x0000017b9e881970]
Event: 3.589 Thread 0x0000017bac733910 5181       4       com.oracle.js.parser.Parser::wrapParameterBlock (94 bytes)
Event: 3.599 Thread 0x0000017bac733910 nmethod 5181 0x0000017b9e882d90 code [0x0000017b9e882fa0, 0x0000017b9e883498]
Event: 3.599 Thread 0x0000017bac733910 5182       4       com.oracle.js.parser.Parser::verifyParameterList (160 bytes)
Event: 3.600 Thread 0x0000017bb11dfc50 5307       3       com.oracle.js.parser.ir.Scope::inMethod (16 bytes)
Event: 3.600 Thread 0x0000017bb11dfc50 nmethod 5307 0x0000017b973cfe10 code [0x0000017b973cffa0, 0x0000017b973d0110]
Event: 3.600 Thread 0x0000017bac733910 nmethod 5182 0x0000017b9e883910 code [0x0000017b9e883aa0, 0x0000017b9e883b60]
Event: 3.601 Thread 0x0000017bac733910 5218       4       com.oracle.js.parser.ir.ExpressionStatement::<init> (15 bytes)
Event: 3.603 Thread 0x0000017bac733910 nmethod 5218 0x0000017b9e883c90 code [0x0000017b9e883e20, 0x0000017b9e883f88]
Event: 3.603 Thread 0x0000017bac733910 4608       4       com.oracle.js.parser.ir.JoinPredecessorExpression::<init> (46 bytes)
Event: 3.606 Thread 0x0000017bac733910 nmethod 4608 0x0000017b9e884010 code [0x0000017b9e8841a0, 0x0000017b9e884348]
Event: 3.607 Thread 0x0000017bac733910 5215       4       com.oracle.js.parser.Parser::expressionStatement (65 bytes)

GC Heap History (19 events):
Event: 0.594 GC heap before
{Heap before GC invocations=0 (full 0):
 garbage-first heap   total 131072K, used 28672K [0x0000000080000000, 0x0000000100000000)
  region size 1024K, 23 young (23552K), 0 survivors (0K)
 Metaspace       used 15568K, committed 15744K, reserved 1114112K
  class space    used 1459K, committed 1536K, reserved 1048576K
}
Event: 0.600 GC heap after
{Heap after GC invocations=1 (full 0):
 garbage-first heap   total 131072K, used 10482K [0x0000000080000000, 0x0000000100000000)
  region size 1024K, 3 young (3072K), 3 survivors (3072K)
 Metaspace       used 15568K, committed 15744K, reserved 1114112K
  class space    used 1459K, committed 1536K, reserved 1048576K
}
Event: 0.796 GC heap before
{Heap before GC invocations=1 (full 0):
 garbage-first heap   total 131072K, used 20722K [0x0000000080000000, 0x0000000100000000)
  region size 1024K, 15 young (15360K), 3 survivors (3072K)
 Metaspace       used 21232K, committed 21504K, reserved 1114112K
  class space    used 2033K, committed 2176K, reserved 1048576K
}
Event: 0.801 GC heap after
{Heap after GC invocations=2 (full 0):
 garbage-first heap   total 131072K, used 11857K [0x0000000080000000, 0x0000000100000000)
  region size 1024K, 2 young (2048K), 2 survivors (2048K)
 Metaspace       used 21232K, committed 21504K, reserved 1114112K
  class space    used 2033K, committed 2176K, reserved 1048576K
}
Event: 1.422 GC heap before
{Heap before GC invocations=3 (full 0):
 garbage-first heap   total 131072K, used 48721K [0x0000000080000000, 0x0000000100000000)
  region size 1024K, 40 young (40960K), 2 survivors (2048K)
 Metaspace       used 35578K, committed 35968K, reserved 1114112K
  class space    used 3719K, committed 3904K, reserved 1048576K
}
Event: 1.428 GC heap after
{Heap after GC invocations=4 (full 0):
 garbage-first heap   total 131072K, used 14779K [0x0000000080000000, 0x0000000100000000)
  region size 1024K, 4 young (4096K), 4 survivors (4096K)
 Metaspace       used 35578K, committed 35968K, reserved 1114112K
  class space    used 3719K, committed 3904K, reserved 1048576K
}
Event: 2.404 GC heap before
{Heap before GC invocations=5 (full 0):
 garbage-first heap   total 131072K, used 99771K [0x0000000080000000, 0x0000000100000000)
  region size 1024K, 76 young (77824K), 4 survivors (4096K)
 Metaspace       used 48200K, committed 48640K, reserved 1114112K
  class space    used 5263K, committed 5440K, reserved 1048576K
}
Event: 2.429 GC heap after
{Heap after GC invocations=6 (full 0):
 garbage-first heap   total 131072K, used 36587K [0x0000000080000000, 0x0000000100000000)
  region size 1024K, 10 young (10240K), 10 survivors (10240K)
 Metaspace       used 48200K, committed 48640K, reserved 1114112K
  class space    used 5263K, committed 5440K, reserved 1048576K
}
Event: 2.537 GC heap before
{Heap before GC invocations=6 (full 0):
 garbage-first heap   total 131072K, used 74475K [0x0000000080000000, 0x0000000100000000)
  region size 1024K, 47 young (48128K), 10 survivors (10240K)
 Metaspace       used 48223K, committed 48640K, reserved 1114112K
  class space    used 5263K, committed 5440K, reserved 1048576K
}
Event: 2.569 GC heap after
{Heap after GC invocations=7 (full 0):
 garbage-first heap   total 131072K, used 54272K [0x0000000080000000, 0x0000000100000000)
  region size 1024K, 6 young (6144K), 6 survivors (6144K)
 Metaspace       used 48223K, committed 48640K, reserved 1114112K
  class space    used 5263K, committed 5440K, reserved 1048576K
}
Event: 2.729 GC heap before
{Heap before GC invocations=7 (full 0):
 garbage-first heap   total 131072K, used 97280K [0x0000000080000000, 0x0000000100000000)
  region size 1024K, 48 young (49152K), 6 survivors (6144K)
 Metaspace       used 48623K, committed 49088K, reserved 1114112K
  class space    used 5294K, committed 5504K, reserved 1048576K
}
Event: 2.751 GC heap after
{Heap after GC invocations=8 (full 0):
 garbage-first heap   total 261120K, used 73728K [0x0000000080000000, 0x0000000100000000)
  region size 1024K, 6 young (6144K), 6 survivors (6144K)
 Metaspace       used 48623K, committed 49088K, reserved 1114112K
  class space    used 5294K, committed 5504K, reserved 1048576K
}
Event: 3.114 GC heap before
{Heap before GC invocations=8 (full 0):
 garbage-first heap   total 261120K, used 157696K [0x0000000080000000, 0x0000000100000000)
  region size 1024K, 88 young (90112K), 6 survivors (6144K)
 Metaspace       used 48715K, committed 49152K, reserved 1114112K
  class space    used 5294K, committed 5504K, reserved 1048576K
}
Event: 3.146 GC heap after
{Heap after GC invocations=9 (full 0):
 garbage-first heap   total 261120K, used 112128K [0x0000000080000000, 0x0000000100000000)
  region size 1024K, 11 young (11264K), 11 survivors (11264K)
 Metaspace       used 48715K, committed 49152K, reserved 1114112K
  class space    used 5294K, committed 5504K, reserved 1048576K
}
Event: 3.326 GC heap before
{Heap before GC invocations=9 (full 0):
 garbage-first heap   total 261120K, used 186880K [0x0000000080000000, 0x0000000100000000)
  region size 1024K, 84 young (86016K), 11 survivors (11264K)
 Metaspace       used 48749K, committed 49216K, reserved 1114112K
  class space    used 5294K, committed 5504K, reserved 1048576K
}
Event: 3.364 GC heap after
{Heap after GC invocations=10 (full 0):
 garbage-first heap   total 261120K, used 147456K [0x0000000080000000, 0x0000000100000000)
  region size 1024K, 11 young (11264K), 11 survivors (11264K)
 Metaspace       used 48749K, committed 49216K, reserved 1114112K
  class space    used 5294K, committed 5504K, reserved 1048576K
}
Event: 3.477 GC heap before
{Heap before GC invocations=10 (full 0):
 garbage-first heap   total 261120K, used 203776K [0x0000000080000000, 0x0000000100000000)
  region size 1024K, 66 young (67584K), 11 survivors (11264K)
 Metaspace       used 48761K, committed 49216K, reserved 1114112K
  class space    used 5294K, committed 5504K, reserved 1048576K
}
Event: 3.516 GC heap after
{Heap after GC invocations=11 (full 0):
 garbage-first heap   total 261120K, used 173568K [0x0000000080000000, 0x0000000100000000)
  region size 1024K, 9 young (9216K), 9 survivors (9216K)
 Metaspace       used 48761K, committed 49216K, reserved 1114112K
  class space    used 5294K, committed 5504K, reserved 1048576K
}
Event: 3.620 GC heap before
{Heap before GC invocations=11 (full 0):
 garbage-first heap   total 261120K, used 215552K [0x0000000080000000, 0x0000000100000000)
  region size 1024K, 50 young (51200K), 9 survivors (9216K)
 Metaspace       used 48761K, committed 49216K, reserved 1114112K
  class space    used 5294K, committed 5504K, reserved 1048576K
}

Dll operation events (2 events):
Event: 0.006 Loaded shared library C:\Users\ADMIN\IntelliJ IDEA 2024.2.1\jbr\bin\java.dll
Event: 0.010 Loaded shared library C:\Users\ADMIN\IntelliJ IDEA 2024.2.1\jbr\bin\zip.dll

Deoptimization events (20 events):
Event: 3.308 Thread 0x0000017bb1756940 Uncommon trap: trap_request=0xffffff45 fr.pc=0x0000017b9e80cbd8 relative=0x0000000000000c38
Event: 3.308 Thread 0x0000017bb1756940 Uncommon trap: reason=unstable_if action=reinterpret pc=0x0000017b9e80cbd8 method=com.oracle.js.parser.ParserContextFunctionNode.createBodyScope(Ljava/util/function/Function;)Lcom/oracle/js/parser/ir/Scope; @ 37 c2
Event: 3.308 Thread 0x0000017bb1756940 DEOPT PACKING pc=0x0000017b9e80cbd8 sp=0x0000001e526fc0e0
Event: 3.308 Thread 0x0000017bb1756940 DEOPT UNPACKING pc=0x0000017b9dec46a2 sp=0x0000001e526fc0c0 mode 2
Event: 3.325 Thread 0x0000017bb1756940 DEOPT PACKING pc=0x0000017b973b481d sp=0x0000001e526fc300
Event: 3.325 Thread 0x0000017bb1756940 DEOPT UNPACKING pc=0x0000017b9dec4e42 sp=0x0000001e526fb7e0 mode 0
Event: 3.429 Thread 0x0000017bb17776e0 Uncommon trap: trap_request=0xffffffcc fr.pc=0x0000017b9e85ba1c relative=0x0000000000001fdc
Event: 3.429 Thread 0x0000017bb1756940 Uncommon trap: trap_request=0xffffffcc fr.pc=0x0000017b9e85ba1c relative=0x0000000000001fdc
Event: 3.429 Thread 0x0000017bb17776e0 Uncommon trap: reason=intrinsic_or_type_checked_inlining action=make_not_entrant pc=0x0000017b9e85ba1c method=java.util.ArrayList.toArray([Ljava/lang/Object;)[Ljava/lang/Object; @ 36 c2
Event: 3.429 Thread 0x0000017bb1756940 Uncommon trap: reason=intrinsic_or_type_checked_inlining action=make_not_entrant pc=0x0000017b9e85ba1c method=java.util.ArrayList.toArray([Ljava/lang/Object;)[Ljava/lang/Object; @ 36 c2
Event: 3.429 Thread 0x0000017bb17776e0 DEOPT PACKING pc=0x0000017b9e85ba1c sp=0x0000001e525facd0
Event: 3.429 Thread 0x0000017bb1756940 DEOPT PACKING pc=0x0000017b9e85ba1c sp=0x0000001e526fb820
Event: 3.429 Thread 0x0000017bb17776e0 DEOPT UNPACKING pc=0x0000017b9dec46a2 sp=0x0000001e525faaf8 mode 2
Event: 3.429 Thread 0x0000017bb1756940 DEOPT UNPACKING pc=0x0000017b9dec46a2 sp=0x0000001e526fb648 mode 2
Event: 3.471 Thread 0x0000017bb17776e0 Uncommon trap: trap_request=0xffffff45 fr.pc=0x0000017b9e8663f0 relative=0x00000000000046d0
Event: 3.471 Thread 0x0000017bb17776e0 Uncommon trap: reason=unstable_if action=reinterpret pc=0x0000017b9e8663f0 method=com.oracle.js.parser.Parser.variableDeclarationList(Lcom/oracle/js/parser/TokenType;ZZZI)Lcom/oracle/js/parser/Parser$ForVariableDeclarationListResult; @ 556 c2
Event: 3.471 Thread 0x0000017bb17776e0 DEOPT PACKING pc=0x0000017b9e8663f0 sp=0x0000001e525fae20
Event: 3.471 Thread 0x0000017bb17776e0 DEOPT UNPACKING pc=0x0000017b9dec46a2 sp=0x0000001e525fadf0 mode 2
Event: 3.540 Thread 0x0000017bb17776e0 DEOPT PACKING pc=0x0000017b97397cff sp=0x0000001e525fb530
Event: 3.540 Thread 0x0000017bb17776e0 DEOPT UNPACKING pc=0x0000017b9dec4e42 sp=0x0000001e525faa38 mode 0

Classes loaded (20 events):
Event: 2.349 Loading class sun/invoke/util/VerifyAccess$1
Event: 2.349 Loading class sun/invoke/util/VerifyAccess$1 done
Event: 2.389 Loading class java/util/Base64
Event: 2.390 Loading class java/util/Base64 done
Event: 2.390 Loading class java/util/Base64$Encoder
Event: 2.390 Loading class java/util/Base64$Encoder done
Event: 2.392 Loading class sun/security/provider/MD5
Event: 2.392 Loading class sun/security/provider/MD5 done
Event: 2.392 Loading class sun/security/provider/ByteArrayAccess$LE
Event: 2.393 Loading class sun/security/provider/ByteArrayAccess$LE done
Event: 2.394 Loading class java/util/Base64$Decoder
Event: 2.394 Loading class java/util/Base64$Decoder done
Event: 2.395 Loading class com/sun/crypto/provider/HmacSHA1
Event: 2.395 Loading class com/sun/crypto/provider/HmacSHA1 done
Event: 2.626 Loading class java/util/UUID$Holder
Event: 2.626 Loading class java/util/UUID$Holder done
Event: 2.676 Loading class java/util/regex/Pattern$Bound
Event: 2.677 Loading class java/util/regex/Pattern$Bound done
Event: 2.727 Loading class jdk/internal/math/FDBigInteger
Event: 2.728 Loading class jdk/internal/math/FDBigInteger done

Classes unloaded (0 events):
No events

Classes redefined (0 events):
No events

Internal exceptions (20 events):
Event: 1.133 Thread 0x0000017bb1756940 Exception <a 'java/lang/NoSuchMethodError'{0x00000000865e14d8}: 'java.lang.Object java.lang.invoke.Invokers$Holder.linkToTargetMethod(int, int, int, int, int, java.lang.Object)'> (0x00000000865e14d8) 
thrown [s\src\hotspot\share\interpreter\linkResolver.cpp, line 784]
Event: 1.168 Thread 0x0000017bb18e1d10 Exception <a 'java/lang/NoSuchMethodError'{0x00000000863c5278}: 'void java.lang.invoke.DirectMethodHandle$Holder.invokeStatic(java.lang.Object, int, java.lang.Object)'> (0x00000000863c5278) 
thrown [s\src\hotspot\share\interpreter\linkResolver.cpp, line 784]
Event: 1.225 Thread 0x0000017bb18e1d10 Exception <a 'java/lang/NoSuchMethodError'{0x000000008607ea00}: 'long java.lang.invoke.DirectMethodHandle$Holder.invokeStatic(java.lang.Object)'> (0x000000008607ea00) 
thrown [s\src\hotspot\share\interpreter\linkResolver.cpp, line 784]
Event: 1.330 Thread 0x0000017bb1cd7340 Exception <a 'java/lang/NoSuchMethodError'{0x0000000085c24718}: 'java.lang.Object java.lang.invoke.DirectMethodHandle$Holder.invokeVirtual(java.lang.Object, java.lang.Object, java.lang.Object)'> (0x0000000085c24718) 
thrown [s\src\hotspot\share\interpreter\linkResolver.cpp, line 784]
Event: 1.338 Thread 0x0000017bb18e1d10 Implicit null exception at 0x0000017b9e5e41a0 to 0x0000017b9e5e47e8
Event: 1.339 Thread 0x0000017bb18e1d10 Implicit null exception at 0x0000017b9e5da9a0 to 0x0000017b9e5daff0
Event: 1.405 Thread 0x0000017bb1cda130 Exception <a 'sun/nio/fs/WindowsException'{0x0000000085a48988}> (0x0000000085a48988) 
thrown [s\src\hotspot\share\prims\jni.cpp, line 535]
Event: 1.411 Thread 0x0000017bb18e1d10 Exception <a 'java/lang/NoSuchMethodError'{0x0000000085853cc8}: 'java.lang.Object java.lang.invoke.DirectMethodHandle$Holder.newInvokeSpecial(java.lang.Object, java.lang.Object, java.lang.Object, java.lang.Object, java.lang.Object, java.lang.Object, java.lang.Object, java.lang.Object)'> (0x0000000085853cc8) 
thrown [s\src\hotspot\share\interpreter\linkResolver.cpp, line 784]
Event: 1.416 Thread 0x0000017bb18e1d10 Exception <a 'java/lang/NoSuchMethodError'{0x0000000085893038}: 'java.lang.Object java.lang.invoke.DirectMethodHandle$Holder.newInvokeSpecial(java.lang.Object, java.lang.Object, java.lang.Object, java.lang.Object, java.lang.Object, java.lang.Object, java.lang.Object)'> (0x0000000085893038) 
thrown [s\src\hotspot\share\interpreter\linkResolver.cpp, line 784]
Event: 1.416 Thread 0x0000017bb18e1d10 Exception <a 'java/lang/NoSuchMethodError'{0x000000008589a4a8}: 'java.lang.Object java.lang.invoke.DirectMethodHandle$Holder.newInvokeSpecial(java.lang.Object, int, java.lang.Object)'> (0x000000008589a4a8) 
thrown [s\src\hotspot\share\interpreter\linkResolver.cpp, line 784]
Event: 1.432 Thread 0x0000017bb18e1d10 Exception <a 'java/lang/NoSuchMethodError'{0x0000000087e0b2c8}: 'java.lang.Object java.lang.invoke.DirectMethodHandle$Holder.invokeInterface(java.lang.Object, java.lang.Object, java.lang.Object)'> (0x0000000087e0b2c8) 
thrown [s\src\hotspot\share\interpreter\linkResolver.cpp, line 784]
Event: 1.441 Thread 0x0000017bb18e1d10 Exception <a 'java/lang/NoSuchMethodError'{0x0000000087e23838}: 'void java.lang.invoke.DirectMethodHandle$Holder.invokeInterface(java.lang.Object, java.lang.Object)'> (0x0000000087e23838) 
thrown [s\src\hotspot\share\interpreter\linkResolver.cpp, line 784]
Event: 1.489 Thread 0x0000017bb1cdae50 Exception <a 'java/lang/NoSuchMethodError'{0x0000000087942aa8}: 'void java.lang.invoke.DirectMethodHandle$Holder.invokeVirtual(java.lang.Object, java.lang.Object)'> (0x0000000087942aa8) 
thrown [s\src\hotspot\share\interpreter\linkResolver.cpp, line 784]
Event: 1.623 Thread 0x0000017bb1cd86f0 Exception <a 'java/lang/NoSuchMethodError'{0x00000000871606d0}: 'java.lang.Object java.lang.invoke.DirectMethodHandle$Holder.invokeVirtual(java.lang.Object, java.lang.Object, java.lang.Object, java.lang.Object)'> (0x00000000871606d0) 
thrown [s\src\hotspot\share\interpreter\linkResolver.cpp, line 784]
Event: 1.623 Thread 0x0000017bb1cdae50 Exception <a 'java/lang/NoSuchMethodError'{0x00000000874d81e8}: 'java.lang.Object java.lang.invoke.DirectMethodHandle$Holder.invokeVirtual(java.lang.Object, java.lang.Object, java.lang.Object, java.lang.Object)'> (0x00000000874d81e8) 
thrown [s\src\hotspot\share\interpreter\linkResolver.cpp, line 784]
Event: 1.623 Thread 0x0000017bb1cd79d0 Exception <a 'java/lang/NoSuchMethodError'{0x0000000087c81a60}: 'java.lang.Object java.lang.invoke.DirectMethodHandle$Holder.invokeVirtual(java.lang.Object, java.lang.Object, java.lang.Object, java.lang.Object)'> (0x0000000087c81a60) 
thrown [s\src\hotspot\share\interpreter\linkResolver.cpp, line 784]
Event: 1.624 Thread 0x0000017bb1cd79d0 Exception <a 'java/lang/NoSuchMethodError'{0x0000000087c8bda0}: 'java.lang.Object java.lang.invoke.Invokers$Holder.invokeExact_MT(java.lang.Object, java.lang.Object, java.lang.Object, java.lang.Object, java.lang.Object)'> (0x0000000087c8bda0) 
thrown [s\src\hotspot\share\interpreter\linkResolver.cpp, line 784]
Event: 1.624 Thread 0x0000017bb1cd86f0 Exception <a 'java/lang/NoSuchMethodError'{0x00000000871a3e30}: 'java.lang.Object java.lang.invoke.Invokers$Holder.invokeExact_MT(java.lang.Object, java.lang.Object, java.lang.Object, java.lang.Object, java.lang.Object)'> (0x00000000871a3e30) 
thrown [s\src\hotspot\share\interpreter\linkResolver.cpp, line 784]
Event: 1.624 Thread 0x0000017bb1cdb4e0 Exception <a 'java/lang/NoSuchMethodError'{0x0000000087c9c160}: 'java.lang.Object java.lang.invoke.Invokers$Holder.invokeExact_MT(java.lang.Object, java.lang.Object, java.lang.Object, java.lang.Object, java.lang.Object)'> (0x0000000087c9c160) 
thrown [s\src\hotspot\share\interpreter\linkResolver.cpp, line 784]
Event: 2.682 Thread 0x0000017bb18e1d10 Exception <a 'java/lang/NoSuchMethodError'{0x00000000860de2d8}: 'java.lang.Object java.lang.invoke.DirectMethodHandle$Holder.newInvokeSpecial(java.lang.Object, java.lang.Object, int)'> (0x00000000860de2d8) 
thrown [s\src\hotspot\share\interpreter\linkResolver.cpp, line 784]

ZGC Phase Switch (0 events):
No events

VM Operations (20 events):
Event: 2.036 Executing VM operation: ICBufferFull done
Event: 2.197 Executing VM operation: HandshakeAllThreads (Deoptimize)
Event: 2.197 Executing VM operation: HandshakeAllThreads (Deoptimize) done
Event: 2.276 Executing VM operation: HandshakeAllThreads (Deoptimize)
Event: 2.276 Executing VM operation: HandshakeAllThreads (Deoptimize) done
Event: 2.346 Executing VM operation: ICBufferFull
Event: 2.347 Executing VM operation: ICBufferFull done
Event: 2.404 Executing VM operation: G1CollectForAllocation (G1 Evacuation Pause)
Event: 2.429 Executing VM operation: G1CollectForAllocation (G1 Evacuation Pause) done
Event: 2.537 Executing VM operation: G1CollectForAllocation (G1 Evacuation Pause)
Event: 2.569 Executing VM operation: G1CollectForAllocation (G1 Evacuation Pause) done
Event: 2.729 Executing VM operation: G1CollectForAllocation (G1 Evacuation Pause)
Event: 2.751 Executing VM operation: G1CollectForAllocation (G1 Evacuation Pause) done
Event: 3.114 Executing VM operation: G1CollectForAllocation (G1 Evacuation Pause)
Event: 3.146 Executing VM operation: G1CollectForAllocation (G1 Evacuation Pause) done
Event: 3.326 Executing VM operation: G1CollectForAllocation (G1 Evacuation Pause)
Event: 3.364 Executing VM operation: G1CollectForAllocation (G1 Evacuation Pause) done
Event: 3.477 Executing VM operation: G1CollectForAllocation (G1 Evacuation Pause)
Event: 3.516 Executing VM operation: G1CollectForAllocation (G1 Evacuation Pause) done
Event: 3.620 Executing VM operation: G1CollectForAllocation (G1 Evacuation Pause)

Events (20 events):
Event: 1.435 Thread 0x0000017bac40ac10 flushing nmethod 0x0000017b9e5ed510
Event: 1.435 Thread 0x0000017bac40ac10 flushing nmethod 0x0000017b9e5cac10
Event: 1.435 Thread 0x0000017bac40ac10 flushing nmethod 0x0000017b9e5f2f10
Event: 1.435 Thread 0x0000017bac40ac10 flushing nmethod 0x0000017b9e5c9d90
Event: 1.435 Thread 0x0000017bac40ac10 flushing nmethod 0x0000017b9e5c9110
Event: 1.435 Thread 0x0000017bac40ac10 flushing nmethod 0x0000017b9e5ea110
Event: 1.435 Thread 0x0000017bac40ac10 flushing nmethod 0x0000017b9e5f0310
Event: 1.435 Thread 0x0000017bac40ac10 flushing nmethod 0x0000017b9e5e6490
Event: 1.435 Thread 0x0000017bac40ac10 flushing nmethod 0x0000017b9e5e2f10
Event: 1.435 Thread 0x0000017bac40ac10 flushing nmethod 0x0000017b9e5da310
Event: 1.435 Thread 0x0000017bac40ac10 flushing nmethod 0x0000017b9e5d7010
Event: 1.435 Thread 0x0000017bac40ac10 flushing nmethod 0x0000017b9e5dd690
Event: 1.435 Thread 0x0000017bac40ac10 flushing nmethod 0x0000017b9e5ced90
Event: 1.435 Thread 0x0000017bac40ac10 flushing nmethod 0x0000017b9e5c0010
Event: 1.766 Thread 0x0000017bb2762570 Thread added: 0x0000017bb2762570
Event: 1.790 Thread 0x0000017bb272b420 Thread added: 0x0000017bb272b420
Event: 1.791 Thread 0x0000017bb2730190 Thread added: 0x0000017bb2730190
Event: 2.190 Thread 0x0000017bb1cdbb70 Thread added: 0x0000017bb1cdbb70
Event: 2.193 Thread 0x0000017bb1cdc200 Thread added: 0x0000017bb1cdc200
Event: 2.195 Thread 0x0000017bb1cd8d80 Thread added: 0x0000017bb1cd8d80


Dynamic libraries:
0x00007ff7c8d00000 - 0x00007ff7c8d0a000 	C:\Users\ADMIN\IntelliJ IDEA 2024.2.1\jbr\bin\java.exe
0x00007ff8d15a0000 - 0x00007ff8d1807000 	C:\WINDOWS\SYSTEM32\ntdll.dll
0x00007ff8cfc80000 - 0x00007ff8cfd49000 	C:\WINDOWS\System32\KERNEL32.DLL
0x00007ff8cecd0000 - 0x00007ff8cf0bf000 	C:\WINDOWS\System32\KERNELBASE.dll
0x00007ff8ceaf0000 - 0x00007ff8cec3b000 	C:\WINDOWS\System32\ucrtbase.dll
0x00007ff8bbb00000 - 0x00007ff8bbb18000 	C:\Users\ADMIN\IntelliJ IDEA 2024.2.1\jbr\bin\jli.dll
0x00007ff8c3320000 - 0x00007ff8c333b000 	C:\Users\ADMIN\IntelliJ IDEA 2024.2.1\jbr\bin\VCRUNTIME140.dll
0x00007ff8cfec0000 - 0x00007ff8d0085000 	C:\WINDOWS\System32\USER32.dll
0x00007ff8cf250000 - 0x00007ff8cf277000 	C:\WINDOWS\System32\win32u.dll
0x00007ff8b29c0000 - 0x00007ff8b2c53000 	C:\WINDOWS\WinSxS\amd64_microsoft.windows.common-controls_6595b64144ccf1df_6.0.26100.7309_none_3e05feeae336a044\COMCTL32.dll
0x00007ff8cfa80000 - 0x00007ff8cfaab000 	C:\WINDOWS\System32\GDI32.dll
0x00007ff8d0110000 - 0x00007ff8d01b9000 	C:\WINDOWS\System32\msvcrt.dll
0x00007ff8ce7a0000 - 0x00007ff8ce8cc000 	C:\WINDOWS\System32\gdi32full.dll
0x00007ff8cea40000 - 0x00007ff8ceae3000 	C:\WINDOWS\System32\msvcp_win.dll
0x00007ff8cf9d0000 - 0x00007ff8cfa01000 	C:\WINDOWS\System32\IMM32.DLL
0x00007ff8c32f0000 - 0x00007ff8c32fc000 	C:\Users\ADMIN\IntelliJ IDEA 2024.2.1\jbr\bin\vcruntime140_1.dll
0x00007ff88ccd0000 - 0x00007ff88cd5d000 	C:\Users\ADMIN\IntelliJ IDEA 2024.2.1\jbr\bin\msvcp140.dll
0x00007fffd7900000 - 0x00007fffd86b2000 	C:\Users\ADMIN\IntelliJ IDEA 2024.2.1\jbr\bin\server\jvm.dll
0x00007ff8cf340000 - 0x00007ff8cf3f4000 	C:\WINDOWS\System32\ADVAPI32.dll
0x00007ff8cfd50000 - 0x00007ff8cfdf6000 	C:\WINDOWS\System32\sechost.dll
0x00007ff8d0920000 - 0x00007ff8d0a38000 	C:\WINDOWS\System32\RPCRT4.dll
0x00007ff8d1440000 - 0x00007ff8d14b4000 	C:\WINDOWS\System32\WS2_32.dll
0x00007ff8ce570000 - 0x00007ff8ce5ce000 	C:\WINDOWS\SYSTEM32\POWRPROF.dll
0x00007ff8bd5f0000 - 0x00007ff8bd5fb000 	C:\WINDOWS\SYSTEM32\VERSION.dll
0x00007ff8c3060000 - 0x00007ff8c3095000 	C:\WINDOWS\SYSTEM32\WINMM.dll
0x00007ff8ce550000 - 0x00007ff8ce564000 	C:\WINDOWS\SYSTEM32\UMPDC.dll
0x00007ff8cd4a0000 - 0x00007ff8cd4bb000 	C:\WINDOWS\SYSTEM32\kernel.appcore.dll
0x00007ff8c32e0000 - 0x00007ff8c32ea000 	C:\Users\ADMIN\IntelliJ IDEA 2024.2.1\jbr\bin\jimage.dll
0x00007ff8cbd40000 - 0x00007ff8cbf82000 	C:\WINDOWS\SYSTEM32\DBGHELP.DLL
0x00007ff8d0a40000 - 0x00007ff8d0dc5000 	C:\WINDOWS\System32\combase.dll
0x00007ff8cf8f0000 - 0x00007ff8cf9c6000 	C:\WINDOWS\System32\OLEAUT32.dll
0x00007ff8b08e0000 - 0x00007ff8b091c000 	C:\WINDOWS\SYSTEM32\dbgcore.DLL
0x00007ff8ce6f0000 - 0x00007ff8ce795000 	C:\WINDOWS\System32\bcryptPrimitives.dll
0x00007ff8b4910000 - 0x00007ff8b492f000 	C:\Users\ADMIN\IntelliJ IDEA 2024.2.1\jbr\bin\java.dll
0x00007ff8b4050000 - 0x00007ff8b4068000 	C:\Users\ADMIN\IntelliJ IDEA 2024.2.1\jbr\bin\zip.dll
0x00007ff8d01c0000 - 0x00007ff8d0913000 	C:\WINDOWS\System32\SHELL32.dll
0x00007ff8ce8d0000 - 0x00007ff8cea3a000 	C:\WINDOWS\System32\wintypes.dll
0x00007ff8cc2c0000 - 0x00007ff8ccb1e000 	C:\WINDOWS\SYSTEM32\windows.storage.dll
0x00007ff8d0e50000 - 0x00007ff8d0f45000 	C:\WINDOWS\System32\SHCORE.dll
0x00007ff8cfa10000 - 0x00007ff8cfa76000 	C:\WINDOWS\System32\shlwapi.dll
0x00007ff8ce610000 - 0x00007ff8ce639000 	C:\WINDOWS\SYSTEM32\profapi.dll
0x00007ff8a43c0000 - 0x00007ff8a43d0000 	C:\Users\ADMIN\IntelliJ IDEA 2024.2.1\jbr\bin\net.dll
0x00007ff8c7ca0000 - 0x00007ff8c7dc8000 	C:\WINDOWS\SYSTEM32\WINHTTP.dll
0x00007ff8cda10000 - 0x00007ff8cda7b000 	C:\WINDOWS\system32\mswsock.dll
0x00007ff8a43a0000 - 0x00007ff8a43b6000 	C:\Users\ADMIN\IntelliJ IDEA 2024.2.1\jbr\bin\nio.dll
0x00007ff8ccf20000 - 0x00007ff8ccf54000 	C:\WINDOWS\SYSTEM32\IPHLPAPI.DLL
0x00007ff8cfab0000 - 0x00007ff8cfaba000 	C:\WINDOWS\System32\NSI.dll
0x00007ff8cdcd0000 - 0x00007ff8cdceb000 	C:\WINDOWS\SYSTEM32\CRYPTSP.dll
0x00007ff8cd400000 - 0x00007ff8cd43a000 	C:\WINDOWS\system32\rsaenh.dll
0x00007ff8cdac0000 - 0x00007ff8cdaeb000 	C:\WINDOWS\SYSTEM32\USERENV.dll
0x00007ff8ce5e0000 - 0x00007ff8ce60a000 	C:\WINDOWS\SYSTEM32\bcrypt.dll
0x00007ff8cdcf0000 - 0x00007ff8cdcfc000 	C:\WINDOWS\SYSTEM32\CRYPTBASE.dll
0x00007ff8a3f70000 - 0x00007ff8a3f79000 	C:\Users\ADMIN\IntelliJ IDEA 2024.2.1\jbr\bin\extnet.dll
0x00007ff899110000 - 0x00007ff899117000 	C:\Users\ADMIN\IntelliJ IDEA 2024.2.1\jbr\bin\rmi.dll
0x00007ff8c8130000 - 0x00007ff8c814e000 	C:\WINDOWS\SYSTEM32\dhcpcsvc6.DLL
0x00007ff8c80a0000 - 0x00007ff8c80c3000 	C:\WINDOWS\SYSTEM32\dhcpcsvc.DLL
0x00007ff8ccf60000 - 0x00007ff8cd08c000 	C:\WINDOWS\SYSTEM32\DNSAPI.dll
0x00007ff8a3f90000 - 0x00007ff8a3f9e000 	C:\Users\ADMIN\IntelliJ IDEA 2024.2.1\jbr\bin\sunmscapi.dll
0x00007ff8cf0d0000 - 0x00007ff8cf247000 	C:\WINDOWS\System32\CRYPT32.dll
0x00007ff8cdef0000 - 0x00007ff8cdf20000 	C:\WINDOWS\SYSTEM32\ncrypt.dll
0x00007ff8cdea0000 - 0x00007ff8cdedf000 	C:\WINDOWS\SYSTEM32\NTASN1.dll
0x00007ff8a2450000 - 0x00007ff8a2458000 	C:\WINDOWS\system32\wshunix.dll
0x00007ff8c6fc0000 - 0x00007ff8c6fcb000 	C:\Windows\System32\rasadhlp.dll
0x00007ff8c82f0000 - 0x00007ff8c8376000 	C:\WINDOWS\System32\fwpuclnt.dll

dbghelp: loaded successfully - version: 4.0.5 - missing functions: none
symbol engine: initialized successfully - sym options: 0x614 - pdb path: .;C:\Users\ADMIN\IntelliJ IDEA 2024.2.1\jbr\bin;C:\WINDOWS\SYSTEM32;C:\WINDOWS\WinSxS\amd64_microsoft.windows.common-controls_6595b64144ccf1df_6.0.26100.7309_none_3e05feeae336a044;C:\Users\ADMIN\IntelliJ IDEA 2024.2.1\jbr\bin\server

VM Arguments:
jvm_args: -Djava.rmi.server.hostname=127.0.0.1 -Duser.timezone=UTC -Xmx2048m -Xms128m -Djdbc.classpath=C:\Users\ADMIN\IntelliJ IDEA 2024.2.1\plugins\DatabaseTools\lib\jdbc-console.jar;C:\Users\ADMIN\AppData\Roaming\JetBrains\IntelliJIdea2024.2\jdbc-drivers\MongoDB\1.20\mongo-jdbc-standalone-1.20.jar --add-exports=java.desktop/sun.awt=ALL-UNNAMED --add-exports=java.desktop/java.awt.peer=ALL-UNNAMED --add-opens=java.desktop/java.awt=ALL-UNNAMED --add-opens=jdk.unsupported/sun.misc=ALL-UNNAMED --add-opens=java.base/java.nio=ALL-UNNAMED --add-opens=java.base/java.util=ALL-UNNAMED -Dfile.encoding=UTF-8 -Dsun.stdout.encoding=UTF-8 -Dsun.stderr.encoding=UTF-8 
java_command: com.intellij.database.remote.RemoteJdbcServer com.dbschema.MongoJdbcDriver
java_class_path (initial): C:\Users\ADMIN\IntelliJ IDEA 2024.2.1\lib\util_rt.jar;C:\Users\ADMIN\IntelliJ IDEA 2024.2.1\lib\util-8.jar;C:\Users\ADMIN\IntelliJ IDEA 2024.2.1\lib\groovy.jar;C:\Users\ADMIN\IntelliJ IDEA 2024.2.1\plugins\DatabaseTools\lib\jdbc-console.jar;C:\Users\ADMIN\IntelliJ IDEA 2024.2.1\plugins\grid-core-impl\lib\jdbc-console-types.jar;C:\Users\ADMIN\IntelliJ IDEA 2024.2.1\lib\util.jar;C:\Users\ADMIN\IntelliJ IDEA 2024.2.1\lib\bouncy-castle.jar
Launcher Type: SUN_STANDARD

[Global flags]
     intx CICompilerCount                          = 12                                        {product} {ergonomic}
     uint ConcGCThreads                            = 3                                         {product} {ergonomic}
     uint G1ConcRefinementThreads                  = 13                                        {product} {ergonomic}
   size_t G1HeapRegionSize                         = 1048576                                   {product} {ergonomic}
    uintx GCDrainStackTargetSize                   = 64                                        {product} {ergonomic}
   size_t InitialHeapSize                          = 134217728                                 {product} {command line}
   size_t MarkStackSize                            = 4194304                                   {product} {ergonomic}
   size_t MaxHeapSize                              = 2147483648                                {product} {command line}
   size_t MaxNewSize                               = 1287651328                                {product} {ergonomic}
   size_t MinHeapDeltaBytes                        = 1048576                                   {product} {ergonomic}
   size_t MinHeapSize                              = 134217728                                 {product} {command line}
    uintx NonNMethodCodeHeapSize                   = 7602480                                {pd product} {ergonomic}
    uintx NonProfiledCodeHeapSize                  = 122027880                              {pd product} {ergonomic}
    uintx ProfiledCodeHeapSize                     = 122027880                              {pd product} {ergonomic}
    uintx ReservedCodeCacheSize                    = 251658240                              {pd product} {ergonomic}
     bool SegmentedCodeCache                       = true                                      {product} {ergonomic}
   size_t SoftMaxHeapSize                          = 2147483648                             {manageable} {ergonomic}
     bool UseCompressedOops                        = true                           {product lp64_product} {ergonomic}
     bool UseG1GC                                  = true                                      {product} {ergonomic}
     bool UseLargePagesIndividualAllocation        = false                                  {pd product} {ergonomic}

Logging:
Log output configuration:
 #0: stdout all=warning uptime,level,tags foldmultilines=false
 #1: stderr all=off uptime,level,tags foldmultilines=false

Environment Variables:
PATH=C:\WINDOWS\system32;C:\WINDOWS;C:\WINDOWS\System32\Wbem;C:\WINDOWS\System32\WindowsPowerShell\v1.0\;C:\WINDOWS\System32\OpenSSH\;C:\Program Files\Git\cmd;C:\Program Files\Cloudflare\Cloudflare WARP\;C:\Program Files\Docker\Docker\resources\bin;C:\Program Files\MongoDB\Server\8.2\bin;C:\Program Files\mongosh\;C:\Users\ADMIN\AppData\Local\nvm;C:\nvm4w\nodejs;C:\Program Files\MySQL\MySQL Server 8.4\bin;C:\Users\ADMIN\AppData\Local\Programs\Python\Python310\Scripts\;C:\Users\ADMIN\AppData\Local\Programs\Python\Python310\;C:\Users\ADMIN\.local\bin;C:\Users\ADMIN\AppData\Local\Programs\Python\Python312\Scripts\;C:\Users\ADMIN\AppData\Local\Programs\Python\Python312\;C:\Users\ADMIN\AppData\Local\Microsoft\WindowsApps;C:\Users\ADMIN\AppData\Local\GitHubDesktop\bin;C:\Microsoft VS Code\bin;C:\Users\ADMIN\IntelliJ IDEA 2024.2.1\bin;;C:\Program Files\JetBrains\DataGrip 2024.2.2\bin;;C:\php;C:\Program Files\MongoDB\Server\8.2;C:\Program Files\mongosh\;C:\Users\ADMIN\AppData\Local\nvm;C:\nvm4w\nodejs;C:\Users\ADMIN\AppData\Roaming\npm;C:\Program Files\MySQL\MySQL Server 8.4\bin
USERNAME=ADMIN
OS=Windows_NT
PROCESSOR_IDENTIFIER=Intel64 Family 6 Model 186 Stepping 2, GenuineIntel
TMP=C:\Users\ADMIN\AppData\Local\Temp
TEMP=C:\Users\ADMIN\AppData\Local\Temp




Periodic native trim disabled

JNI global refs:
JNI global refs: 33, weak refs: 35

JNI global refs memory usage: 835, weak refs: 833

Process memory usage:
Resident Set Size: 424568K (2% of 16387508K total physical memory with 960264K free physical memory)

OOME stack traces (most recent first):
Classloader memory used:
Loader bootstrap                                                                       : 23921K
Loader com.intellij.database.remote.jdbc.impl.JdbcClassLoader$JdbcClassLoaderImpl      : 21504K
Loader jdk.internal.loader.ClassLoaders$AppClassLoader                                 : 2378K
Loader jdk.internal.loader.ClassLoaders$PlatformClassLoader                            : 878K
Loader jdk.internal.reflect.DelegatingClassLoader                                      : 72432B
Loader com.intellij.database.remote.jdbc.impl.JdbcClassLoader$1                        : 6912B

---------------  S Y S T E M  ---------------

OS:
 Windows 11 , 64 bit Build 26100 (10.0.26100.7309)
OS uptime: 8 days 5:41 hours
Hyper-V role detected

CPU: total 16 (initial active 16) (8 cores per cpu, 2 threads per core) family 6 model 186 stepping 2 microcode 0x410e, cx8, cmov, fxsr, ht, mmx, 3dnowpref, sse, sse2, sse3, ssse3, sse4.1, sse4.2, popcnt, lzcnt, tsc, tscinvbit, avx, avx2, aes, erms, clmul, bmi1, bmi2, adx, sha, fma, vzeroupper, clflush, clflushopt, clwb, hv, serialize, rdtscp, rdpid, fsrm, f16c, cet_ibt, cet_ss
Processor Information for processor 0
  Max Mhz: 2200, Current Mhz: 2200, Mhz Limit: 2200
Processor Information for processor 1
  Max Mhz: 2200, Current Mhz: 2200, Mhz Limit: 2200
Processor Information for processor 2
  Max Mhz: 2200, Current Mhz: 2200, Mhz Limit: 2200
Processor Information for processor 3
  Max Mhz: 2200, Current Mhz: 2200, Mhz Limit: 2200
Processor Information for processor 4
  Max Mhz: 2200, Current Mhz: 2200, Mhz Limit: 2200
Processor Information for processor 5
  Max Mhz: 2200, Current Mhz: 2200, Mhz Limit: 2200
Processor Information for processor 6
  Max Mhz: 2200, Current Mhz: 2200, Mhz Limit: 2200
Processor Information for processor 7
  Max Mhz: 2200, Current Mhz: 2200, Mhz Limit: 2200
Processor Information for processor 8
  Max Mhz: 2200, Current Mhz: 2200, Mhz Limit: 2200
Processor Information for processor 9
  Max Mhz: 2200, Current Mhz: 1512, Mhz Limit: 2200
Processor Information for processor 10
  Max Mhz: 2200, Current Mhz: 1512, Mhz Limit: 2200
Processor Information for processor 11
  Max Mhz: 2200, Current Mhz: 2200, Mhz Limit: 2200
Processor Information for processor 12
  Max Mhz: 2200, Current Mhz: 1512, Mhz Limit: 2200
Processor Information for processor 13
  Max Mhz: 2200, Current Mhz: 1512, Mhz Limit: 2200
Processor Information for processor 14
  Max Mhz: 2200, Current Mhz: 1512, Mhz Limit: 2200
Processor Information for processor 15
  Max Mhz: 2200, Current Mhz: 1512, Mhz Limit: 2200

Memory: 4k page, system-wide physical 16003M (939M free)
TotalPageFile size 41745M (AvailPageFile size 248M)
current process WorkingSet (physical memory assigned to process): 414M, peak: 415M
current process commit charge ("private bytes"): 457M, peak: 750M

vm_info: OpenJDK 64-Bit Server VM (21.0.3+13-b509.11) for windows-amd64 JRE (21.0.3+13-b509.11), built on 2024-08-12 by "builduser" with MS VC++ 16.10 / 16.11 (VS2019)

END.
