#
# There is insufficient memory for the Java Runtime Environment to continue.
# Native memory allocation (mmap) failed to map 264241152 bytes. Error detail: G1 virtual space
# Possible reasons:
#   The system is out of physical RAM or swap space
#   This process is running with CompressedOops enabled, and the Java Heap may be blocking the growth of the native heap
# Possible solutions:
#   Reduce memory load on the system
#   Increase physical memory or swap space
#   Check if swap backing store is full
#   Decrease Java heap size (-Xmx/-Xms)
#   Decrease number of Java threads
#   Decrease Java thread stack sizes (-Xss)
#   Set larger code cache with -XX:ReservedCodeCacheSize=
#   JVM is running with Unscaled Compressed Oops mode in which the Java heap is
#     placed in the first 4GB address space. The Java Heap base address is the
#     maximum limit for the native heap growth. Please use -XX:HeapBaseMinAddress
#     to set the Java Heap base and to place the Java Heap above 4GB virtual address.
# This output file may be truncated or incomplete.
#
#  Out of Memory Error (os_windows.cpp:3815), pid=38024, tid=27844
#
# JRE version: OpenJDK Runtime Environment JBR-21.0.3+13-509.11-jcef (21.0.3+13) (build 21.0.3+13-b509.11)
# Java VM: OpenJDK 64-Bit Server VM JBR-21.0.3+13-509.11-jcef (21.0.3+13-b509.11, mixed mode, tiered, compressed oops, compressed class ptrs, g1 gc, windows-amd64)
# No core dump will be written. Minidumps are not enabled by default on client versions of Windows
#

---------------  S U M M A R Y ------------

Command Line: -Djava.rmi.server.hostname=127.0.0.1 -Duser.timezone=UTC -Xmx2048m -Xms128m -Djdbc.classpath=C:\Users\ADMIN\IntelliJ IDEA 2024.2.1\plugins\DatabaseTools\lib\jdbc-console.jar;C:\Users\ADMIN\AppData\Roaming\JetBrains\IntelliJIdea2024.2\jdbc-drivers\MongoDB\1.20\mongo-jdbc-standalone-1.20.jar --add-exports=java.desktop/sun.awt=ALL-UNNAMED --add-exports=java.desktop/java.awt.peer=ALL-UNNAMED --add-opens=java.desktop/java.awt=ALL-UNNAMED --add-opens=jdk.unsupported/sun.misc=ALL-UNNAMED --add-opens=java.base/java.nio=ALL-UNNAMED --add-opens=java.base/java.util=ALL-UNNAMED -Dfile.encoding=UTF-8 -Dsun.stdout.encoding=UTF-8 -Dsun.stderr.encoding=UTF-8 com.intellij.database.remote.RemoteJdbcServer com.dbschema.MongoJdbcDriver

Host: 13th Gen Intel(R) Core(TM) i7-1360P, 16 cores, 15G,  Windows 11 , 64 bit Build 26100 (10.0.26100.7309)
Time: Sun Dec 21 13:48:29 2025 SE Asia Standard Time elapsed time: 4.342465 seconds (0d 0h 0m 4s)

---------------  T H R E A D  ---------------

Current thread (0x000001bf22111480):  VMThread "VM Thread"          [id=27844, stack(0x000000a34d800000,0x000000a34d900000) (1024K)]

Stack: [0x000000a34d800000,0x000000a34d900000]
Native frames: (J=compiled Java code, j=interpreted, Vv=VM code, C=native code)
V  [jvm.dll+0x6e02f9]
V  [jvm.dll+0x8bd383]
V  [jvm.dll+0x8bf8de]
V  [jvm.dll+0x8bffc3]
V  [jvm.dll+0x2879c6]
V  [jvm.dll+0x6dcac5]
V  [jvm.dll+0x6d0f9a]
V  [jvm.dll+0x35f9bb]
V  [jvm.dll+0x367566]
V  [jvm.dll+0x3b8b56]
V  [jvm.dll+0x3b8e28]
V  [jvm.dll+0x33217c]
V  [jvm.dll+0x332207]
V  [jvm.dll+0x37808c]
V  [jvm.dll+0x37681e]
V  [jvm.dll+0x331881]
V  [jvm.dll+0x375f30]
V  [jvm.dll+0x8c5928]
V  [jvm.dll+0x8c6a24]
V  [jvm.dll+0x8c6f60]
V  [jvm.dll+0x8c71f3]
V  [jvm.dll+0x865338]
V  [jvm.dll+0x6deb3d]
C  [ucrtbase.dll+0x37b0]
C  [KERNEL32.DLL+0x2e8d7]
C  [ntdll.dll+0x8c53c]

VM_Operation (0x000000a3501fbbd0): G1CollectForAllocation, mode: safepoint, requested by thread 0x000001bf2754a5f0


---------------  P R O C E S S  ---------------

Threads class SMR info:
_java_thread_list=0x000001bf27be1a80, length=38, elements={
0x000001bf0902f540, 0x000001bf2217e1e0, 0x000001bf22180860, 0x000001bf221832f0,
0x000001bf22184970, 0x000001bf22184fe0, 0x000001bf22189660, 0x000001bf22165140,
0x000001bf221acf40, 0x000001bf216bcde0, 0x000001bf22383d90, 0x000001bf22387030,
0x000001bf2275c420, 0x000001bf22a17e60, 0x000001bf22a18d20, 0x000001bf22ba0b00,
0x000001bf22bb9f40, 0x000001bf2738d440, 0x000001bf27391430, 0x000001bf27391ea0,
0x000001bf22d1a700, 0x000001bf274c7540, 0x000001bf2738f010, 0x000001bf27547e90,
0x000001bf27549240, 0x000001bf27548520, 0x000001bf27549f60, 0x000001bf2754a5f0,
0x000001bf2754ac80, 0x000001bf275498d0, 0x000001bf2754b310, 0x000001bf28575dd0,
0x000001bf28577ea0, 0x000001bf285750b0, 0x000001bf28578530, 0x000001bf28577180,
0x000001bf28578bc0, 0x000001bf27be5780
}

Java Threads: ( => current thread )
  0x000001bf0902f540 JavaThread "main"                              [_thread_blocked, id=5336, stack(0x000000a34d100000,0x000000a34d200000) (1024K)]
  0x000001bf2217e1e0 JavaThread "Reference Handler"          daemon [_thread_blocked, id=23376, stack(0x000000a34d900000,0x000000a34da00000) (1024K)]
  0x000001bf22180860 JavaThread "Finalizer"                  daemon [_thread_blocked, id=15692, stack(0x000000a34da00000,0x000000a34db00000) (1024K)]
  0x000001bf221832f0 JavaThread "Signal Dispatcher"          daemon [_thread_blocked, id=41704, stack(0x000000a34db00000,0x000000a34dc00000) (1024K)]
  0x000001bf22184970 JavaThread "Attach Listener"            daemon [_thread_blocked, id=10652, stack(0x000000a34dc00000,0x000000a34dd00000) (1024K)]
  0x000001bf22184fe0 JavaThread "Service Thread"             daemon [_thread_blocked, id=28888, stack(0x000000a34dd00000,0x000000a34de00000) (1024K)]
  0x000001bf22189660 JavaThread "Monitor Deflation Thread"   daemon [_thread_blocked, id=29528, stack(0x000000a34de00000,0x000000a34df00000) (1024K)]
  0x000001bf22165140 JavaThread "C2 CompilerThread0"         daemon [_thread_blocked, id=43076, stack(0x000000a34df00000,0x000000a34e000000) (1024K)]
  0x000001bf221acf40 JavaThread "C1 CompilerThread0"         daemon [_thread_blocked, id=27812, stack(0x000000a34e000000,0x000000a34e100000) (1024K)]
  0x000001bf216bcde0 JavaThread "C1 CompilerThread1"         daemon [_thread_blocked, id=21408, stack(0x000000a34e100000,0x000000a34e200000) (1024K)]
  0x000001bf22383d90 JavaThread "Common-Cleaner"             daemon [_thread_blocked, id=38960, stack(0x000000a34e200000,0x000000a34e300000) (1024K)]
  0x000001bf22387030 JavaThread "Notification Thread"        daemon [_thread_blocked, id=15504, stack(0x000000a34e300000,0x000000a34e400000) (1024K)]
  0x000001bf2275c420 JavaThread "C2 CompilerThread1"         daemon [_thread_blocked, id=28000, stack(0x000000a34e400000,0x000000a34e500000) (1024K)]
  0x000001bf22a17e60 JavaThread "C1 CompilerThread2"         daemon [_thread_blocked, id=23940, stack(0x000000a34e500000,0x000000a34e600000) (1024K)]
  0x000001bf22a18d20 JavaThread "C1 CompilerThread3"         daemon [_thread_blocked, id=26816, stack(0x000000a34e600000,0x000000a34e700000) (1024K)]
  0x000001bf22ba0b00 JavaThread "MongoShell ExecutorService" daemon [_thread_blocked, id=6924, stack(0x000000a34f000000,0x000000a34f100000) (1024K)]
  0x000001bf22bb9f40 JavaThread "MongoShell ExecutorService" daemon [_thread_blocked, id=46652, stack(0x000000a34f100000,0x000000a34f200000) (1024K)]
  0x000001bf2738d440 JavaThread "RMI TCP Accept-58110"       daemon [_thread_in_native, id=10788, stack(0x000000a34f700000,0x000000a34f800000) (1024K)]
  0x000001bf27391430 JavaThread "RMI TCP Accept-0"           daemon [_thread_in_native, id=41244, stack(0x000000a34f800000,0x000000a34f900000) (1024K)]
  0x000001bf27391ea0 JavaThread "RMI Reaper"                        [_thread_blocked, id=38612, stack(0x000000a34f900000,0x000000a34fa00000) (1024K)]
  0x000001bf22d1a700 JavaThread "RMI GC Daemon"              daemon [_thread_blocked, id=41232, stack(0x000000a34fa00000,0x000000a34fb00000) (1024K)]
  0x000001bf274c7540 JavaThread "RMI TCP Connection(1)-127.0.0.1" daemon [_thread_in_native, id=46256, stack(0x000000a34fb00000,0x000000a34fc00000) (1024K)]
  0x000001bf2738f010 JavaThread "RMI TCP Connection(2)-127.0.0.1" daemon [_thread_in_native, id=36764, stack(0x000000a34fc00000,0x000000a34fd00000) (1024K)]
  0x000001bf27547e90 JavaThread "RMI Scheduler(0)"           daemon [_thread_blocked, id=35324, stack(0x000000a34fd00000,0x000000a34fe00000) (1024K)]
  0x000001bf27549240 JavaThread "RMI TCP Connection(3)-127.0.0.1" daemon [_thread_in_native, id=41868, stack(0x000000a34fe00000,0x000000a34ff00000) (1024K)]
  0x000001bf27548520 JavaThread "RMI TCP Connection(4)-127.0.0.1" daemon [_thread_blocked, id=50052, stack(0x000000a34ff00000,0x000000a350000000) (1024K)]
  0x000001bf27549f60 JavaThread "RMI RenewClean-[127.0.0.1:61676]" daemon [_thread_blocked, id=35732, stack(0x000000a350000000,0x000000a350100000) (1024K)]
  0x000001bf2754a5f0 JavaThread "MongoShell ExecutorService" daemon [_thread_blocked, id=42808, stack(0x000000a350100000,0x000000a350200000) (1024K)]
  0x000001bf2754ac80 JavaThread "Jndi-Dns-address-change-listener" daemon [_thread_in_native, id=32976, stack(0x000000a350200000,0x000000a350300000) (1024K)]
  0x000001bf275498d0 JavaThread "BufferPoolPruner-1-thread-1" daemon [_thread_blocked, id=37780, stack(0x000000a350300000,0x000000a350400000) (1024K)]
  0x000001bf2754b310 JavaThread "cluster-ClusterId{value='6947983b725a5c7314300133', description='DataGrip'}-srv-cluster0.izdgthg.mongodb.net" daemon [_thread_blocked, id=37960, stack(0x000000a350400000,0x000000a350500000) (1024K)]
  0x000001bf28575dd0 JavaThread "cluster-ClusterId{value='6947983b725a5c7314300133', description='DataGrip'}-ac-g2g9xfy-shard-00-00.izdgthg.mongodb.net:27017" daemon [_thread_blocked, id=24436, stack(0x000000a350500000,0x000000a350600000) (1024K)]
  0x000001bf28577ea0 JavaThread "cluster-rtt-ClusterId{value='6947983b725a5c7314300133', description='DataGrip'}-ac-g2g9xfy-shard-00-00.izdgthg.mongodb.net:27017" daemon [_thread_blocked, id=49528, stack(0x000000a350600000,0x000000a350700000) (1024K)]
  0x000001bf285750b0 JavaThread "cluster-ClusterId{value='6947983b725a5c7314300133', description='DataGrip'}-ac-g2g9xfy-shard-00-02.izdgthg.mongodb.net:27017" daemon [_thread_blocked, id=47008, stack(0x000000a350700000,0x000000a350800000) (1024K)]
  0x000001bf28578530 JavaThread "cluster-rtt-ClusterId{value='6947983b725a5c7314300133', description='DataGrip'}-ac-g2g9xfy-shard-00-02.izdgthg.mongodb.net:27017" daemon [_thread_blocked, id=31392, stack(0x000000a350800000,0x000000a350900000) (1024K)]
  0x000001bf28577180 JavaThread "cluster-ClusterId{value='6947983b725a5c7314300133', description='DataGrip'}-ac-g2g9xfy-shard-00-01.izdgthg.mongodb.net:27017" daemon [_thread_blocked, id=16728, stack(0x000000a350900000,0x000000a350a00000) (1024K)]
  0x000001bf28578bc0 JavaThread "cluster-rtt-ClusterId{value='6947983b725a5c7314300133', description='DataGrip'}-ac-g2g9xfy-shard-00-01.izdgthg.mongodb.net:27017" daemon [_thread_blocked, id=46196, stack(0x000000a350a00000,0x000000a350b00000) (1024K)]
  0x000001bf27be5780 JavaThread "C2 CompilerThread2"         daemon [_thread_blocked, id=28176, stack(0x000000a350b00000,0x000000a350c00000) (1024K)]
Total: 38

Other Threads:
=>0x000001bf22111480 VMThread "VM Thread"                           [id=27844, stack(0x000000a34d800000,0x000000a34d900000) (1024K)]
  0x000001bf216bc880 WatcherThread "VM Periodic Task Thread"        [id=48324, stack(0x000000a34d700000,0x000000a34d800000) (1024K)]
  0x000001bf090847a0 WorkerThread "GC Thread#0"                     [id=44244, stack(0x000000a34d200000,0x000000a34d300000) (1024K)]
  0x000001bf22b777c0 WorkerThread "GC Thread#1"                     [id=43564, stack(0x000000a34e700000,0x000000a34e800000) (1024K)]
  0x000001bf22b77f70 WorkerThread "GC Thread#2"                     [id=13608, stack(0x000000a34e800000,0x000000a34e900000) (1024K)]
  0x000001bf22b92cc0 WorkerThread "GC Thread#3"                     [id=12124, stack(0x000000a34e900000,0x000000a34ea00000) (1024K)]
  0x000001bf22b93060 WorkerThread "GC Thread#4"                     [id=9452, stack(0x000000a34ea00000,0x000000a34eb00000) (1024K)]
  0x000001bf22b93400 WorkerThread "GC Thread#5"                     [id=32032, stack(0x000000a34eb00000,0x000000a34ec00000) (1024K)]
  0x000001bf22b937a0 WorkerThread "GC Thread#6"                     [id=1064, stack(0x000000a34ec00000,0x000000a34ed00000) (1024K)]
  0x000001bf22b9bf60 WorkerThread "GC Thread#7"                     [id=38352, stack(0x000000a34ed00000,0x000000a34ee00000) (1024K)]
  0x000001bf22b9cb10 WorkerThread "GC Thread#8"                     [id=27088, stack(0x000000a34ee00000,0x000000a34ef00000) (1024K)]
  0x000001bf22b9e1a0 WorkerThread "GC Thread#9"                     [id=39404, stack(0x000000a34ef00000,0x000000a34f000000) (1024K)]
  0x000001bf22d8eaf0 WorkerThread "GC Thread#10"                    [id=41144, stack(0x000000a34f200000,0x000000a34f300000) (1024K)]
  0x000001bf22d8f230 WorkerThread "GC Thread#11"                    [id=10972, stack(0x000000a34f300000,0x000000a34f400000) (1024K)]
  0x000001bf22d8e3b0 WorkerThread "GC Thread#12"                    [id=38508, stack(0x000000a34f400000,0x000000a34f500000) (1024K)]
  0x000001bf09096510 ConcurrentGCThread "G1 Main Marker"            [id=30264, stack(0x000000a34d300000,0x000000a34d400000) (1024K)]
  0x000001bf09096f20 WorkerThread "G1 Conc#0"                       [id=25036, stack(0x000000a34d400000,0x000000a34d500000) (1024K)]
  0x000001bf22d8f5d0 WorkerThread "G1 Conc#1"                       [id=21420, stack(0x000000a34f500000,0x000000a34f600000) (1024K)]
  0x000001bf22d8e750 WorkerThread "G1 Conc#2"                       [id=45144, stack(0x000000a34f600000,0x000000a34f700000) (1024K)]
  0x000001bf21582980 ConcurrentGCThread "G1 Refine#0"               [id=22752, stack(0x000000a34d500000,0x000000a34d600000) (1024K)]
  0x000001bf215852c0 ConcurrentGCThread "G1 Service"                [id=16924, stack(0x000000a34d600000,0x000000a34d700000) (1024K)]
Total: 21

Threads with active compile tasks:
C2 CompilerThread0     4362 3538       4       com.oracle.js.parser.Parser::primaryExpression (529 bytes)
C1 CompilerThread0     4362 4241       2       com.oracle.truffle.polyglot.PolyglotContextConfig::isAccessPermitted (139 bytes)
C1 CompilerThread1     4362 4243   !   2       com.oracle.truffle.api.impl.DefaultCallTarget::callDirectOrIndirect (99 bytes)
C2 CompilerThread1     4362 4172   !   4       com.oracle.js.parser.Parser::argumentList (348 bytes)
C1 CompilerThread3     4362 4242       2       com.oracle.truffle.regex.charset.CodePointSet::checkConstants (157 bytes)
C2 CompilerThread2     4362 4204       4       com.oracle.js.parser.Lexer::valueOfIdent (174 bytes)
Total: 6

VM state: at safepoint (normal execution)

VM Mutex/Monitor currently owned by a thread:  ([mutex/lock_event])
[0x00007fffd85c1758] Threads_lock - owner thread: 0x000001bf22111480
[0x00007fffd85c1858] Heap_lock - owner thread: 0x000001bf2754a5f0

Heap address: 0x0000000080000000, size: 2048 MB, Compressed Oops mode: 32-bit

CDS archive(s) not mapped
Compressed class space mapped at: 0x0000000100000000-0x0000000140000000, reserved size: 1073741824
Narrow klass base: 0x0000000000000000, Narrow klass shift: 3, Narrow klass range: 0x140000000

GC Precious Log:
 CardTable entry size: 512
 Card Set container configuration: InlinePtr #cards 5 size 8 Array Of Cards #cards 12 size 40 Howl #buckets 4 coarsen threshold 1843 Howl Bitmap #cards 512 size 80 coarsen threshold 460 Card regions per heap region 1 cards per card region 2048
 CPUs: 16 total, 16 available
 Memory: 16003M
 Large Page Support: Disabled
 NUMA Support: Disabled
 Compressed Oops: Enabled (32-bit)
 Heap Region Size: 1M
 Heap Min Capacity: 128M
 Heap Initial Capacity: 128M
 Heap Max Capacity: 2G
 Pre-touch: Disabled
 Parallel Workers: 13
 Concurrent Workers: 3
 Concurrent Refinement Workers: 13
 Periodic GC: Disabled

Heap:
 garbage-first heap   total 131072K, used 64000K [0x0000000080000000, 0x0000000100000000)
  region size 1024K, 6 young (6144K), 6 survivors (6144K)
 Metaspace       used 46219K, committed 46720K, reserved 1114112K
  class space    used 5000K, committed 5248K, reserved 1048576K

Heap Regions: E=young(eden), S=young(survivor), O=old, HS=humongous(starts), HC=humongous(continues), CS=collection set, F=free, TAMS=top-at-mark-start, PB=parsable bottom
|   0|0x0000000080000000, 0x0000000080100000, 0x0000000080100000|100%|HS|  |TAMS 0x0000000080000000| PB 0x0000000080000000| Complete 
|   1|0x0000000080100000, 0x0000000080200000, 0x0000000080200000|100%|HC|  |TAMS 0x0000000080100000| PB 0x0000000080100000| Complete 
|   2|0x0000000080200000, 0x0000000080300000, 0x0000000080300000|100%|HS|  |TAMS 0x0000000080200000| PB 0x0000000080200000| Complete 
|   3|0x0000000080300000, 0x0000000080400000, 0x0000000080400000|100%|HS|  |TAMS 0x0000000080300000| PB 0x0000000080300000| Complete 
|   4|0x0000000080400000, 0x0000000080500000, 0x0000000080500000|100%|HS|  |TAMS 0x0000000080400000| PB 0x0000000080400000| Complete 
|   5|0x0000000080500000, 0x0000000080600000, 0x0000000080600000|100%|HC|  |TAMS 0x0000000080500000| PB 0x0000000080500000| Complete 
|   6|0x0000000080600000, 0x0000000080700000, 0x0000000080700000|100%| O|  |TAMS 0x0000000080600000| PB 0x0000000080600000| Untracked 
|   7|0x0000000080700000, 0x0000000080800000, 0x0000000080800000|100%| O|  |TAMS 0x0000000080700000| PB 0x0000000080700000| Untracked 
|   8|0x0000000080800000, 0x0000000080900000, 0x0000000080900000|100%| O|  |TAMS 0x0000000080800000| PB 0x0000000080800000| Untracked 
|   9|0x0000000080900000, 0x0000000080a00000, 0x0000000080a00000|100%| O|  |TAMS 0x0000000080900000| PB 0x0000000080900000| Untracked 
|  10|0x0000000080a00000, 0x0000000080b00000, 0x0000000080b00000|100%| O|  |TAMS 0x0000000080a00000| PB 0x0000000080a00000| Untracked 
|  11|0x0000000080b00000, 0x0000000080c00000, 0x0000000080c00000|100%| O|  |TAMS 0x0000000080b00000| PB 0x0000000080b00000| Untracked 
|  12|0x0000000080c00000, 0x0000000080d00000, 0x0000000080d00000|100%| O|  |TAMS 0x0000000080c00000| PB 0x0000000080c00000| Untracked 
|  13|0x0000000080d00000, 0x0000000080e00000, 0x0000000080e00000|100%| O|  |TAMS 0x0000000080d00000| PB 0x0000000080d00000| Untracked 
|  14|0x0000000080e00000, 0x0000000080f00000, 0x0000000080f00000|100%| O|  |TAMS 0x0000000080e00000| PB 0x0000000080e00000| Untracked 
|  15|0x0000000080f00000, 0x0000000081000000, 0x0000000081000000|100%| O|  |TAMS 0x0000000080f00000| PB 0x0000000080f00000| Untracked 
|  16|0x0000000081000000, 0x0000000081100000, 0x0000000081100000|100%| O|  |TAMS 0x0000000081000000| PB 0x0000000081000000| Untracked 
|  17|0x0000000081100000, 0x0000000081200000, 0x0000000081200000|100%| O|  |TAMS 0x0000000081100000| PB 0x0000000081100000| Untracked 
|  18|0x0000000081200000, 0x0000000081300000, 0x0000000081300000|100%| O|  |TAMS 0x0000000081200000| PB 0x0000000081200000| Untracked 
|  19|0x0000000081300000, 0x0000000081400000, 0x0000000081400000|100%|HS|  |TAMS 0x0000000081300000| PB 0x0000000081300000| Complete 
|  20|0x0000000081400000, 0x0000000081500000, 0x0000000081500000|100%|HC|  |TAMS 0x0000000081400000| PB 0x0000000081400000| Complete 
|  21|0x0000000081500000, 0x0000000081600000, 0x0000000081600000|100%|HC|  |TAMS 0x0000000081500000| PB 0x0000000081500000| Complete 
|  22|0x0000000081600000, 0x0000000081700000, 0x0000000081700000|100%|HC|  |TAMS 0x0000000081600000| PB 0x0000000081600000| Complete 
|  23|0x0000000081700000, 0x0000000081800000, 0x0000000081800000|100%| O|  |TAMS 0x0000000081700000| PB 0x0000000081700000| Untracked 
|  24|0x0000000081800000, 0x0000000081900000, 0x0000000081900000|100%| O|  |TAMS 0x0000000081800000| PB 0x0000000081800000| Untracked 
|  25|0x0000000081900000, 0x0000000081a00000, 0x0000000081a00000|100%| O|  |TAMS 0x0000000081900000| PB 0x0000000081900000| Untracked 
|  26|0x0000000081a00000, 0x0000000081b00000, 0x0000000081b00000|100%| O|  |TAMS 0x0000000081a00000| PB 0x0000000081a00000| Untracked 
|  27|0x0000000081b00000, 0x0000000081c00000, 0x0000000081c00000|100%| O|  |TAMS 0x0000000081b00000| PB 0x0000000081b00000| Untracked 
|  28|0x0000000081c00000, 0x0000000081d00000, 0x0000000081d00000|100%| O|  |TAMS 0x0000000081c00000| PB 0x0000000081c00000| Untracked 
|  29|0x0000000081d00000, 0x0000000081e00000, 0x0000000081e00000|100%| O|  |TAMS 0x0000000081d00000| PB 0x0000000081d00000| Untracked 
|  30|0x0000000081e00000, 0x0000000081f00000, 0x0000000081f00000|100%| O|  |TAMS 0x0000000081e00000| PB 0x0000000081e00000| Untracked 
|  31|0x0000000081f00000, 0x0000000082000000, 0x0000000082000000|100%| O|  |TAMS 0x0000000081f00000| PB 0x0000000081f00000| Untracked 
|  32|0x0000000082000000, 0x0000000082100000, 0x0000000082100000|100%| O|  |TAMS 0x0000000082000000| PB 0x0000000082000000| Untracked 
|  33|0x0000000082100000, 0x0000000082200000, 0x0000000082200000|100%| O|  |TAMS 0x0000000082100000| PB 0x0000000082100000| Untracked 
|  34|0x0000000082200000, 0x0000000082300000, 0x0000000082300000|100%| O|  |TAMS 0x0000000082200000| PB 0x0000000082200000| Untracked 
|  35|0x0000000082300000, 0x0000000082400000, 0x0000000082400000|100%| O|  |TAMS 0x0000000082300000| PB 0x0000000082300000| Untracked 
|  36|0x0000000082400000, 0x0000000082500000, 0x0000000082500000|100%| O|  |TAMS 0x0000000082400000| PB 0x0000000082400000| Untracked 
|  37|0x0000000082500000, 0x0000000082600000, 0x0000000082600000|100%| O|  |TAMS 0x0000000082500000| PB 0x0000000082500000| Untracked 
|  38|0x0000000082600000, 0x0000000082700000, 0x0000000082700000|100%| O|  |TAMS 0x0000000082600000| PB 0x0000000082600000| Untracked 
|  39|0x0000000082700000, 0x0000000082800000, 0x0000000082800000|100%| O|  |TAMS 0x0000000082700000| PB 0x0000000082700000| Untracked 
|  40|0x0000000082800000, 0x0000000082900000, 0x0000000082900000|100%| O|  |TAMS 0x0000000082800000| PB 0x0000000082800000| Untracked 
|  41|0x0000000082900000, 0x0000000082a00000, 0x0000000082a00000|100%| O|  |TAMS 0x0000000082900000| PB 0x0000000082900000| Untracked 
|  42|0x0000000082a00000, 0x0000000082b00000, 0x0000000082b00000|100%| O|  |TAMS 0x0000000082a00000| PB 0x0000000082a00000| Untracked 
|  43|0x0000000082b00000, 0x0000000082c00000, 0x0000000082c00000|100%| O|  |TAMS 0x0000000082b00000| PB 0x0000000082b00000| Untracked 
|  44|0x0000000082c00000, 0x0000000082d00000, 0x0000000082d00000|100%| O|  |TAMS 0x0000000082c00000| PB 0x0000000082c00000| Untracked 
|  45|0x0000000082d00000, 0x0000000082e00000, 0x0000000082e00000|100%| O|  |TAMS 0x0000000082d00000| PB 0x0000000082d00000| Untracked 
|  46|0x0000000082e00000, 0x0000000082f00000, 0x0000000082f00000|100%| O|  |TAMS 0x0000000082e00000| PB 0x0000000082e00000| Untracked 
|  47|0x0000000082f00000, 0x0000000083000000, 0x0000000083000000|100%| O|  |TAMS 0x0000000082f00000| PB 0x0000000082f00000| Untracked 
|  48|0x0000000083000000, 0x0000000083100000, 0x0000000083100000|100%| O|  |TAMS 0x0000000083000000| PB 0x0000000083000000| Untracked 
|  49|0x0000000083100000, 0x0000000083200000, 0x0000000083200000|100%| O|  |TAMS 0x0000000083100000| PB 0x0000000083100000| Untracked 
|  50|0x0000000083200000, 0x0000000083300000, 0x0000000083300000|100%| O|  |TAMS 0x0000000083200000| PB 0x0000000083200000| Untracked 
|  51|0x0000000083300000, 0x0000000083400000, 0x0000000083400000|100%| O|  |TAMS 0x0000000083300000| PB 0x0000000083300000| Untracked 
|  52|0x0000000083400000, 0x0000000083500000, 0x0000000083500000|100%| O|  |TAMS 0x0000000083400000| PB 0x0000000083400000| Untracked 
|  53|0x0000000083500000, 0x0000000083600000, 0x0000000083600000|100%| O|  |TAMS 0x0000000083500000| PB 0x0000000083500000| Untracked 
|  54|0x0000000083600000, 0x0000000083700000, 0x0000000083700000|100%| O|  |TAMS 0x0000000083600000| PB 0x0000000083600000| Untracked 
|  55|0x0000000083700000, 0x0000000083800000, 0x0000000083800000|100%| O|  |TAMS 0x0000000083700000| PB 0x0000000083700000| Untracked 
|  56|0x0000000083800000, 0x0000000083880000, 0x0000000083900000| 50%| O|  |TAMS 0x0000000083800000| PB 0x0000000083800000| Untracked 
|  57|0x0000000083900000, 0x0000000083900000, 0x0000000083a00000|  0%| F|  |TAMS 0x0000000083900000| PB 0x0000000083900000| Untracked 
|  58|0x0000000083a00000, 0x0000000083a00000, 0x0000000083b00000|  0%| F|  |TAMS 0x0000000083a00000| PB 0x0000000083a00000| Untracked 
|  59|0x0000000083b00000, 0x0000000083b00000, 0x0000000083c00000|  0%| F|  |TAMS 0x0000000083b00000| PB 0x0000000083b00000| Untracked 
|  60|0x0000000083c00000, 0x0000000083c00000, 0x0000000083d00000|  0%| F|  |TAMS 0x0000000083c00000| PB 0x0000000083c00000| Untracked 
|  61|0x0000000083d00000, 0x0000000083d00000, 0x0000000083e00000|  0%| F|  |TAMS 0x0000000083d00000| PB 0x0000000083d00000| Untracked 
|  62|0x0000000083e00000, 0x0000000083e00000, 0x0000000083f00000|  0%| F|  |TAMS 0x0000000083e00000| PB 0x0000000083e00000| Untracked 
|  63|0x0000000083f00000, 0x0000000083f00000, 0x0000000084000000|  0%| F|  |TAMS 0x0000000083f00000| PB 0x0000000083f00000| Untracked 
|  64|0x0000000084000000, 0x0000000084000000, 0x0000000084100000|  0%| F|  |TAMS 0x0000000084000000| PB 0x0000000084000000| Untracked 
|  65|0x0000000084100000, 0x0000000084100000, 0x0000000084200000|  0%| F|  |TAMS 0x0000000084100000| PB 0x0000000084100000| Untracked 
|  66|0x0000000084200000, 0x0000000084200000, 0x0000000084300000|  0%| F|  |TAMS 0x0000000084200000| PB 0x0000000084200000| Untracked 
|  67|0x0000000084300000, 0x0000000084300000, 0x0000000084400000|  0%| F|  |TAMS 0x0000000084300000| PB 0x0000000084300000| Untracked 
|  68|0x0000000084400000, 0x0000000084400000, 0x0000000084500000|  0%| F|  |TAMS 0x0000000084400000| PB 0x0000000084400000| Untracked 
|  69|0x0000000084500000, 0x0000000084500000, 0x0000000084600000|  0%| F|  |TAMS 0x0000000084500000| PB 0x0000000084500000| Untracked 
|  70|0x0000000084600000, 0x0000000084600000, 0x0000000084700000|  0%| F|  |TAMS 0x0000000084600000| PB 0x0000000084600000| Untracked 
|  71|0x0000000084700000, 0x0000000084700000, 0x0000000084800000|  0%| F|  |TAMS 0x0000000084700000| PB 0x0000000084700000| Untracked 
|  72|0x0000000084800000, 0x0000000084800000, 0x0000000084900000|  0%| F|  |TAMS 0x0000000084800000| PB 0x0000000084800000| Untracked 
|  73|0x0000000084900000, 0x0000000084900000, 0x0000000084a00000|  0%| F|  |TAMS 0x0000000084900000| PB 0x0000000084900000| Untracked 
|  74|0x0000000084a00000, 0x0000000084b00000, 0x0000000084b00000|100%| S|CS|TAMS 0x0000000084a00000| PB 0x0000000084a00000| Complete 
|  75|0x0000000084b00000, 0x0000000084c00000, 0x0000000084c00000|100%| S|CS|TAMS 0x0000000084b00000| PB 0x0000000084b00000| Complete 
|  76|0x0000000084c00000, 0x0000000084d00000, 0x0000000084d00000|100%| S|CS|TAMS 0x0000000084c00000| PB 0x0000000084c00000| Complete 
|  77|0x0000000084d00000, 0x0000000084e00000, 0x0000000084e00000|100%| S|CS|TAMS 0x0000000084d00000| PB 0x0000000084d00000| Complete 
|  78|0x0000000084e00000, 0x0000000084f00000, 0x0000000084f00000|100%| S|CS|TAMS 0x0000000084e00000| PB 0x0000000084e00000| Complete 
|  79|0x0000000084f00000, 0x0000000085000000, 0x0000000085000000|100%| S|CS|TAMS 0x0000000084f00000| PB 0x0000000084f00000| Complete 
|  80|0x0000000085000000, 0x0000000085000000, 0x0000000085100000|  0%| F|  |TAMS 0x0000000085000000| PB 0x0000000085000000| Untracked 
|  81|0x0000000085100000, 0x0000000085100000, 0x0000000085200000|  0%| F|  |TAMS 0x0000000085100000| PB 0x0000000085100000| Untracked 
|  82|0x0000000085200000, 0x0000000085200000, 0x0000000085300000|  0%| F|  |TAMS 0x0000000085200000| PB 0x0000000085200000| Untracked 
|  83|0x0000000085300000, 0x0000000085300000, 0x0000000085400000|  0%| F|  |TAMS 0x0000000085300000| PB 0x0000000085300000| Untracked 
|  84|0x0000000085400000, 0x0000000085400000, 0x0000000085500000|  0%| F|  |TAMS 0x0000000085400000| PB 0x0000000085400000| Untracked 
|  85|0x0000000085500000, 0x0000000085500000, 0x0000000085600000|  0%| F|  |TAMS 0x0000000085500000| PB 0x0000000085500000| Untracked 
|  86|0x0000000085600000, 0x0000000085600000, 0x0000000085700000|  0%| F|  |TAMS 0x0000000085600000| PB 0x0000000085600000| Untracked 
|  87|0x0000000085700000, 0x0000000085700000, 0x0000000085800000|  0%| F|  |TAMS 0x0000000085700000| PB 0x0000000085700000| Untracked 
|  88|0x0000000085800000, 0x0000000085800000, 0x0000000085900000|  0%| F|  |TAMS 0x0000000085800000| PB 0x0000000085800000| Untracked 
|  89|0x0000000085900000, 0x0000000085900000, 0x0000000085a00000|  0%| F|  |TAMS 0x0000000085900000| PB 0x0000000085900000| Untracked 
|  90|0x0000000085a00000, 0x0000000085a00000, 0x0000000085b00000|  0%| F|  |TAMS 0x0000000085a00000| PB 0x0000000085a00000| Untracked 
|  91|0x0000000085b00000, 0x0000000085b00000, 0x0000000085c00000|  0%| F|  |TAMS 0x0000000085b00000| PB 0x0000000085b00000| Untracked 
|  92|0x0000000085c00000, 0x0000000085c00000, 0x0000000085d00000|  0%| F|  |TAMS 0x0000000085c00000| PB 0x0000000085c00000| Untracked 
|  93|0x0000000085d00000, 0x0000000085d00000, 0x0000000085e00000|  0%| F|  |TAMS 0x0000000085d00000| PB 0x0000000085d00000| Untracked 
|  94|0x0000000085e00000, 0x0000000085e00000, 0x0000000085f00000|  0%| F|  |TAMS 0x0000000085e00000| PB 0x0000000085e00000| Untracked 
|  95|0x0000000085f00000, 0x0000000085f00000, 0x0000000086000000|  0%| F|  |TAMS 0x0000000085f00000| PB 0x0000000085f00000| Untracked 
|  96|0x0000000086000000, 0x0000000086000000, 0x0000000086100000|  0%| F|  |TAMS 0x0000000086000000| PB 0x0000000086000000| Untracked 
|  97|0x0000000086100000, 0x0000000086100000, 0x0000000086200000|  0%| F|  |TAMS 0x0000000086100000| PB 0x0000000086100000| Untracked 
|  98|0x0000000086200000, 0x0000000086200000, 0x0000000086300000|  0%| F|  |TAMS 0x0000000086200000| PB 0x0000000086200000| Untracked 
|  99|0x0000000086300000, 0x0000000086300000, 0x0000000086400000|  0%| F|  |TAMS 0x0000000086300000| PB 0x0000000086300000| Untracked 
| 100|0x0000000086400000, 0x0000000086400000, 0x0000000086500000|  0%| F|  |TAMS 0x0000000086400000| PB 0x0000000086400000| Untracked 
| 101|0x0000000086500000, 0x0000000086500000, 0x0000000086600000|  0%| F|  |TAMS 0x0000000086500000| PB 0x0000000086500000| Untracked 
| 102|0x0000000086600000, 0x0000000086600000, 0x0000000086700000|  0%| F|  |TAMS 0x0000000086600000| PB 0x0000000086600000| Untracked 
| 103|0x0000000086700000, 0x0000000086700000, 0x0000000086800000|  0%| F|  |TAMS 0x0000000086700000| PB 0x0000000086700000| Untracked 
| 104|0x0000000086800000, 0x0000000086800000, 0x0000000086900000|  0%| F|  |TAMS 0x0000000086800000| PB 0x0000000086800000| Untracked 
| 105|0x0000000086900000, 0x0000000086900000, 0x0000000086a00000|  0%| F|  |TAMS 0x0000000086900000| PB 0x0000000086900000| Untracked 
| 106|0x0000000086a00000, 0x0000000086a00000, 0x0000000086b00000|  0%| F|  |TAMS 0x0000000086a00000| PB 0x0000000086a00000| Untracked 
| 107|0x0000000086b00000, 0x0000000086b00000, 0x0000000086c00000|  0%| F|  |TAMS 0x0000000086b00000| PB 0x0000000086b00000| Untracked 
| 108|0x0000000086c00000, 0x0000000086c00000, 0x0000000086d00000|  0%| F|  |TAMS 0x0000000086c00000| PB 0x0000000086c00000| Untracked 
| 109|0x0000000086d00000, 0x0000000086d00000, 0x0000000086e00000|  0%| F|  |TAMS 0x0000000086d00000| PB 0x0000000086d00000| Untracked 
| 110|0x0000000086e00000, 0x0000000086e00000, 0x0000000086f00000|  0%| F|  |TAMS 0x0000000086e00000| PB 0x0000000086e00000| Untracked 
| 111|0x0000000086f00000, 0x0000000086f00000, 0x0000000087000000|  0%| F|  |TAMS 0x0000000086f00000| PB 0x0000000086f00000| Untracked 
| 112|0x0000000087000000, 0x0000000087000000, 0x0000000087100000|  0%| F|  |TAMS 0x0000000087000000| PB 0x0000000087000000| Untracked 
| 113|0x0000000087100000, 0x0000000087100000, 0x0000000087200000|  0%| F|  |TAMS 0x0000000087100000| PB 0x0000000087100000| Untracked 
| 114|0x0000000087200000, 0x0000000087200000, 0x0000000087300000|  0%| F|  |TAMS 0x0000000087200000| PB 0x0000000087200000| Untracked 
| 115|0x0000000087300000, 0x0000000087300000, 0x0000000087400000|  0%| F|  |TAMS 0x0000000087300000| PB 0x0000000087300000| Untracked 
| 116|0x0000000087400000, 0x0000000087400000, 0x0000000087500000|  0%| F|  |TAMS 0x0000000087400000| PB 0x0000000087400000| Untracked 
| 117|0x0000000087500000, 0x0000000087500000, 0x0000000087600000|  0%| F|  |TAMS 0x0000000087500000| PB 0x0000000087500000| Untracked 
| 118|0x0000000087600000, 0x0000000087600000, 0x0000000087700000|  0%| F|  |TAMS 0x0000000087600000| PB 0x0000000087600000| Untracked 
| 119|0x0000000087700000, 0x0000000087700000, 0x0000000087800000|  0%| F|  |TAMS 0x0000000087700000| PB 0x0000000087700000| Untracked 
| 120|0x0000000087800000, 0x0000000087800000, 0x0000000087900000|  0%| F|  |TAMS 0x0000000087800000| PB 0x0000000087800000| Untracked 
| 121|0x0000000087900000, 0x0000000087900000, 0x0000000087a00000|  0%| F|  |TAMS 0x0000000087900000| PB 0x0000000087900000| Untracked 
| 122|0x0000000087a00000, 0x0000000087a00000, 0x0000000087b00000|  0%| F|  |TAMS 0x0000000087a00000| PB 0x0000000087a00000| Untracked 
| 123|0x0000000087b00000, 0x0000000087b00000, 0x0000000087c00000|  0%| F|  |TAMS 0x0000000087b00000| PB 0x0000000087b00000| Untracked 
| 124|0x0000000087c00000, 0x0000000087c00000, 0x0000000087d00000|  0%| F|  |TAMS 0x0000000087c00000| PB 0x0000000087c00000| Untracked 
| 125|0x0000000087d00000, 0x0000000087d00000, 0x0000000087e00000|  0%| F|  |TAMS 0x0000000087d00000| PB 0x0000000087d00000| Untracked 
| 126|0x0000000087e00000, 0x0000000087e00000, 0x0000000087f00000|  0%| F|  |TAMS 0x0000000087e00000| PB 0x0000000087e00000| Untracked 
| 127|0x0000000087f00000, 0x0000000087f00000, 0x0000000088000000|  0%| F|  |TAMS 0x0000000087f00000| PB 0x0000000087f00000| Untracked 

Card table byte_map: [0x000001bf1cbc0000,0x000001bf1cfc0000] _byte_map_base: 0x000001bf1c7c0000

Marking Bits: (CMBitMap*) 0x000001bf09084db0
 Bits: [0x000001bf1cfc0000, 0x000001bf1efc0000)

Polling page: 0x000001bf071b0000

Metaspace:

Usage:
  Non-class:     40.25 MB used.
      Class:      4.88 MB used.
       Both:     45.14 MB used.

Virtual space:
  Non-class space:       64.00 MB reserved,      40.50 MB ( 63%) committed,  1 nodes.
      Class space:        1.00 GB reserved,       5.12 MB ( <1%) committed,  1 nodes.
             Both:        1.06 GB reserved,      45.62 MB (  4%) committed. 

Chunk freelists:
   Non-Class:  6.84 MB
       Class:  10.73 MB
        Both:  17.58 MB

MaxMetaspaceSize: unlimited
CompressedClassSpaceSize: 1.00 GB
Initial GC threshold: 21.00 MB
Current GC threshold: 59.19 MB
CDS: off
 - commit_granule_bytes: 65536.
 - commit_granule_words: 8192.
 - virtual_space_node_default_size: 8388608.
 - enlarge_chunks_in_place: 1.
 - use_allocation_guard: 0.


Internal statistics:

num_allocs_failed_limit: 6.
num_arena_births: 576.
num_arena_deaths: 0.
num_vsnodes_births: 2.
num_vsnodes_deaths: 0.
num_space_committed: 730.
num_space_uncommitted: 0.
num_chunks_returned_to_freelist: 6.
num_chunks_taken_from_freelist: 1804.
num_chunk_merges: 3.
num_chunk_splits: 1157.
num_chunks_enlarged: 755.
num_inconsistent_stats: 0.

CodeHeap 'non-profiled nmethods': size=119168Kb used=1390Kb max_used=1390Kb free=117777Kb
 bounds [0x000001bf14ae0000, 0x000001bf14d50000, 0x000001bf1bf40000]
CodeHeap 'profiled nmethods': size=119104Kb used=7725Kb max_used=7725Kb free=111378Kb
 bounds [0x000001bf0cf40000, 0x000001bf0d6d0000, 0x000001bf14390000]
CodeHeap 'non-nmethods': size=7488Kb used=3471Kb max_used=3510Kb free=4016Kb
 bounds [0x000001bf14390000, 0x000001bf14710000, 0x000001bf14ae0000]
 total_blobs=4765 nmethods=3972 adapters=694
 compilation: enabled
              stopped_count=0, restarted_count=0
 full_count=0

Compilation events (20 events):
Event: 3.219 Thread 0x000001bf22a18d20 4235       2       com.oracle.truffle.polyglot.PolyglotContextImpl$State::isClosed (44 bytes)
Event: 3.219 Thread 0x000001bf221acf40 nmethod 4233 0x000001bf0d6c8790 code [0x000001bf0d6c8920, 0x000001bf0d6c8a30]
Event: 3.219 Thread 0x000001bf221acf40 4236       2       com.oracle.truffle.api.impl.FrameWithoutBoxing::<init> (195 bytes)
Event: 3.219 Thread 0x000001bf22a18d20 nmethod 4235 0x000001bf0d6c8b10 code [0x000001bf0d6c8cc0, 0x000001bf0d6c8e48]
Event: 3.219 Thread 0x000001bf22a18d20 4237       2       com.oracle.truffle.api.frame.FrameDescriptor::getNumberOfSlots (6 bytes)
Event: 3.219 Thread 0x000001bf216bcde0 nmethod 4234 0x000001bf0d6c8f10 code [0x000001bf0d6c90e0, 0x000001bf0d6c9298]
Event: 3.219 Thread 0x000001bf22a17e60 nmethod 4232 0x000001bf0d6c9390 code [0x000001bf0d6c9540, 0x000001bf0d6c9698]
Event: 3.219 Thread 0x000001bf22a18d20 nmethod 4237 0x000001bf0d6c9790 code [0x000001bf0d6c9920, 0x000001bf0d6c9a30]
Event: 3.219 Thread 0x000001bf22a17e60 4238       2       com.oracle.js.parser.ir.LiteralNode$StringLiteralNode::getPropertyName (11 bytes)
Event: 3.219 Thread 0x000001bf22a18d20 4239       2       com.oracle.truffle.polyglot.PolyglotFastThreadLocals::getLanguageContext (78 bytes)
Event: 3.220 Thread 0x000001bf216bcde0 4240       2       com.oracle.truffle.regex.charset.ImmutableSortedListOfIntRanges::setRange (15 bytes)
Event: 3.220 Thread 0x000001bf22a17e60 nmethod 4238 0x000001bf0d6c9b10 code [0x000001bf0d6c9cc0, 0x000001bf0d6c9e28]
Event: 3.220 Thread 0x000001bf22a18d20 nmethod 4239 0x000001bf0d6c9f10 code [0x000001bf0d6ca0c0, 0x000001bf0d6ca1d8]
Event: 3.220 Thread 0x000001bf216bcde0 nmethod 4240 0x000001bf0d6ca290 code [0x000001bf0d6ca420, 0x000001bf0d6ca558]
Event: 3.220 Thread 0x000001bf221acf40 nmethod 4236 0x000001bf0d6ca690 code [0x000001bf0d6ca880, 0x000001bf0d6cb090]
Event: 3.221 Thread 0x000001bf221acf40 4241       2       com.oracle.truffle.polyglot.PolyglotContextConfig::isAccessPermitted (139 bytes)
Event: 3.221 Thread 0x000001bf22a18d20 4242       2       com.oracle.truffle.regex.charset.CodePointSet::checkConstants (157 bytes)
Event: 3.221 Thread 0x000001bf216bcde0 4243   !   2       com.oracle.truffle.api.impl.DefaultCallTarget::callDirectOrIndirect (99 bytes)
Event: 3.221 Thread 0x000001bf22a17e60 4244       2       com.oracle.truffle.api.impl.DefaultTruffleRuntime::popFrame (6 bytes)
Event: 3.221 Thread 0x000001bf22a17e60 nmethod 4244 0x000001bf0d6cb410 code [0x000001bf0d6cb5c0, 0x000001bf0d6cb6f8]

GC Heap History (11 events):
Event: 1.297 GC heap before
{Heap before GC invocations=0 (full 0):
 garbage-first heap   total 131072K, used 28672K [0x0000000080000000, 0x0000000100000000)
  region size 1024K, 23 young (23552K), 0 survivors (0K)
 Metaspace       used 15566K, committed 15744K, reserved 1114112K
  class space    used 1459K, committed 1536K, reserved 1048576K
}
Event: 1.304 GC heap after
{Heap after GC invocations=1 (full 0):
 garbage-first heap   total 131072K, used 10482K [0x0000000080000000, 0x0000000100000000)
  region size 1024K, 3 young (3072K), 3 survivors (3072K)
 Metaspace       used 15566K, committed 15744K, reserved 1114112K
  class space    used 1459K, committed 1536K, reserved 1048576K
}
Event: 1.516 GC heap before
{Heap before GC invocations=1 (full 0):
 garbage-first heap   total 131072K, used 21746K [0x0000000080000000, 0x0000000100000000)
  region size 1024K, 16 young (16384K), 3 survivors (3072K)
 Metaspace       used 21311K, committed 21504K, reserved 1114112K
  class space    used 2008K, committed 2112K, reserved 1048576K
}
Event: 1.521 GC heap after
{Heap after GC invocations=2 (full 0):
 garbage-first heap   total 131072K, used 12096K [0x0000000080000000, 0x0000000100000000)
  region size 1024K, 2 young (2048K), 2 survivors (2048K)
 Metaspace       used 21311K, committed 21504K, reserved 1114112K
  class space    used 2008K, committed 2112K, reserved 1048576K
}
Event: 2.238 GC heap before
{Heap before GC invocations=3 (full 0):
 garbage-first heap   total 131072K, used 52032K [0x0000000080000000, 0x0000000100000000)
  region size 1024K, 43 young (44032K), 2 survivors (2048K)
 Metaspace       used 35770K, committed 36160K, reserved 1114112K
  class space    used 3837K, committed 4032K, reserved 1048576K
}
Event: 2.247 GC heap after
{Heap after GC invocations=4 (full 0):
 garbage-first heap   total 131072K, used 16347K [0x0000000080000000, 0x0000000100000000)
  region size 1024K, 6 young (6144K), 6 survivors (6144K)
 Metaspace       used 35770K, committed 36160K, reserved 1114112K
  class space    used 3837K, committed 4032K, reserved 1048576K
}
Event: 3.006 GC heap before
{Heap before GC invocations=5 (full 0):
 garbage-first heap   total 131072K, used 99291K [0x0000000080000000, 0x0000000100000000)
  region size 1024K, 76 young (77824K), 6 survivors (6144K)
 Metaspace       used 45737K, committed 46144K, reserved 1114112K
  class space    used 4955K, committed 5120K, reserved 1048576K
}
Event: 3.046 GC heap after
{Heap after GC invocations=6 (full 0):
 garbage-first heap   total 131072K, used 42361K [0x0000000080000000, 0x0000000100000000)
  region size 1024K, 10 young (10240K), 10 survivors (10240K)
 Metaspace       used 45737K, committed 46144K, reserved 1114112K
  class space    used 4955K, committed 5120K, reserved 1048576K
}
Event: 3.048 GC heap before
{Heap before GC invocations=6 (full 0):
 garbage-first heap   total 131072K, used 43385K [0x0000000080000000, 0x0000000100000000)
  region size 1024K, 11 young (11264K), 10 survivors (10240K)
 Metaspace       used 45771K, committed 46144K, reserved 1114112K
  class space    used 4962K, committed 5120K, reserved 1048576K
}
Event: 3.065 GC heap after
{Heap after GC invocations=7 (full 0):
 garbage-first heap   total 131072K, used 44468K [0x0000000080000000, 0x0000000100000000)
  region size 1024K, 2 young (2048K), 2 survivors (2048K)
 Metaspace       used 45771K, committed 46144K, reserved 1114112K
  class space    used 4962K, committed 5120K, reserved 1048576K
}
Event: 3.221 GC heap before
{Heap before GC invocations=7 (full 0):
 garbage-first heap   total 131072K, used 91572K [0x0000000080000000, 0x0000000100000000)
  region size 1024K, 48 young (49152K), 2 survivors (2048K)
 Metaspace       used 46219K, committed 46720K, reserved 1114112K
  class space    used 5000K, committed 5248K, reserved 1048576K
}

Dll operation events (2 events):
Event: 0.033 Loaded shared library C:\Users\ADMIN\IntelliJ IDEA 2024.2.1\jbr\bin\java.dll
Event: 0.040 Loaded shared library C:\Users\ADMIN\IntelliJ IDEA 2024.2.1\jbr\bin\zip.dll

Deoptimization events (20 events):
Event: 3.161 Thread 0x000001bf22ba0b00 Uncommon trap: trap_request=0xffffff45 fr.pc=0x000001bf14b9f358 relative=0x0000000000000878
Event: 3.161 Thread 0x000001bf22ba0b00 Uncommon trap: reason=unstable_if action=reinterpret pc=0x000001bf14b9f358 method=java.util.HashMap.putVal(ILjava/lang/Object;Ljava/lang/Object;ZZ)Ljava/lang/Object; @ 94 c2
Event: 3.161 Thread 0x000001bf22ba0b00 DEOPT PACKING pc=0x000001bf14b9f358 sp=0x000000a34f0faf90
Event: 3.161 Thread 0x000001bf22ba0b00 DEOPT UNPACKING pc=0x000001bf143e46a2 sp=0x000000a34f0faf28 mode 2
Event: 3.169 Thread 0x000001bf28575dd0 DEOPT PACKING pc=0x000001bf0d693ac8 sp=0x000000a3505fd5c0
Event: 3.169 Thread 0x000001bf28575dd0 DEOPT UNPACKING pc=0x000001bf143e4e42 sp=0x000000a3505fca58 mode 0
Event: 3.182 Thread 0x000001bf28575dd0 DEOPT PACKING pc=0x000001bf0d691d10 sp=0x000000a3505fd640
Event: 3.182 Thread 0x000001bf28575dd0 DEOPT UNPACKING pc=0x000001bf143e4e42 sp=0x000000a3505fcae0 mode 0
Event: 3.207 Thread 0x000001bf22bb9f40 Uncommon trap: trap_request=0xffffff45 fr.pc=0x000001bf14c1452c relative=0x000000000000082c
Event: 3.207 Thread 0x000001bf22bb9f40 Uncommon trap: reason=unstable_if action=reinterpret pc=0x000001bf14c1452c method=com.oracle.js.parser.TokenType.isOperator(Z)Z @ 18 c2
Event: 3.207 Thread 0x000001bf22bb9f40 DEOPT PACKING pc=0x000001bf14c1452c sp=0x000000a34f1fb270
Event: 3.207 Thread 0x000001bf22bb9f40 DEOPT UNPACKING pc=0x000001bf143e46a2 sp=0x000000a34f1fb1c8 mode 2
Event: 3.209 Thread 0x000001bf22bb9f40 Uncommon trap: trap_request=0xffffff45 fr.pc=0x000001bf14c1e21c relative=0x00000000000008dc
Event: 3.209 Thread 0x000001bf22bb9f40 Uncommon trap: reason=unstable_if action=reinterpret pc=0x000001bf14c1e21c method=com.oracle.js.parser.AbstractParser.getIdent()Lcom/oracle/js/parser/ir/IdentNode; @ 12 c2
Event: 3.209 Thread 0x000001bf22bb9f40 DEOPT PACKING pc=0x000001bf14c1e21c sp=0x000000a34f1fbec0
Event: 3.209 Thread 0x000001bf22bb9f40 DEOPT UNPACKING pc=0x000001bf143e46a2 sp=0x000000a34f1fbea8 mode 2
Event: 3.209 Thread 0x000001bf22bb9f40 Uncommon trap: trap_request=0xffffff45 fr.pc=0x000001bf14c2e8d8 relative=0x0000000000000d58
Event: 3.209 Thread 0x000001bf22bb9f40 Uncommon trap: reason=unstable_if action=reinterpret pc=0x000001bf14c2e8d8 method=com.oracle.js.parser.Parser.assignmentExpression(ZZZLcom/oracle/js/parser/CoverExpressionError;)Lcom/oracle/js/parser/ir/Expression; @ 254 c2
Event: 3.209 Thread 0x000001bf22bb9f40 DEOPT PACKING pc=0x000001bf14c2e8d8 sp=0x000000a34f1fb6e0
Event: 3.209 Thread 0x000001bf22bb9f40 DEOPT UNPACKING pc=0x000001bf143e46a2 sp=0x000000a34f1fb660 mode 2

Classes loaded (20 events):
Event: 3.084 Loading class sun/security/util/math/intpoly/IntegerPolynomialP521
Event: 3.085 Loading class sun/security/util/math/intpoly/IntegerPolynomialP521 done
Event: 3.085 Loading class sun/security/util/math/intpoly/P384OrderField
Event: 3.085 Loading class sun/security/util/math/intpoly/P384OrderField done
Event: 3.086 Loading class sun/security/util/math/intpoly/P521OrderField
Event: 3.086 Loading class sun/security/util/math/intpoly/P521OrderField done
Event: 3.088 Loading class java/security/interfaces/ECPrivateKey
Event: 3.088 Loading class java/security/interfaces/ECPrivateKey done
Event: 3.089 Loading class sun/security/util/ArrayUtil
Event: 3.089 Loading class sun/security/util/ArrayUtil done
Event: 3.091 Loading class java/util/ImmutableCollections$Map1
Event: 3.091 Loading class java/util/ImmutableCollections$Map1 done
Event: 3.095 Loading class sun/security/util/math/IntegerModuloP$MultiplicativeInverser$Secp256R1
Event: 3.095 Loading class sun/security/util/math/IntegerModuloP$MultiplicativeInverser$Secp256R1 done
Event: 3.202 Loading class sun/security/ssl/KeyShareExtension$CHKeyShareSpec
Event: 3.203 Loading class sun/security/ssl/KeyShareExtension$CHKeyShareSpec done
Event: 3.203 Loading class sun/security/ssl/OutputRecord$T13PaddingHolder
Event: 3.203 Loading class sun/security/ssl/OutputRecord$T13PaddingHolder done
Event: 3.203 Loading class sun/security/ssl/ContentType
Event: 3.203 Loading class sun/security/ssl/ContentType done

Classes unloaded (0 events):
No events

Classes redefined (0 events):
No events

Internal exceptions (20 events):
Event: 2.385 Thread 0x000001bf27548520 Implicit null exception at 0x000001bf14b02720 to 0x000001bf14b02d68
Event: 2.385 Thread 0x000001bf27548520 Implicit null exception at 0x000001bf14afcea0 to 0x000001bf14afd4f0
Event: 2.453 Thread 0x000001bf2754b310 Exception <a 'java/lang/NoSuchMethodError'{0x00000000875ef348}: 'java.lang.Object java.lang.invoke.DirectMethodHandle$Holder.invokeVirtual(java.lang.Object, java.lang.Object, java.lang.Object)'> (0x00000000875ef348) 
thrown [s\src\hotspot\share\interpreter\linkResolver.cpp, line 784]
Event: 2.468 Thread 0x000001bf27548520 Exception <a 'java/lang/NoSuchMethodError'{0x0000000087312bd8}: 'java.lang.Object java.lang.invoke.DirectMethodHandle$Holder.newInvokeSpecial(java.lang.Object, java.lang.Object, java.lang.Object, java.lang.Object, java.lang.Object, java.lang.Object, java.lang.Object, java.lang.Object)'> (0x0000000087312bd8) 
thrown [s\src\hotspot\share\interpreter\linkResolver.cpp, line 784]
Event: 2.475 Thread 0x000001bf27548520 Exception <a 'java/lang/NoSuchMethodError'{0x0000000087331a50}: 'java.lang.Object java.lang.invoke.DirectMethodHandle$Holder.newInvokeSpecial(java.lang.Object, java.lang.Object, java.lang.Object, java.lang.Object, java.lang.Object, java.lang.Object, java.lang.Object)'> (0x0000000087331a50) 
thrown [s\src\hotspot\share\interpreter\linkResolver.cpp, line 784]
Event: 2.476 Thread 0x000001bf27548520 Exception <a 'java/lang/NoSuchMethodError'{0x00000000873fcc10}: 'java.lang.Object java.lang.invoke.DirectMethodHandle$Holder.newInvokeSpecial(java.lang.Object, int, java.lang.Object)'> (0x00000000873fcc10) 
thrown [s\src\hotspot\share\interpreter\linkResolver.cpp, line 784]
Event: 2.486 Thread 0x000001bf27548520 Exception <a 'java/lang/NoSuchMethodError'{0x0000000087215f20}: 'java.lang.Object java.lang.invoke.DirectMethodHandle$Holder.invokeInterface(java.lang.Object, java.lang.Object, java.lang.Object)'> (0x0000000087215f20) 
thrown [s\src\hotspot\share\interpreter\linkResolver.cpp, line 784]
Event: 2.492 Thread 0x000001bf27548520 Exception <a 'java/lang/NoSuchMethodError'{0x000000008722dff8}: 'void java.lang.invoke.DirectMethodHandle$Holder.invokeInterface(java.lang.Object, java.lang.Object)'> (0x000000008722dff8) 
thrown [s\src\hotspot\share\interpreter\linkResolver.cpp, line 784]
Event: 2.508 Thread 0x000001bf28578bc0 Exception <a 'sun/nio/fs/WindowsException'{0x00000000873e2268}> (0x00000000873e2268) 
thrown [s\src\hotspot\share\prims\jni.cpp, line 535]
Event: 2.651 Thread 0x000001bf28575dd0 Exception <a 'java/lang/NoSuchMethodError'{0x0000000086a4a870}: 'void java.lang.invoke.DirectMethodHandle$Holder.invokeVirtual(java.lang.Object, java.lang.Object)'> (0x0000000086a4a870) 
thrown [s\src\hotspot\share\interpreter\linkResolver.cpp, line 784]
Event: 2.879 Thread 0x000001bf28577ea0 Exception <a 'java/lang/NoSuchMethodError'{0x0000000084d7a208}: 'java.lang.Object java.lang.invoke.DirectMethodHandle$Holder.invokeVirtual(java.lang.Object, java.lang.Object, java.lang.Object, java.lang.Object)'> (0x0000000084d7a208) 
thrown [s\src\hotspot\share\interpreter\linkResolver.cpp, line 784]
Event: 2.879 Thread 0x000001bf28577180 Exception <a 'java/lang/NoSuchMethodError'{0x00000000873be130}: 'java.lang.Object java.lang.invoke.DirectMethodHandle$Holder.invokeVirtual(java.lang.Object, java.lang.Object, java.lang.Object, java.lang.Object)'> (0x00000000873be130) 
thrown [s\src\hotspot\share\interpreter\linkResolver.cpp, line 784]
Event: 2.879 Thread 0x000001bf28575dd0 Exception <a 'java/lang/NoSuchMethodError'{0x0000000086252a80}: 'java.lang.Object java.lang.invoke.DirectMethodHandle$Holder.invokeVirtual(java.lang.Object, java.lang.Object, java.lang.Object, java.lang.Object)'> (0x0000000086252a80) 
thrown [s\src\hotspot\share\interpreter\linkResolver.cpp, line 784]
Event: 2.879 Thread 0x000001bf285750b0 Exception <a 'java/lang/NoSuchMethodError'{0x0000000087371f18}: 'java.lang.Object java.lang.invoke.DirectMethodHandle$Holder.invokeVirtual(java.lang.Object, java.lang.Object, java.lang.Object, java.lang.Object)'> (0x0000000087371f18) 
thrown [s\src\hotspot\share\interpreter\linkResolver.cpp, line 784]
Event: 2.879 Thread 0x000001bf28578530 Exception <a 'java/lang/NoSuchMethodError'{0x0000000087389e38}: 'java.lang.Object java.lang.invoke.DirectMethodHandle$Holder.invokeVirtual(java.lang.Object, java.lang.Object, java.lang.Object, java.lang.Object)'> (0x0000000087389e38) 
thrown [s\src\hotspot\share\interpreter\linkResolver.cpp, line 784]
Event: 2.880 Thread 0x000001bf28578bc0 Exception <a 'java/lang/NoSuchMethodError'{0x0000000086c9e6c0}: 'java.lang.Object java.lang.invoke.DirectMethodHandle$Holder.invokeVirtual(java.lang.Object, java.lang.Object, java.lang.Object, java.lang.Object)'> (0x0000000086c9e6c0) 
thrown [s\src\hotspot\share\interpreter\linkResolver.cpp, line 784]
Event: 2.880 Thread 0x000001bf28577ea0 Exception <a 'java/lang/NoSuchMethodError'{0x0000000084b94a50}: 'java.lang.Object java.lang.invoke.Invokers$Holder.invokeExact_MT(java.lang.Object, java.lang.Object, java.lang.Object, java.lang.Object, java.lang.Object)'> (0x0000000084b94a50) 
thrown [s\src\hotspot\share\interpreter\linkResolver.cpp, line 784]
Event: 2.880 Thread 0x000001bf28578530 Exception <a 'java/lang/NoSuchMethodError'{0x0000000087393988}: 'java.lang.Object java.lang.invoke.Invokers$Holder.invokeExact_MT(java.lang.Object, java.lang.Object, java.lang.Object, java.lang.Object, java.lang.Object)'> (0x0000000087393988) 
thrown [s\src\hotspot\share\interpreter\linkResolver.cpp, line 784]
Event: 2.880 Thread 0x000001bf28575dd0 Exception <a 'java/lang/NoSuchMethodError'{0x0000000084bccfd8}: 'java.lang.Object java.lang.invoke.Invokers$Holder.invokeExact_MT(java.lang.Object, java.lang.Object, java.lang.Object, java.lang.Object, java.lang.Object)'> (0x0000000084bccfd8) 
thrown [s\src\hotspot\share\interpreter\linkResolver.cpp, line 784]
Event: 2.881 Thread 0x000001bf285750b0 Exception <a 'java/lang/NoSuchMethodError'{0x0000000084bb3560}: 'java.lang.Object java.lang.invoke.Invokers$Holder.invokeExact_MT(java.lang.Object, java.lang.Object, java.lang.Object, java.lang.Object, java.lang.Object)'> (0x0000000084bb3560) 
thrown [s\src\hotspot\share\interpreter\linkResolver.cpp, line 784]

ZGC Phase Switch (0 events):
No events

VM Operations (20 events):
Event: 2.588 Executing VM operation: HandshakeAllThreads (Deoptimize) done
Event: 2.643 Executing VM operation: HandshakeAllThreads (Deoptimize)
Event: 2.643 Executing VM operation: HandshakeAllThreads (Deoptimize) done
Event: 2.748 Executing VM operation: ICBufferFull
Event: 2.749 Executing VM operation: ICBufferFull done
Event: 2.749 Executing VM operation: ICBufferFull
Event: 2.749 Executing VM operation: ICBufferFull done
Event: 2.802 Executing VM operation: HandshakeAllThreads (Deoptimize)
Event: 2.803 Executing VM operation: HandshakeAllThreads (Deoptimize) done
Event: 2.953 Executing VM operation: HandshakeAllThreads (Deoptimize)
Event: 2.953 Executing VM operation: HandshakeAllThreads (Deoptimize) done
Event: 2.956 Executing VM operation: HandshakeAllThreads (Deoptimize)
Event: 2.957 Executing VM operation: HandshakeAllThreads (Deoptimize) done
Event: 2.967 Executing VM operation: HandshakeAllThreads (Deoptimize)
Event: 2.967 Executing VM operation: HandshakeAllThreads (Deoptimize) done
Event: 3.006 Executing VM operation: G1CollectForAllocation (G1 Evacuation Pause)
Event: 3.046 Executing VM operation: G1CollectForAllocation (G1 Evacuation Pause) done
Event: 3.048 Executing VM operation: G1CollectForAllocation (G1 Evacuation Pause)
Event: 3.065 Executing VM operation: G1CollectForAllocation (G1 Evacuation Pause) done
Event: 3.221 Executing VM operation: G1CollectForAllocation (G1 Evacuation Pause)

Events (20 events):
Event: 2.257 Thread 0x000001bf22111480 flushing nmethod 0x000001bf14b12610
Event: 2.257 Thread 0x000001bf22111480 flushing nmethod 0x000001bf14b0c290
Event: 2.257 Thread 0x000001bf22111480 flushing nmethod 0x000001bf14b0a210
Event: 2.257 Thread 0x000001bf22111480 flushing nmethod 0x000001bf14aea810
Event: 2.257 Thread 0x000001bf22111480 flushing nmethod 0x000001bf14ae9d90
Event: 2.257 Thread 0x000001bf22111480 flushing nmethod 0x000001bf14ae9110
Event: 2.257 Thread 0x000001bf22111480 flushing nmethod 0x000001bf14b06710
Event: 2.257 Thread 0x000001bf22111480 flushing nmethod 0x000001bf14b05790
Event: 2.257 Thread 0x000001bf22111480 flushing nmethod 0x000001bf14afe090
Event: 2.257 Thread 0x000001bf22111480 flushing nmethod 0x000001bf14af7410
Event: 2.257 Thread 0x000001bf22111480 flushing nmethod 0x000001bf14aeed90
Event: 2.257 Thread 0x000001bf22111480 flushing nmethod 0x000001bf14ae0a10
Event: 2.268 Thread 0x000001bf2754b310 Thread added: 0x000001bf2754b310
Event: 2.454 Thread 0x000001bf28575dd0 Thread added: 0x000001bf28575dd0
Event: 2.454 Thread 0x000001bf28577ea0 Thread added: 0x000001bf28577ea0
Event: 2.467 Thread 0x000001bf285750b0 Thread added: 0x000001bf285750b0
Event: 2.468 Thread 0x000001bf28578530 Thread added: 0x000001bf28578530
Event: 2.471 Thread 0x000001bf28577180 Thread added: 0x000001bf28577180
Event: 2.471 Thread 0x000001bf28578bc0 Thread added: 0x000001bf28578bc0
Event: 2.672 Thread 0x000001bf27be5780 Thread added: 0x000001bf27be5780


Dynamic libraries:
0x00007ff7c8d00000 - 0x00007ff7c8d0a000 	C:\Users\ADMIN\IntelliJ IDEA 2024.2.1\jbr\bin\java.exe
0x00007ff8d15a0000 - 0x00007ff8d1807000 	C:\WINDOWS\SYSTEM32\ntdll.dll
0x00007ff8cfc80000 - 0x00007ff8cfd49000 	C:\WINDOWS\System32\KERNEL32.DLL
0x00007ff8cecd0000 - 0x00007ff8cf0bf000 	C:\WINDOWS\System32\KERNELBASE.dll
0x00007ff8ceaf0000 - 0x00007ff8cec3b000 	C:\WINDOWS\System32\ucrtbase.dll
0x00007ff898150000 - 0x00007ff898168000 	C:\Users\ADMIN\IntelliJ IDEA 2024.2.1\jbr\bin\jli.dll
0x00007ff8c3320000 - 0x00007ff8c333b000 	C:\Users\ADMIN\IntelliJ IDEA 2024.2.1\jbr\bin\VCRUNTIME140.dll
0x00007ff8cfec0000 - 0x00007ff8d0085000 	C:\WINDOWS\System32\USER32.dll
0x00007ff8cf250000 - 0x00007ff8cf277000 	C:\WINDOWS\System32\win32u.dll
0x00007ff8b29c0000 - 0x00007ff8b2c53000 	C:\WINDOWS\WinSxS\amd64_microsoft.windows.common-controls_6595b64144ccf1df_6.0.26100.7309_none_3e05feeae336a044\COMCTL32.dll
0x00007ff8cfa80000 - 0x00007ff8cfaab000 	C:\WINDOWS\System32\GDI32.dll
0x00007ff8d0110000 - 0x00007ff8d01b9000 	C:\WINDOWS\System32\msvcrt.dll
0x00007ff8ce7a0000 - 0x00007ff8ce8cc000 	C:\WINDOWS\System32\gdi32full.dll
0x00007ff8cea40000 - 0x00007ff8ceae3000 	C:\WINDOWS\System32\msvcp_win.dll
0x00007ff8cf9d0000 - 0x00007ff8cfa01000 	C:\WINDOWS\System32\IMM32.DLL
0x00007ff8c32f0000 - 0x00007ff8c32fc000 	C:\Users\ADMIN\IntelliJ IDEA 2024.2.1\jbr\bin\vcruntime140_1.dll
0x00007ff88ccd0000 - 0x00007ff88cd5d000 	C:\Users\ADMIN\IntelliJ IDEA 2024.2.1\jbr\bin\msvcp140.dll
0x00007fffd7900000 - 0x00007fffd86b2000 	C:\Users\ADMIN\IntelliJ IDEA 2024.2.1\jbr\bin\server\jvm.dll
0x00007ff8cf340000 - 0x00007ff8cf3f4000 	C:\WINDOWS\System32\ADVAPI32.dll
0x00007ff8cfd50000 - 0x00007ff8cfdf6000 	C:\WINDOWS\System32\sechost.dll
0x00007ff8d0920000 - 0x00007ff8d0a38000 	C:\WINDOWS\System32\RPCRT4.dll
0x00007ff8d1440000 - 0x00007ff8d14b4000 	C:\WINDOWS\System32\WS2_32.dll
0x00007ff8c3060000 - 0x00007ff8c3095000 	C:\WINDOWS\SYSTEM32\WINMM.dll
0x00007ff8ce570000 - 0x00007ff8ce5ce000 	C:\WINDOWS\SYSTEM32\POWRPROF.dll
0x00007ff8bd5f0000 - 0x00007ff8bd5fb000 	C:\WINDOWS\SYSTEM32\VERSION.dll
0x00007ff8ce550000 - 0x00007ff8ce564000 	C:\WINDOWS\SYSTEM32\UMPDC.dll
0x00007ff8cd4a0000 - 0x00007ff8cd4bb000 	C:\WINDOWS\SYSTEM32\kernel.appcore.dll
0x00007ff8c32e0000 - 0x00007ff8c32ea000 	C:\Users\ADMIN\IntelliJ IDEA 2024.2.1\jbr\bin\jimage.dll
0x00007ff8cbd40000 - 0x00007ff8cbf82000 	C:\WINDOWS\SYSTEM32\DBGHELP.DLL
0x00007ff8d0a40000 - 0x00007ff8d0dc5000 	C:\WINDOWS\System32\combase.dll
0x00007ff8cf8f0000 - 0x00007ff8cf9c6000 	C:\WINDOWS\System32\OLEAUT32.dll
0x00007ff8b08e0000 - 0x00007ff8b091c000 	C:\WINDOWS\SYSTEM32\dbgcore.DLL
0x00007ff8ce6f0000 - 0x00007ff8ce795000 	C:\WINDOWS\System32\bcryptPrimitives.dll
0x00007ff8b4910000 - 0x00007ff8b492f000 	C:\Users\ADMIN\IntelliJ IDEA 2024.2.1\jbr\bin\java.dll
0x00007ff8b4050000 - 0x00007ff8b4068000 	C:\Users\ADMIN\IntelliJ IDEA 2024.2.1\jbr\bin\zip.dll
0x00007ff8d01c0000 - 0x00007ff8d0913000 	C:\WINDOWS\System32\SHELL32.dll
0x00007ff8ce8d0000 - 0x00007ff8cea3a000 	C:\WINDOWS\System32\wintypes.dll
0x00007ff8cc2c0000 - 0x00007ff8ccb1e000 	C:\WINDOWS\SYSTEM32\windows.storage.dll
0x00007ff8d0e50000 - 0x00007ff8d0f45000 	C:\WINDOWS\System32\SHCORE.dll
0x00007ff8cfa10000 - 0x00007ff8cfa76000 	C:\WINDOWS\System32\shlwapi.dll
0x00007ff8ce610000 - 0x00007ff8ce639000 	C:\WINDOWS\SYSTEM32\profapi.dll
0x00007ff8a43c0000 - 0x00007ff8a43d0000 	C:\Users\ADMIN\IntelliJ IDEA 2024.2.1\jbr\bin\net.dll
0x00007ff8c7ca0000 - 0x00007ff8c7dc8000 	C:\WINDOWS\SYSTEM32\WINHTTP.dll
0x00007ff8cda10000 - 0x00007ff8cda7b000 	C:\WINDOWS\system32\mswsock.dll
0x00007ff8a43a0000 - 0x00007ff8a43b6000 	C:\Users\ADMIN\IntelliJ IDEA 2024.2.1\jbr\bin\nio.dll
0x00007ff8ccf20000 - 0x00007ff8ccf54000 	C:\WINDOWS\SYSTEM32\IPHLPAPI.DLL
0x00007ff8cfab0000 - 0x00007ff8cfaba000 	C:\WINDOWS\System32\NSI.dll
0x00007ff8cdcd0000 - 0x00007ff8cdceb000 	C:\WINDOWS\SYSTEM32\CRYPTSP.dll
0x00007ff8cd400000 - 0x00007ff8cd43a000 	C:\WINDOWS\system32\rsaenh.dll
0x00007ff8cdac0000 - 0x00007ff8cdaeb000 	C:\WINDOWS\SYSTEM32\USERENV.dll
0x00007ff8ce5e0000 - 0x00007ff8ce60a000 	C:\WINDOWS\SYSTEM32\bcrypt.dll
0x00007ff8cdcf0000 - 0x00007ff8cdcfc000 	C:\WINDOWS\SYSTEM32\CRYPTBASE.dll
0x00007ff8a3f70000 - 0x00007ff8a3f79000 	C:\Users\ADMIN\IntelliJ IDEA 2024.2.1\jbr\bin\extnet.dll
0x00007ff899110000 - 0x00007ff899117000 	C:\Users\ADMIN\IntelliJ IDEA 2024.2.1\jbr\bin\rmi.dll
0x00007ff8c8130000 - 0x00007ff8c814e000 	C:\WINDOWS\SYSTEM32\dhcpcsvc6.DLL
0x00007ff8c80a0000 - 0x00007ff8c80c3000 	C:\WINDOWS\SYSTEM32\dhcpcsvc.DLL
0x00007ff8ccf60000 - 0x00007ff8cd08c000 	C:\WINDOWS\SYSTEM32\DNSAPI.dll
0x00007ff8a3f90000 - 0x00007ff8a3f9e000 	C:\Users\ADMIN\IntelliJ IDEA 2024.2.1\jbr\bin\sunmscapi.dll
0x00007ff8cf0d0000 - 0x00007ff8cf247000 	C:\WINDOWS\System32\CRYPT32.dll
0x00007ff8cdef0000 - 0x00007ff8cdf20000 	C:\WINDOWS\SYSTEM32\ncrypt.dll
0x00007ff8cdea0000 - 0x00007ff8cdedf000 	C:\WINDOWS\SYSTEM32\NTASN1.dll
0x00007ff8a2450000 - 0x00007ff8a2458000 	C:\WINDOWS\system32\wshunix.dll
0x00007ff8c6fc0000 - 0x00007ff8c6fcb000 	C:\Windows\System32\rasadhlp.dll
0x00007ff8c82f0000 - 0x00007ff8c8376000 	C:\WINDOWS\System32\fwpuclnt.dll

dbghelp: loaded successfully - version: 4.0.5 - missing functions: none
symbol engine: initialized successfully - sym options: 0x614 - pdb path: .;C:\Users\ADMIN\IntelliJ IDEA 2024.2.1\jbr\bin;C:\WINDOWS\SYSTEM32;C:\WINDOWS\WinSxS\amd64_microsoft.windows.common-controls_6595b64144ccf1df_6.0.26100.7309_none_3e05feeae336a044;C:\Users\ADMIN\IntelliJ IDEA 2024.2.1\jbr\bin\server

VM Arguments:
jvm_args: -Djava.rmi.server.hostname=127.0.0.1 -Duser.timezone=UTC -Xmx2048m -Xms128m -Djdbc.classpath=C:\Users\ADMIN\IntelliJ IDEA 2024.2.1\plugins\DatabaseTools\lib\jdbc-console.jar;C:\Users\ADMIN\AppData\Roaming\JetBrains\IntelliJIdea2024.2\jdbc-drivers\MongoDB\1.20\mongo-jdbc-standalone-1.20.jar --add-exports=java.desktop/sun.awt=ALL-UNNAMED --add-exports=java.desktop/java.awt.peer=ALL-UNNAMED --add-opens=java.desktop/java.awt=ALL-UNNAMED --add-opens=jdk.unsupported/sun.misc=ALL-UNNAMED --add-opens=java.base/java.nio=ALL-UNNAMED --add-opens=java.base/java.util=ALL-UNNAMED -Dfile.encoding=UTF-8 -Dsun.stdout.encoding=UTF-8 -Dsun.stderr.encoding=UTF-8 
java_command: com.intellij.database.remote.RemoteJdbcServer com.dbschema.MongoJdbcDriver
java_class_path (initial): C:\Users\ADMIN\IntelliJ IDEA 2024.2.1\lib\util_rt.jar;C:\Users\ADMIN\IntelliJ IDEA 2024.2.1\lib\util-8.jar;C:\Users\ADMIN\IntelliJ IDEA 2024.2.1\lib\groovy.jar;C:\Users\ADMIN\IntelliJ IDEA 2024.2.1\plugins\DatabaseTools\lib\jdbc-console.jar;C:\Users\ADMIN\IntelliJ IDEA 2024.2.1\plugins\grid-core-impl\lib\jdbc-console-types.jar;C:\Users\ADMIN\IntelliJ IDEA 2024.2.1\lib\util.jar;C:\Users\ADMIN\IntelliJ IDEA 2024.2.1\lib\bouncy-castle.jar
Launcher Type: SUN_STANDARD

[Global flags]
     intx CICompilerCount                          = 12                                        {product} {ergonomic}
     uint ConcGCThreads                            = 3                                         {product} {ergonomic}
     uint G1ConcRefinementThreads                  = 13                                        {product} {ergonomic}
   size_t G1HeapRegionSize                         = 1048576                                   {product} {ergonomic}
    uintx GCDrainStackTargetSize                   = 64                                        {product} {ergonomic}
   size_t InitialHeapSize                          = 134217728                                 {product} {command line}
   size_t MarkStackSize                            = 4194304                                   {product} {ergonomic}
   size_t MaxHeapSize                              = 2147483648                                {product} {command line}
   size_t MaxNewSize                               = 1287651328                                {product} {ergonomic}
   size_t MinHeapDeltaBytes                        = 1048576                                   {product} {ergonomic}
   size_t MinHeapSize                              = 134217728                                 {product} {command line}
    uintx NonNMethodCodeHeapSize                   = 7602480                                {pd product} {ergonomic}
    uintx NonProfiledCodeHeapSize                  = 122027880                              {pd product} {ergonomic}
    uintx ProfiledCodeHeapSize                     = 122027880                              {pd product} {ergonomic}
    uintx ReservedCodeCacheSize                    = 251658240                              {pd product} {ergonomic}
     bool SegmentedCodeCache                       = true                                      {product} {ergonomic}
   size_t SoftMaxHeapSize                          = 2147483648                             {manageable} {ergonomic}
     bool UseCompressedOops                        = true                           {product lp64_product} {ergonomic}
     bool UseG1GC                                  = true                                      {product} {ergonomic}
     bool UseLargePagesIndividualAllocation        = false                                  {pd product} {ergonomic}

Logging:
Log output configuration:
 #0: stdout all=warning uptime,level,tags foldmultilines=false
 #1: stderr all=off uptime,level,tags foldmultilines=false

Environment Variables:
PATH=C:\WINDOWS\system32;C:\WINDOWS;C:\WINDOWS\System32\Wbem;C:\WINDOWS\System32\WindowsPowerShell\v1.0\;C:\WINDOWS\System32\OpenSSH\;C:\Program Files\Git\cmd;C:\Program Files\Cloudflare\Cloudflare WARP\;C:\Program Files\Docker\Docker\resources\bin;C:\Program Files\MongoDB\Server\8.2\bin;C:\Program Files\mongosh\;C:\Users\ADMIN\AppData\Local\nvm;C:\nvm4w\nodejs;C:\Program Files\MySQL\MySQL Server 8.4\bin;C:\Users\ADMIN\AppData\Local\Programs\Python\Python310\Scripts\;C:\Users\ADMIN\AppData\Local\Programs\Python\Python310\;C:\Users\ADMIN\.local\bin;C:\Users\ADMIN\AppData\Local\Programs\Python\Python312\Scripts\;C:\Users\ADMIN\AppData\Local\Programs\Python\Python312\;C:\Users\ADMIN\AppData\Local\Microsoft\WindowsApps;C:\Users\ADMIN\AppData\Local\GitHubDesktop\bin;C:\Microsoft VS Code\bin;C:\Users\ADMIN\IntelliJ IDEA 2024.2.1\bin;;C:\Program Files\JetBrains\DataGrip 2024.2.2\bin;;C:\php;C:\Program Files\MongoDB\Server\8.2;C:\Program Files\mongosh\;C:\Users\ADMIN\AppData\Local\nvm;C:\nvm4w\nodejs;C:\Users\ADMIN\AppData\Roaming\npm;C:\Program Files\MySQL\MySQL Server 8.4\bin
USERNAME=ADMIN
OS=Windows_NT
PROCESSOR_IDENTIFIER=Intel64 Family 6 Model 186 Stepping 2, GenuineIntel
TMP=C:\Users\ADMIN\AppData\Local\Temp
TEMP=C:\Users\ADMIN\AppData\Local\Temp




Periodic native trim disabled

JNI global refs:
JNI global refs: 31, weak refs: 56

JNI global refs memory usage: 835, weak refs: 833

Process memory usage:
Resident Set Size: 277724K (1% of 16387508K total physical memory with 746264K free physical memory)

OOME stack traces (most recent first):
Classloader memory used:
Loader bootstrap                                                                       : 22262K
Loader com.intellij.database.remote.jdbc.impl.JdbcClassLoader$JdbcClassLoaderImpl      : 20679K
Loader jdk.internal.loader.ClassLoaders$AppClassLoader                                 : 2356K
Loader jdk.internal.loader.ClassLoaders$PlatformClassLoader                            : 843K
Loader jdk.internal.reflect.DelegatingClassLoader                                      : 72480B
Loader com.intellij.database.remote.jdbc.impl.JdbcClassLoader$1                        : 6912B

---------------  S Y S T E M  ---------------

OS:
 Windows 11 , 64 bit Build 26100 (10.0.26100.7309)
OS uptime: 8 days 5:40 hours
Hyper-V role detected

CPU: total 16 (initial active 16) (8 cores per cpu, 2 threads per core) family 6 model 186 stepping 2 microcode 0x410e, cx8, cmov, fxsr, ht, mmx, 3dnowpref, sse, sse2, sse3, ssse3, sse4.1, sse4.2, popcnt, lzcnt, tsc, tscinvbit, avx, avx2, aes, erms, clmul, bmi1, bmi2, adx, sha, fma, vzeroupper, clflush, clflushopt, clwb, hv, serialize, rdtscp, rdpid, fsrm, f16c, cet_ibt, cet_ss
Processor Information for processor 0
  Max Mhz: 2200, Current Mhz: 2200, Mhz Limit: 2200
Processor Information for processor 1
  Max Mhz: 2200, Current Mhz: 2200, Mhz Limit: 2200
Processor Information for processor 2
  Max Mhz: 2200, Current Mhz: 1466, Mhz Limit: 2200
Processor Information for processor 3
  Max Mhz: 2200, Current Mhz: 2200, Mhz Limit: 2200
Processor Information for processor 4
  Max Mhz: 2200, Current Mhz: 1466, Mhz Limit: 2200
Processor Information for processor 5
  Max Mhz: 2200, Current Mhz: 2200, Mhz Limit: 2200
Processor Information for processor 6
  Max Mhz: 2200, Current Mhz: 1466, Mhz Limit: 2200
Processor Information for processor 7
  Max Mhz: 2200, Current Mhz: 2200, Mhz Limit: 2200
Processor Information for processor 8
  Max Mhz: 2200, Current Mhz: 2200, Mhz Limit: 2200
Processor Information for processor 9
  Max Mhz: 2200, Current Mhz: 1512, Mhz Limit: 2200
Processor Information for processor 10
  Max Mhz: 2200, Current Mhz: 1512, Mhz Limit: 2200
Processor Information for processor 11
  Max Mhz: 2200, Current Mhz: 1512, Mhz Limit: 2200
Processor Information for processor 12
  Max Mhz: 2200, Current Mhz: 1512, Mhz Limit: 2200
Processor Information for processor 13
  Max Mhz: 2200, Current Mhz: 1512, Mhz Limit: 2200
Processor Information for processor 14
  Max Mhz: 2200, Current Mhz: 1512, Mhz Limit: 2200
Processor Information for processor 15
  Max Mhz: 2200, Current Mhz: 1512, Mhz Limit: 2200

Memory: 4k page, system-wide physical 16003M (732M free)
TotalPageFile size 41745M (AvailPageFile size 30M)
current process WorkingSet (physical memory assigned to process): 271M, peak: 271M
current process commit charge ("private bytes"): 312M, peak: 565M

vm_info: OpenJDK 64-Bit Server VM (21.0.3+13-b509.11) for windows-amd64 JRE (21.0.3+13-b509.11), built on 2024-08-12 by "builduser" with MS VC++ 16.10 / 16.11 (VS2019)

END.
